10|2017-07-01 10:42:53.2672|FATAL||My.CoachManager.CrossCutting.Logging.Supervision.Logger|AutoMapper.AutoMapperMappingException: Error mapping types.

Mapping types:
PlayerInformationsDto[] -> IEnumerable`1
My.CoachManager.Application.Dtos.Players.PlayerInformationsDto[] -> System.Collections.Generic.IEnumerable`1[[My.CoachManager.Presentation.ViewModels.PlayerViewModel, My.CoachManager.Presentation.ViewModels, Version=1.0.0.0, Culture=neutral, PublicKeyToken=null]] ---> AutoMapper.AutoMapperMappingException: Error mapping types.

Mapping types:
PlayerInformationsDto -> PlayerViewModel
My.CoachManager.Application.Dtos.Players.PlayerInformationsDto -> My.CoachManager.Presentation.ViewModels.PlayerViewModel

Type Map configuration:
PlayerInformationsDto -> PlayerViewModel
My.CoachManager.Application.Dtos.Players.PlayerInformationsDto -> My.CoachManager.Presentation.ViewModels.PlayerViewModel

Property:
Photo ---> AutoMapper.AutoMapperMappingException: Missing type map configuration or unsupported mapping.

Mapping types:
Char -> Byte
System.Char -> System.Byte
   à lambda_method(Closure , Char , Byte , ResolutionContext )
   à AutoMapper.ResolutionContext.Map[TSource,TDestination](TSource source, TDestination destination)
   à lambda_method(Closure , Object , Object , ResolutionContext )
   --- Fin de la trace de la pile d'exception interne ---
   à lambda_method(Closure , Object , Object , ResolutionContext )
   --- Fin de la trace de la pile d'exception interne ---
   à lambda_method(Closure , Object , Object , ResolutionContext )
   à AutoMapper.Mapper.AutoMapper.IMapper.Map[TDestination](Object source)
   à AutoMapper.Mapper.Map[TDestination](Object source)
   à My.CoachManager.Presentation.ViewModels.Mapping.AutoMapperExtension.ToViewModels[TDest](IEnumerable`1 source) dans C:\Users\andre\Documents\Visual Studio 2015\Projects\CoachManager\My.CoachManager.Presentation.ViewModels\Mapping\AutoMapperExtension.cs:ligne 60
   à My.CoachManager.Presentation.ViewModels.Players.PlayersListViewModel.LoadDataCore() dans C:\Users\andre\Documents\Visual Studio 2015\Projects\CoachManager\My.CoachManager.Presentation\ViewModels\Players\PlayersListViewModel.cs:ligne 89
   à My.CoachManager.Presentation.ViewModels.Core.NavigatableViewModel.<LoadData>b__16_0() dans C:\Users\andre\Documents\Visual Studio 2015\Projects\CoachManager\My.CoachManager.Presentation\ViewModels\Core\NavigatableViewModel.cs:ligne 135
   à System.Threading.Tasks.Task.InnerInvoke()
   à System.Threading.Tasks.Task.Execute()
--- Fin de la trace de la pile à partir de l'emplacement précédent au niveau duquel l'exception a été levée ---
   à System.Runtime.CompilerServices.TaskAwaiter.ThrowForNonSuccess(Task task)
   à System.Runtime.CompilerServices.TaskAwaiter.HandleNonSuccessAndDebuggerNotification(Task task)
   à System.Runtime.CompilerServices.TaskAwaiter.GetResult()
   à My.CoachManager.Presentation.Services.MetroDialogService.<ShowProgressMessageAsync>d__9.MoveNext() dans C:\Users\andre\Documents\Visual Studio 2015\Projects\CoachManager\My.CoachManager.Presentation\Services\MetroDialogService.cs:ligne 152
--- Fin de la trace de la pile à partir de l'emplacement précédent au niveau duquel l'exception a été levée ---
   à System.Runtime.CompilerServices.AsyncMethodBuilderCore.<>c.<ThrowAsync>b__6_0(Object state)
   à System.Windows.Threading.ExceptionWrapper.InternalRealCall(Delegate callback, Object args, Int32 numArgs)
   à System.Windows.Threading.ExceptionWrapper.TryCatchWhen(Object source, Delegate callback, Object args, Int32 numArgs, Delegate catchHandler)
10|2017-07-01 10:48:25.1475|FATAL||My.CoachManager.CrossCutting.Logging.Supervision.Logger|System.TimeoutException: Le canal de demande a dépassé le délai imparti en attendant une réponse après 00:01:00. Augmentez la valeur du délai d'attente transmise à l'appel à Request ou augmentez la valeur SendTimeout sur Binding. Le temps alloué à cette opération fait peut-être partie d'un délai d'attente plus long. ---> System.TimeoutException: La requête HTTP à 'http://localhost:62863/Services/PlayerService.svc' a dépassé le délai d'attente alloué de 00:01:00. Le temps alloué à cette opération fait peut-être partie d'un délai d'attente plus long. ---> System.Net.WebException: La demande a été abandonnée : Le délai d'attente de l'opération a expiré..
   à System.Net.HttpWebRequest.GetResponse()
   à System.ServiceModel.Channels.HttpChannelFactory`1.HttpRequestChannel.HttpChannelRequest.WaitForReply(TimeSpan timeout)
   --- Fin de la trace de la pile d'exception interne ---
   à System.ServiceModel.Channels.HttpChannelUtilities.ProcessGetResponseWebException(WebException webException, HttpWebRequest request, HttpAbortReason abortReason)
   à System.ServiceModel.Channels.HttpChannelFactory`1.HttpRequestChannel.HttpChannelRequest.WaitForReply(TimeSpan timeout)
   à System.ServiceModel.Channels.RequestChannel.Request(Message message, TimeSpan timeout)
   --- Fin de la trace de la pile d'exception interne ---

Server stack trace: 
   à System.ServiceModel.Channels.RequestChannel.Request(Message message, TimeSpan timeout)
   à System.ServiceModel.Dispatcher.RequestChannelBinder.Request(Message message, TimeSpan timeout)
   à System.ServiceModel.Channels.ServiceChannel.Call(String action, Boolean oneway, ProxyOperationRuntime operation, Object[] ins, Object[] outs, TimeSpan timeout)
   à System.ServiceModel.Channels.ServiceChannelProxy.InvokeService(IMethodCallMessage methodCall, ProxyOperationRuntime operation)
   à System.ServiceModel.Channels.ServiceChannelProxy.Invoke(IMessage message)

Exception rethrown at [0]: 
   à System.Runtime.Remoting.Proxies.RealProxy.HandleReturnMessage(IMessage reqMsg, IMessage retMsg)
   à System.Runtime.Remoting.Proxies.RealProxy.PrivateInvoke(MessageData& msgData, Int32 type)
   à My.CoachManager.Presentation.ServiceAgent.PlayerServiceReference.IPlayerService.CreatePlayer(PlayerDto playerDto)
   à My.CoachManager.Presentation.ServiceAgent.PlayerServiceReference.PlayerServiceClient.CreatePlayer(PlayerDto playerDto) dans C:\Users\andre\Documents\Visual Studio 2015\Projects\CoachManager\My.CoachManager.Presentation.ServiceAgent\Service References\PlayerServiceReference\Reference.cs:ligne 93
   à My.CoachManager.Presentation.ViewModels.Players.CreatePlayerViewModel.Save() dans C:\Users\andre\Documents\Visual Studio 2015\Projects\CoachManager\My.CoachManager.Presentation\ViewModels\Players\CreatePlayerViewModel.cs:ligne 92
   à My.CoachManager.Presentation.Core.Commands.DelegateCommand.Execute() dans C:\Users\andre\Documents\Visual Studio 2015\Projects\CoachManager\My.CoachManager.Presentation.Core\Commands\DelegateCommand.cs:ligne 79
   à My.CoachManager.Presentation.Core.Commands.DelegateCommand.System.Windows.Input.ICommand.Execute(Object parameter) dans C:\Users\andre\Documents\Visual Studio 2015\Projects\CoachManager\My.CoachManager.Presentation.Core\Commands\DelegateCommand.cs:ligne 94
   à MS.Internal.Commands.CommandHelpers.CriticalExecuteCommandSource(ICommandSource commandSource, Boolean userInitiated)
   à System.Windows.Controls.Primitives.ButtonBase.OnClick()
   à Elysium.Controls.CommandButton.OnClick()
   à System.Windows.Controls.Primitives.ButtonBase.OnMouseLeftButtonUp(MouseButtonEventArgs e)
   à System.Windows.UIElement.OnMouseLeftButtonUpThunk(Object sender, MouseButtonEventArgs e)
   à System.Windows.Input.MouseButtonEventArgs.InvokeEventHandler(Delegate genericHandler, Object genericTarget)
   à System.Windows.RoutedEventArgs.InvokeHandler(Delegate handler, Object target)
   à System.Windows.RoutedEventHandlerInfo.InvokeHandler(Object target, RoutedEventArgs routedEventArgs)
   à System.Windows.EventRoute.InvokeHandlersImpl(Object source, RoutedEventArgs args, Boolean reRaised)
   à System.Windows.UIElement.ReRaiseEventAs(DependencyObject sender, RoutedEventArgs args, RoutedEvent newEvent)
   à System.Windows.UIElement.OnMouseUpThunk(Object sender, MouseButtonEventArgs e)
   à System.Windows.Input.MouseButtonEventArgs.InvokeEventHandler(Delegate genericHandler, Object genericTarget)
   à System.Windows.RoutedEventArgs.InvokeHandler(Delegate handler, Object target)
   à System.Windows.RoutedEventHandlerInfo.InvokeHandler(Object target, RoutedEventArgs routedEventArgs)
   à System.Windows.EventRoute.InvokeHandlersImpl(Object source, RoutedEventArgs args, Boolean reRaised)
   à System.Windows.UIElement.RaiseEventImpl(DependencyObject sender, RoutedEventArgs args)
   à System.Windows.UIElement.RaiseTrustedEvent(RoutedEventArgs args)
   à System.Windows.UIElement.RaiseEvent(RoutedEventArgs args, Boolean trusted)
   à System.Windows.Input.InputManager.ProcessStagingArea()
   à System.Windows.Input.InputManager.ProcessInput(InputEventArgs input)
   à System.Windows.Input.InputProviderSite.ReportInput(InputReport inputReport)
   à System.Windows.Interop.HwndMouseInputProvider.ReportInput(IntPtr hwnd, InputMode mode, Int32 timestamp, RawMouseActions actions, Int32 x, Int32 y, Int32 wheel)
   à System.Windows.Interop.HwndMouseInputProvider.FilterMessage(IntPtr hwnd, WindowMessage msg, IntPtr wParam, IntPtr lParam, Boolean& handled)
   à System.Windows.Interop.HwndSource.InputFilterMessage(IntPtr hwnd, Int32 msg, IntPtr wParam, IntPtr lParam, Boolean& handled)
   à MS.Win32.HwndWrapper.WndProc(IntPtr hwnd, Int32 msg, IntPtr wParam, IntPtr lParam, Boolean& handled)
   à MS.Win32.HwndSubclass.DispatcherCallbackOperation(Object o)
   à System.Windows.Threading.ExceptionWrapper.InternalRealCall(Delegate callback, Object args, Int32 numArgs)
   à System.Windows.Threading.ExceptionWrapper.TryCatchWhen(Object source, Delegate callback, Object args, Int32 numArgs, Delegate catchHandler)
