10|2017-07-03 19:53:51.0111|FATAL||My.CoachManager.CrossCutting.Logging.Supervision.Logger|System.Windows.Markup.XamlParseException: La propriété Set 'System.Windows.Setter.Value' a levé une exception. ---> System.ArgumentException: Le type d'expression n'est pas une valeur Style valide.
   à System.Windows.Setter.set_Value(Object value)
   à System.Windows.Baml2006.WpfSharedBamlSchemaContext.<>c.<Create_BamlProperty_Setter_Value>b__284_0(Object target, Object value)
   à System.Windows.Baml2006.WpfKnownMemberInvoker.SetValue(Object instance, Object value)
   à MS.Internal.Xaml.Runtime.ClrObjectRuntime.SetValue(XamlMember member, Object obj, Object value)
   à MS.Internal.Xaml.Runtime.ClrObjectRuntime.SetValue(Object inst, XamlMember property, Object value)
   --- Fin de la trace de la pile d'exception interne ---
   à System.Windows.Markup.WpfXamlLoader.Load(XamlReader xamlReader, IXamlObjectWriterFactory writerFactory, Boolean skipJournaledProperties, Object rootObject, XamlObjectWriterSettings settings, Uri baseUri)
   à System.Windows.Markup.WpfXamlLoader.LoadDeferredContent(XamlReader xamlReader, IXamlObjectWriterFactory writerFactory, Boolean skipJournaledProperties, Object rootObject, XamlObjectWriterSettings parentSettings, Uri baseUri)
   à System.Windows.ResourceDictionary.CreateObject(KeyRecord key)
   à System.Windows.ResourceDictionary.OnGettingValue(Object key, Object& value, Boolean& canCache)
   à System.Windows.ResourceDictionary.OnGettingValuePrivate(Object key, Object& value, Boolean& canCache)
   à System.Windows.ResourceDictionary.GetValueWithoutLock(Object key, Boolean& canCache)
   à System.Windows.ResourceDictionary.GetValue(Object key, Boolean& canCache)
   à System.Windows.DeferredResourceReference.GetValue(BaseValueSourceInternal valueSource)
   à System.Windows.DependencyPropertyChangedEventArgs.get_NewValue()
   à System.Windows.Controls.Control.OnTemplateChanged(DependencyObject d, DependencyPropertyChangedEventArgs e)
   à System.Windows.DependencyObject.OnPropertyChanged(DependencyPropertyChangedEventArgs e)
   à System.Windows.FrameworkElement.OnPropertyChanged(DependencyPropertyChangedEventArgs e)
   à System.Windows.DependencyObject.NotifyPropertyChange(DependencyPropertyChangedEventArgs args)
   à System.Windows.DependencyObject.UpdateEffectiveValue(EntryIndex entryIndex, DependencyProperty dp, PropertyMetadata metadata, EffectiveValueEntry oldEntry, EffectiveValueEntry& newEntry, Boolean coerceWithDeferredReference, Boolean coerceWithCurrentValue, OperationType operationType)
   à System.Windows.StyleHelper.ApplyStyleOrTemplateValue(FrameworkObject fo, DependencyProperty dp)
   à System.Windows.StyleHelper.InvalidateContainerDependents(DependencyObject container, FrugalStructList`1& exclusionContainerDependents, FrugalStructList`1& oldContainerDependents, FrugalStructList`1& newContainerDependents)
   à System.Windows.StyleHelper.DoStyleInvalidations(FrameworkElement fe, FrameworkContentElement fce, Style oldStyle, Style newStyle)
   à System.Windows.StyleHelper.UpdateStyleCache(FrameworkElement fe, FrameworkContentElement fce, Style oldStyle, Style newStyle, Style& styleCache)
   à System.Windows.FrameworkElement.OnStyleChanged(DependencyObject d, DependencyPropertyChangedEventArgs e)
   à System.Windows.DependencyObject.OnPropertyChanged(DependencyPropertyChangedEventArgs e)
   à System.Windows.FrameworkElement.OnPropertyChanged(DependencyPropertyChangedEventArgs e)
   à System.Windows.DependencyObject.NotifyPropertyChange(DependencyPropertyChangedEventArgs args)
   à System.Windows.DependencyObject.UpdateEffectiveValue(EntryIndex entryIndex, DependencyProperty dp, PropertyMetadata metadata, EffectiveValueEntry oldEntry, EffectiveValueEntry& newEntry, Boolean coerceWithDeferredReference, Boolean coerceWithCurrentValue, OperationType operationType)
   à System.Windows.StyleHelper.ApplyTemplatedParentValue(DependencyObject container, FrameworkObject child, Int32 childIndex, FrugalStructList`1& childRecordFromChildIndex, DependencyProperty dp, FrameworkElementFactory templateRoot)
   à System.Windows.StyleHelper.InvalidatePropertiesOnTemplateNode(DependencyObject container, FrameworkObject child, Int32 childIndex, FrugalStructList`1& childRecordFromChildIndex, Boolean isDetach, FrameworkElementFactory templateRoot)
   à System.Windows.FrameworkTemplate.InvalidatePropertiesOnTemplate(DependencyObject container, Object currentObject)
   à System.Windows.FrameworkTemplate.HandleBeforeProperties(Object createdObject, DependencyObject& rootObject, DependencyObject container, FrameworkElement feContainer, INameScope nameScope)
   à System.Windows.FrameworkTemplate.<>c__DisplayClass45_0.<LoadOptimizedTemplateContent>b__2(Object sender, XamlObjectEventArgs args)
   à System.Xaml.XamlObjectWriter.OnBeforeProperties(Object value)
   à System.Xaml.XamlObjectWriter.Logic_CreateAndAssignToParentStart(ObjectWriterContext ctx)
   à System.Xaml.XamlObjectWriter.WriteStartMember(XamlMember property)
   à System.Xaml.XamlWriter.WriteNode(XamlReader reader)
   à System.Windows.FrameworkTemplate.LoadTemplateXaml(XamlReader templateReader, XamlObjectWriter currentWriter)
   à System.Windows.FrameworkTemplate.LoadTemplateXaml(XamlObjectWriter objectWriter)
   à System.Windows.FrameworkTemplate.LoadOptimizedTemplateContent(DependencyObject container, IComponentConnector componentConnector, IStyleConnector styleConnector, List`1 affectedChildren, UncommonField`1 templatedNonFeChildrenField)
   à System.Windows.FrameworkTemplate.LoadContent(DependencyObject container, List`1 affectedChildren)
   à System.Windows.StyleHelper.ApplyTemplateContent(UncommonField`1 dataField, DependencyObject container, FrameworkElementFactory templateRoot, Int32 lastChildIndex, HybridDictionary childIndexFromChildID, FrameworkTemplate frameworkTemplate)
   à System.Windows.FrameworkTemplate.ApplyTemplateContent(UncommonField`1 templateDataField, FrameworkElement container)
   à System.Windows.FrameworkElement.ApplyTemplate()
   à System.Windows.FrameworkElement.MeasureCore(Size availableSize)
   à System.Windows.UIElement.Measure(Size availableSize)
   à System.Windows.Controls.Grid.MeasureCell(Int32 cell, Boolean forceInfinityV)
   à System.Windows.Controls.Grid.MeasureCellsGroup(Int32 cellsHead, Size referenceSize, Boolean ignoreDesiredSizeU, Boolean forceInfinityV, Boolean& hasDesiredSizeUChanged)
   à System.Windows.Controls.Grid.MeasureOverride(Size constraint)
   à System.Windows.FrameworkElement.MeasureCore(Size availableSize)
   à System.Windows.UIElement.Measure(Size availableSize)
   à System.Windows.Controls.Grid.MeasureCell(Int32 cell, Boolean forceInfinityV)
   à System.Windows.Controls.Grid.MeasureCellsGroup(Int32 cellsHead, Size referenceSize, Boolean ignoreDesiredSizeU, Boolean forceInfinityV, Boolean& hasDesiredSizeUChanged)
   à System.Windows.Controls.Grid.MeasureOverride(Size constraint)
   à System.Windows.FrameworkElement.MeasureCore(Size availableSize)
   à System.Windows.UIElement.Measure(Size availableSize)
   à System.Windows.Controls.Grid.MeasureCell(Int32 cell, Boolean forceInfinityV)
   à System.Windows.Controls.Grid.MeasureCellsGroup(Int32 cellsHead, Size referenceSize, Boolean ignoreDesiredSizeU, Boolean forceInfinityV, Boolean& hasDesiredSizeUChanged)
   à System.Windows.Controls.Grid.MeasureOverride(Size constraint)
   à System.Windows.FrameworkElement.MeasureCore(Size availableSize)
   à System.Windows.UIElement.Measure(Size availableSize)
   à MS.Internal.Helper.MeasureElementWithSingleChild(UIElement element, Size constraint)
   à System.Windows.Controls.ContentPresenter.MeasureOverride(Size constraint)
   à System.Windows.FrameworkElement.MeasureCore(Size availableSize)
   à System.Windows.UIElement.Measure(Size availableSize)
   à MS.Internal.Helper.MeasureElementWithSingleChild(UIElement element, Size constraint)
   à System.Windows.Controls.ScrollContentPresenter.MeasureOverride(Size constraint)
   à System.Windows.FrameworkElement.MeasureCore(Size availableSize)
   à System.Windows.UIElement.Measure(Size availableSize)
   à System.Windows.Controls.Grid.MeasureCell(Int32 cell, Boolean forceInfinityV)
   à System.Windows.Controls.Grid.MeasureCellsGroup(Int32 cellsHead, Size referenceSize, Boolean ignoreDesiredSizeU, Boolean forceInfinityV, Boolean& hasDesiredSizeUChanged)
   à System.Windows.Controls.Grid.MeasureCellsGroup(Int32 cellsHead, Size referenceSize, Boolean ignoreDesiredSizeU, Boolean forceInfinityV)
   à System.Windows.Controls.Grid.MeasureOverride(Size constraint)
   à System.Windows.FrameworkElement.MeasureCore(Size availableSize)
   à System.Windows.UIElement.Measure(Size availableSize)
   à System.Windows.Controls.ScrollViewer.MeasureOverride(Size constraint)
   à System.Windows.FrameworkElement.MeasureCore(Size availableSize)
   à System.Windows.UIElement.Measure(Size availableSize)
   à System.Windows.Controls.Grid.MeasureCell(Int32 cell, Boolean forceInfinityV)
   à System.Windows.Controls.Grid.MeasureCellsGroup(Int32 cellsHead, Size referenceSize, Boolean ignoreDesiredSizeU, Boolean forceInfinityV, Boolean& hasDesiredSizeUChanged)
   à System.Windows.Controls.Grid.MeasureCellsGroup(Int32 cellsHead, Size referenceSize, Boolean ignoreDesiredSizeU, Boolean forceInfinityV)
   à System.Windows.Controls.Grid.MeasureOverride(Size constraint)
   à System.Windows.FrameworkElement.MeasureCore(Size availableSize)
   à System.Windows.UIElement.Measure(Size availableSize)
   à System.Windows.Controls.Control.MeasureOverride(Size constraint)
   à System.Windows.FrameworkElement.MeasureCore(Size availableSize)
   à System.Windows.UIElement.Measure(Size availableSize)
   à MS.Internal.Helper.MeasureElementWithSingleChild(UIElement element, Size constraint)
   à System.Windows.Controls.ContentPresenter.MeasureOverride(Size constraint)
   à System.Windows.FrameworkElement.MeasureCore(Size availableSize)
   à System.Windows.UIElement.Measure(Size availableSize)
   à System.Windows.Controls.StackPanel.StackMeasureHelper(IStackMeasure measureElement, IStackMeasureScrollData scrollData, Size constraint)
   à System.Windows.Controls.StackPanel.MeasureOverride(Size constraint)
   à System.Windows.FrameworkElement.MeasureCore(Size availableSize)
   à System.Windows.UIElement.Measure(Size availableSize)
   à System.Windows.Controls.Border.MeasureOverride(Size constraint)
   à System.Windows.FrameworkElement.MeasureCore(Size availableSize)
   à System.Windows.UIElement.Measure(Size availableSize)
   à System.Windows.Controls.Control.MeasureOverride(Size constraint)
   à System.Windows.FrameworkElement.MeasureCore(Size availableSize)
   à System.Windows.UIElement.Measure(Size availableSize)
   à System.Windows.Controls.Grid.MeasureOverride(Size constraint)
   à System.Windows.FrameworkElement.MeasureCore(Size availableSize)
   à System.Windows.UIElement.Measure(Size availableSize)
   à System.Windows.ContextLayoutManager.UpdateLayout()
   à System.Windows.ContextLayoutManager.UpdateLayoutCallback(Object arg)
   à System.Windows.Media.MediaContext.InvokeOnRenderCallback.DoWork()
   à System.Windows.Media.MediaContext.FireInvokeOnRenderCallbacks()
   à System.Windows.Media.MediaContext.RenderMessageHandlerCore(Object resizedCompositionTarget)
   à System.Windows.Media.MediaContext.RenderMessageHandler(Object resizedCompositionTarget)
   à System.Windows.Threading.ExceptionWrapper.InternalRealCall(Delegate callback, Object args, Int32 numArgs)
   à System.Windows.Threading.ExceptionWrapper.TryCatchWhen(Object source, Delegate callback, Object args, Int32 numArgs, Delegate catchHandler)
10|2017-07-03 19:56:27.4613|FATAL||My.CoachManager.CrossCutting.Logging.Supervision.Logger|System.Windows.Markup.XamlParseException: La propriété Set 'System.Windows.Setter.Value' a levé une exception. ---> System.ArgumentException: Le type d'expression n'est pas une valeur Style valide.
   à System.Windows.Setter.set_Value(Object value)
   à System.Windows.Baml2006.WpfSharedBamlSchemaContext.<>c.<Create_BamlProperty_Setter_Value>b__284_0(Object target, Object value)
   à System.Windows.Baml2006.WpfKnownMemberInvoker.SetValue(Object instance, Object value)
   à MS.Internal.Xaml.Runtime.ClrObjectRuntime.SetValue(XamlMember member, Object obj, Object value)
   à MS.Internal.Xaml.Runtime.ClrObjectRuntime.SetValue(Object inst, XamlMember property, Object value)
   --- Fin de la trace de la pile d'exception interne ---
   à System.Windows.Markup.WpfXamlLoader.Load(XamlReader xamlReader, IXamlObjectWriterFactory writerFactory, Boolean skipJournaledProperties, Object rootObject, XamlObjectWriterSettings settings, Uri baseUri)
   à System.Windows.Markup.WpfXamlLoader.LoadDeferredContent(XamlReader xamlReader, IXamlObjectWriterFactory writerFactory, Boolean skipJournaledProperties, Object rootObject, XamlObjectWriterSettings parentSettings, Uri baseUri)
   à System.Windows.ResourceDictionary.CreateObject(KeyRecord key)
   à System.Windows.ResourceDictionary.OnGettingValue(Object key, Object& value, Boolean& canCache)
   à System.Windows.ResourceDictionary.OnGettingValuePrivate(Object key, Object& value, Boolean& canCache)
   à System.Windows.ResourceDictionary.GetValueWithoutLock(Object key, Boolean& canCache)
   à System.Windows.ResourceDictionary.GetValue(Object key, Boolean& canCache)
   à System.Windows.DeferredResourceReference.GetValue(BaseValueSourceInternal valueSource)
   à System.Windows.DependencyPropertyChangedEventArgs.get_NewValue()
   à System.Windows.Controls.Control.OnTemplateChanged(DependencyObject d, DependencyPropertyChangedEventArgs e)
   à System.Windows.DependencyObject.OnPropertyChanged(DependencyPropertyChangedEventArgs e)
   à System.Windows.FrameworkElement.OnPropertyChanged(DependencyPropertyChangedEventArgs e)
   à System.Windows.DependencyObject.NotifyPropertyChange(DependencyPropertyChangedEventArgs args)
   à System.Windows.DependencyObject.UpdateEffectiveValue(EntryIndex entryIndex, DependencyProperty dp, PropertyMetadata metadata, EffectiveValueEntry oldEntry, EffectiveValueEntry& newEntry, Boolean coerceWithDeferredReference, Boolean coerceWithCurrentValue, OperationType operationType)
   à System.Windows.StyleHelper.ApplyStyleOrTemplateValue(FrameworkObject fo, DependencyProperty dp)
   à System.Windows.StyleHelper.InvalidateContainerDependents(DependencyObject container, FrugalStructList`1& exclusionContainerDependents, FrugalStructList`1& oldContainerDependents, FrugalStructList`1& newContainerDependents)
   à System.Windows.StyleHelper.DoStyleInvalidations(FrameworkElement fe, FrameworkContentElement fce, Style oldStyle, Style newStyle)
   à System.Windows.StyleHelper.UpdateStyleCache(FrameworkElement fe, FrameworkContentElement fce, Style oldStyle, Style newStyle, Style& styleCache)
   à System.Windows.FrameworkElement.OnStyleChanged(DependencyObject d, DependencyPropertyChangedEventArgs e)
   à System.Windows.DependencyObject.OnPropertyChanged(DependencyPropertyChangedEventArgs e)
   à System.Windows.FrameworkElement.OnPropertyChanged(DependencyPropertyChangedEventArgs e)
   à System.Windows.DependencyObject.NotifyPropertyChange(DependencyPropertyChangedEventArgs args)
   à System.Windows.DependencyObject.UpdateEffectiveValue(EntryIndex entryIndex, DependencyProperty dp, PropertyMetadata metadata, EffectiveValueEntry oldEntry, EffectiveValueEntry& newEntry, Boolean coerceWithDeferredReference, Boolean coerceWithCurrentValue, OperationType operationType)
   à System.Windows.FrameworkTemplate.ReceivePropertySet(Object targetObject, XamlMember member, Object value, DependencyObject templatedParent)
   à System.Windows.FrameworkTemplate.<>c__DisplayClass45_0.<LoadOptimizedTemplateContent>b__3(Object sender, XamlSetValueEventArgs setArgs)
   à System.Xaml.XamlObjectWriter.OnSetValue(Object eventSender, XamlMember member, Object value)
   à System.Xaml.XamlObjectWriter.Logic_ApplyPropertyValue(ObjectWriterContext ctx, XamlMember prop, Object value, Boolean onParent)
   à System.Xaml.XamlObjectWriter.Logic_DoAssignmentToParentProperty(ObjectWriterContext ctx)
   à System.Xaml.XamlObjectWriter.Logic_AssignProvidedValue(ObjectWriterContext ctx)
   à System.Xaml.XamlObjectWriter.WriteEndMember()
   à System.Xaml.XamlWriter.WriteNode(XamlReader reader)
   à System.Windows.FrameworkTemplate.LoadTemplateXaml(XamlReader templateReader, XamlObjectWriter currentWriter)
   à System.Windows.FrameworkTemplate.LoadTemplateXaml(XamlObjectWriter objectWriter)
   à System.Windows.FrameworkTemplate.LoadOptimizedTemplateContent(DependencyObject container, IComponentConnector componentConnector, IStyleConnector styleConnector, List`1 affectedChildren, UncommonField`1 templatedNonFeChildrenField)
   à System.Windows.FrameworkTemplate.LoadContent(DependencyObject container, List`1 affectedChildren)
   à System.Windows.StyleHelper.ApplyTemplateContent(UncommonField`1 dataField, DependencyObject container, FrameworkElementFactory templateRoot, Int32 lastChildIndex, HybridDictionary childIndexFromChildID, FrameworkTemplate frameworkTemplate)
   à System.Windows.FrameworkTemplate.ApplyTemplateContent(UncommonField`1 templateDataField, FrameworkElement container)
   à System.Windows.FrameworkElement.ApplyTemplate()
   à System.Windows.FrameworkElement.MeasureCore(Size availableSize)
   à System.Windows.UIElement.Measure(Size availableSize)
   à System.Windows.Controls.Grid.MeasureCell(Int32 cell, Boolean forceInfinityV)
   à System.Windows.Controls.Grid.MeasureCellsGroup(Int32 cellsHead, Size referenceSize, Boolean ignoreDesiredSizeU, Boolean forceInfinityV, Boolean& hasDesiredSizeUChanged)
   à System.Windows.Controls.Grid.MeasureOverride(Size constraint)
   à System.Windows.FrameworkElement.MeasureCore(Size availableSize)
   à System.Windows.UIElement.Measure(Size availableSize)
   à System.Windows.Controls.Grid.MeasureCell(Int32 cell, Boolean forceInfinityV)
   à System.Windows.Controls.Grid.MeasureCellsGroup(Int32 cellsHead, Size referenceSize, Boolean ignoreDesiredSizeU, Boolean forceInfinityV, Boolean& hasDesiredSizeUChanged)
   à System.Windows.Controls.Grid.MeasureOverride(Size constraint)
   à System.Windows.FrameworkElement.MeasureCore(Size availableSize)
   à System.Windows.UIElement.Measure(Size availableSize)
   à System.Windows.Controls.Grid.MeasureCell(Int32 cell, Boolean forceInfinityV)
   à System.Windows.Controls.Grid.MeasureCellsGroup(Int32 cellsHead, Size referenceSize, Boolean ignoreDesiredSizeU, Boolean forceInfinityV, Boolean& hasDesiredSizeUChanged)
   à System.Windows.Controls.Grid.MeasureOverride(Size constraint)
   à System.Windows.FrameworkElement.MeasureCore(Size availableSize)
   à System.Windows.UIElement.Measure(Size availableSize)
   à MS.Internal.Helper.MeasureElementWithSingleChild(UIElement element, Size constraint)
   à System.Windows.Controls.ContentPresenter.MeasureOverride(Size constraint)
   à System.Windows.FrameworkElement.MeasureCore(Size availableSize)
   à System.Windows.UIElement.Measure(Size availableSize)
   à MS.Internal.Helper.MeasureElementWithSingleChild(UIElement element, Size constraint)
   à System.Windows.Controls.ScrollContentPresenter.MeasureOverride(Size constraint)
   à System.Windows.FrameworkElement.MeasureCore(Size availableSize)
   à System.Windows.UIElement.Measure(Size availableSize)
   à System.Windows.Controls.Grid.MeasureCell(Int32 cell, Boolean forceInfinityV)
   à System.Windows.Controls.Grid.MeasureCellsGroup(Int32 cellsHead, Size referenceSize, Boolean ignoreDesiredSizeU, Boolean forceInfinityV, Boolean& hasDesiredSizeUChanged)
   à System.Windows.Controls.Grid.MeasureCellsGroup(Int32 cellsHead, Size referenceSize, Boolean ignoreDesiredSizeU, Boolean forceInfinityV)
   à System.Windows.Controls.Grid.MeasureOverride(Size constraint)
   à System.Windows.FrameworkElement.MeasureCore(Size availableSize)
   à System.Windows.UIElement.Measure(Size availableSize)
   à System.Windows.Controls.ScrollViewer.MeasureOverride(Size constraint)
   à System.Windows.FrameworkElement.MeasureCore(Size availableSize)
   à System.Windows.UIElement.Measure(Size availableSize)
   à System.Windows.Controls.Grid.MeasureCell(Int32 cell, Boolean forceInfinityV)
   à System.Windows.Controls.Grid.MeasureCellsGroup(Int32 cellsHead, Size referenceSize, Boolean ignoreDesiredSizeU, Boolean forceInfinityV, Boolean& hasDesiredSizeUChanged)
   à System.Windows.Controls.Grid.MeasureCellsGroup(Int32 cellsHead, Size referenceSize, Boolean ignoreDesiredSizeU, Boolean forceInfinityV)
   à System.Windows.Controls.Grid.MeasureOverride(Size constraint)
   à System.Windows.FrameworkElement.MeasureCore(Size availableSize)
   à System.Windows.UIElement.Measure(Size availableSize)
   à System.Windows.Controls.Control.MeasureOverride(Size constraint)
   à System.Windows.FrameworkElement.MeasureCore(Size availableSize)
   à System.Windows.UIElement.Measure(Size availableSize)
   à MS.Internal.Helper.MeasureElementWithSingleChild(UIElement element, Size constraint)
   à System.Windows.Controls.ContentPresenter.MeasureOverride(Size constraint)
   à System.Windows.FrameworkElement.MeasureCore(Size availableSize)
   à System.Windows.UIElement.Measure(Size availableSize)
   à System.Windows.Controls.StackPanel.StackMeasureHelper(IStackMeasure measureElement, IStackMeasureScrollData scrollData, Size constraint)
   à System.Windows.Controls.StackPanel.MeasureOverride(Size constraint)
   à System.Windows.FrameworkElement.MeasureCore(Size availableSize)
   à System.Windows.UIElement.Measure(Size availableSize)
   à System.Windows.Controls.Border.MeasureOverride(Size constraint)
   à System.Windows.FrameworkElement.MeasureCore(Size availableSize)
   à System.Windows.UIElement.Measure(Size availableSize)
   à System.Windows.Controls.Control.MeasureOverride(Size constraint)
   à System.Windows.FrameworkElement.MeasureCore(Size availableSize)
   à System.Windows.UIElement.Measure(Size availableSize)
   à System.Windows.Controls.Grid.MeasureOverride(Size constraint)
   à System.Windows.FrameworkElement.MeasureCore(Size availableSize)
   à System.Windows.UIElement.Measure(Size availableSize)
   à System.Windows.ContextLayoutManager.UpdateLayout()
   à System.Windows.ContextLayoutManager.UpdateLayoutCallback(Object arg)
   à System.Windows.Media.MediaContext.InvokeOnRenderCallback.DoWork()
   à System.Windows.Media.MediaContext.FireInvokeOnRenderCallbacks()
   à System.Windows.Media.MediaContext.RenderMessageHandlerCore(Object resizedCompositionTarget)
   à System.Windows.Media.MediaContext.RenderMessageHandler(Object resizedCompositionTarget)
   à System.Windows.Threading.ExceptionWrapper.InternalRealCall(Delegate callback, Object args, Int32 numArgs)
   à System.Windows.Threading.ExceptionWrapper.TryCatchWhen(Object source, Delegate callback, Object args, Int32 numArgs, Delegate catchHandler)
10|2017-07-03 19:58:43.9199|FATAL||My.CoachManager.CrossCutting.Logging.Supervision.Logger|System.Windows.Markup.XamlParseException: La propriété Set 'System.Windows.Setter.Value' a levé une exception. ---> System.ArgumentException: Le type d'expression n'est pas une valeur Style valide.
   à System.Windows.Setter.set_Value(Object value)
   à System.Windows.Baml2006.WpfSharedBamlSchemaContext.<>c.<Create_BamlProperty_Setter_Value>b__284_0(Object target, Object value)
   à System.Windows.Baml2006.WpfKnownMemberInvoker.SetValue(Object instance, Object value)
   à MS.Internal.Xaml.Runtime.ClrObjectRuntime.SetValue(XamlMember member, Object obj, Object value)
   à MS.Internal.Xaml.Runtime.ClrObjectRuntime.SetValue(Object inst, XamlMember property, Object value)
   --- Fin de la trace de la pile d'exception interne ---
   à System.Windows.Markup.WpfXamlLoader.Load(XamlReader xamlReader, IXamlObjectWriterFactory writerFactory, Boolean skipJournaledProperties, Object rootObject, XamlObjectWriterSettings settings, Uri baseUri)
   à System.Windows.Markup.WpfXamlLoader.LoadDeferredContent(XamlReader xamlReader, IXamlObjectWriterFactory writerFactory, Boolean skipJournaledProperties, Object rootObject, XamlObjectWriterSettings parentSettings, Uri baseUri)
   à System.Windows.ResourceDictionary.CreateObject(KeyRecord key)
   à System.Windows.ResourceDictionary.OnGettingValue(Object key, Object& value, Boolean& canCache)
   à System.Windows.ResourceDictionary.OnGettingValuePrivate(Object key, Object& value, Boolean& canCache)
   à System.Windows.ResourceDictionary.GetValueWithoutLock(Object key, Boolean& canCache)
   à System.Windows.ResourceDictionary.GetValue(Object key, Boolean& canCache)
   à System.Windows.DeferredResourceReference.GetValue(BaseValueSourceInternal valueSource)
   à System.Windows.DependencyPropertyChangedEventArgs.get_NewValue()
   à System.Windows.Controls.Control.OnTemplateChanged(DependencyObject d, DependencyPropertyChangedEventArgs e)
   à System.Windows.DependencyObject.OnPropertyChanged(DependencyPropertyChangedEventArgs e)
   à System.Windows.FrameworkElement.OnPropertyChanged(DependencyPropertyChangedEventArgs e)
   à System.Windows.DependencyObject.NotifyPropertyChange(DependencyPropertyChangedEventArgs args)
   à System.Windows.DependencyObject.UpdateEffectiveValue(EntryIndex entryIndex, DependencyProperty dp, PropertyMetadata metadata, EffectiveValueEntry oldEntry, EffectiveValueEntry& newEntry, Boolean coerceWithDeferredReference, Boolean coerceWithCurrentValue, OperationType operationType)
   à System.Windows.StyleHelper.ApplyStyleOrTemplateValue(FrameworkObject fo, DependencyProperty dp)
   à System.Windows.StyleHelper.InvalidateContainerDependents(DependencyObject container, FrugalStructList`1& exclusionContainerDependents, FrugalStructList`1& oldContainerDependents, FrugalStructList`1& newContainerDependents)
   à System.Windows.StyleHelper.DoStyleInvalidations(FrameworkElement fe, FrameworkContentElement fce, Style oldStyle, Style newStyle)
   à System.Windows.StyleHelper.UpdateStyleCache(FrameworkElement fe, FrameworkContentElement fce, Style oldStyle, Style newStyle, Style& styleCache)
   à System.Windows.FrameworkElement.OnStyleChanged(DependencyObject d, DependencyPropertyChangedEventArgs e)
   à System.Windows.DependencyObject.OnPropertyChanged(DependencyPropertyChangedEventArgs e)
   à System.Windows.FrameworkElement.OnPropertyChanged(DependencyPropertyChangedEventArgs e)
   à System.Windows.DependencyObject.NotifyPropertyChange(DependencyPropertyChangedEventArgs args)
   à System.Windows.DependencyObject.UpdateEffectiveValue(EntryIndex entryIndex, DependencyProperty dp, PropertyMetadata metadata, EffectiveValueEntry oldEntry, EffectiveValueEntry& newEntry, Boolean coerceWithDeferredReference, Boolean coerceWithCurrentValue, OperationType operationType)
   à System.Windows.FrameworkTemplate.ReceivePropertySet(Object targetObject, XamlMember member, Object value, DependencyObject templatedParent)
   à System.Windows.FrameworkTemplate.<>c__DisplayClass45_0.<LoadOptimizedTemplateContent>b__3(Object sender, XamlSetValueEventArgs setArgs)
   à System.Xaml.XamlObjectWriter.OnSetValue(Object eventSender, XamlMember member, Object value)
   à System.Xaml.XamlObjectWriter.Logic_ApplyPropertyValue(ObjectWriterContext ctx, XamlMember prop, Object value, Boolean onParent)
   à System.Xaml.XamlObjectWriter.Logic_DoAssignmentToParentProperty(ObjectWriterContext ctx)
   à System.Xaml.XamlObjectWriter.Logic_AssignProvidedValue(ObjectWriterContext ctx)
   à System.Xaml.XamlObjectWriter.WriteEndMember()
   à System.Xaml.XamlWriter.WriteNode(XamlReader reader)
   à System.Windows.FrameworkTemplate.LoadTemplateXaml(XamlReader templateReader, XamlObjectWriter currentWriter)
   à System.Windows.FrameworkTemplate.LoadTemplateXaml(XamlObjectWriter objectWriter)
   à System.Windows.FrameworkTemplate.LoadOptimizedTemplateContent(DependencyObject container, IComponentConnector componentConnector, IStyleConnector styleConnector, List`1 affectedChildren, UncommonField`1 templatedNonFeChildrenField)
   à System.Windows.FrameworkTemplate.LoadContent(DependencyObject container, List`1 affectedChildren)
   à System.Windows.StyleHelper.ApplyTemplateContent(UncommonField`1 dataField, DependencyObject container, FrameworkElementFactory templateRoot, Int32 lastChildIndex, HybridDictionary childIndexFromChildID, FrameworkTemplate frameworkTemplate)
   à System.Windows.FrameworkTemplate.ApplyTemplateContent(UncommonField`1 templateDataField, FrameworkElement container)
   à System.Windows.FrameworkElement.ApplyTemplate()
   à System.Windows.FrameworkElement.MeasureCore(Size availableSize)
   à System.Windows.UIElement.Measure(Size availableSize)
   à System.Windows.Controls.Grid.MeasureCell(Int32 cell, Boolean forceInfinityV)
   à System.Windows.Controls.Grid.MeasureCellsGroup(Int32 cellsHead, Size referenceSize, Boolean ignoreDesiredSizeU, Boolean forceInfinityV, Boolean& hasDesiredSizeUChanged)
   à System.Windows.Controls.Grid.MeasureOverride(Size constraint)
   à System.Windows.FrameworkElement.MeasureCore(Size availableSize)
   à System.Windows.UIElement.Measure(Size availableSize)
   à System.Windows.Controls.Grid.MeasureCell(Int32 cell, Boolean forceInfinityV)
   à System.Windows.Controls.Grid.MeasureCellsGroup(Int32 cellsHead, Size referenceSize, Boolean ignoreDesiredSizeU, Boolean forceInfinityV, Boolean& hasDesiredSizeUChanged)
   à System.Windows.Controls.Grid.MeasureOverride(Size constraint)
   à System.Windows.FrameworkElement.MeasureCore(Size availableSize)
   à System.Windows.UIElement.Measure(Size availableSize)
   à System.Windows.Controls.Grid.MeasureCell(Int32 cell, Boolean forceInfinityV)
   à System.Windows.Controls.Grid.MeasureCellsGroup(Int32 cellsHead, Size referenceSize, Boolean ignoreDesiredSizeU, Boolean forceInfinityV, Boolean& hasDesiredSizeUChanged)
   à System.Windows.Controls.Grid.MeasureOverride(Size constraint)
   à System.Windows.FrameworkElement.MeasureCore(Size availableSize)
   à System.Windows.UIElement.Measure(Size availableSize)
   à MS.Internal.Helper.MeasureElementWithSingleChild(UIElement element, Size constraint)
   à System.Windows.Controls.ContentPresenter.MeasureOverride(Size constraint)
   à System.Windows.FrameworkElement.MeasureCore(Size availableSize)
   à System.Windows.UIElement.Measure(Size availableSize)
   à MS.Internal.Helper.MeasureElementWithSingleChild(UIElement element, Size constraint)
   à System.Windows.Controls.ScrollContentPresenter.MeasureOverride(Size constraint)
   à System.Windows.FrameworkElement.MeasureCore(Size availableSize)
   à System.Windows.UIElement.Measure(Size availableSize)
   à System.Windows.Controls.Grid.MeasureCell(Int32 cell, Boolean forceInfinityV)
   à System.Windows.Controls.Grid.MeasureCellsGroup(Int32 cellsHead, Size referenceSize, Boolean ignoreDesiredSizeU, Boolean forceInfinityV, Boolean& hasDesiredSizeUChanged)
   à System.Windows.Controls.Grid.MeasureCellsGroup(Int32 cellsHead, Size referenceSize, Boolean ignoreDesiredSizeU, Boolean forceInfinityV)
   à System.Windows.Controls.Grid.MeasureOverride(Size constraint)
   à System.Windows.FrameworkElement.MeasureCore(Size availableSize)
   à System.Windows.UIElement.Measure(Size availableSize)
   à System.Windows.Controls.ScrollViewer.MeasureOverride(Size constraint)
   à System.Windows.FrameworkElement.MeasureCore(Size availableSize)
   à System.Windows.UIElement.Measure(Size availableSize)
   à System.Windows.Controls.Grid.MeasureCell(Int32 cell, Boolean forceInfinityV)
   à System.Windows.Controls.Grid.MeasureCellsGroup(Int32 cellsHead, Size referenceSize, Boolean ignoreDesiredSizeU, Boolean forceInfinityV, Boolean& hasDesiredSizeUChanged)
   à System.Windows.Controls.Grid.MeasureCellsGroup(Int32 cellsHead, Size referenceSize, Boolean ignoreDesiredSizeU, Boolean forceInfinityV)
   à System.Windows.Controls.Grid.MeasureOverride(Size constraint)
   à System.Windows.FrameworkElement.MeasureCore(Size availableSize)
   à System.Windows.UIElement.Measure(Size availableSize)
   à System.Windows.Controls.Control.MeasureOverride(Size constraint)
   à System.Windows.FrameworkElement.MeasureCore(Size availableSize)
   à System.Windows.UIElement.Measure(Size availableSize)
   à MS.Internal.Helper.MeasureElementWithSingleChild(UIElement element, Size constraint)
   à System.Windows.Controls.ContentPresenter.MeasureOverride(Size constraint)
   à System.Windows.FrameworkElement.MeasureCore(Size availableSize)
   à System.Windows.UIElement.Measure(Size availableSize)
   à System.Windows.Controls.StackPanel.StackMeasureHelper(IStackMeasure measureElement, IStackMeasureScrollData scrollData, Size constraint)
   à System.Windows.Controls.StackPanel.MeasureOverride(Size constraint)
   à System.Windows.FrameworkElement.MeasureCore(Size availableSize)
   à System.Windows.UIElement.Measure(Size availableSize)
   à System.Windows.Controls.Border.MeasureOverride(Size constraint)
   à System.Windows.FrameworkElement.MeasureCore(Size availableSize)
   à System.Windows.UIElement.Measure(Size availableSize)
   à System.Windows.Controls.Control.MeasureOverride(Size constraint)
   à System.Windows.FrameworkElement.MeasureCore(Size availableSize)
   à System.Windows.UIElement.Measure(Size availableSize)
   à System.Windows.Controls.Grid.MeasureOverride(Size constraint)
   à System.Windows.FrameworkElement.MeasureCore(Size availableSize)
   à System.Windows.UIElement.Measure(Size availableSize)
   à System.Windows.ContextLayoutManager.UpdateLayout()
   à System.Windows.ContextLayoutManager.UpdateLayoutCallback(Object arg)
   à System.Windows.Media.MediaContext.InvokeOnRenderCallback.DoWork()
   à System.Windows.Media.MediaContext.FireInvokeOnRenderCallbacks()
   à System.Windows.Media.MediaContext.RenderMessageHandlerCore(Object resizedCompositionTarget)
   à System.Windows.Media.MediaContext.RenderMessageHandler(Object resizedCompositionTarget)
   à System.Windows.Threading.ExceptionWrapper.InternalRealCall(Delegate callback, Object args, Int32 numArgs)
   à System.Windows.Threading.ExceptionWrapper.TryCatchWhen(Object source, Delegate callback, Object args, Int32 numArgs, Delegate catchHandler)
10|2017-07-03 20:06:11.3340|FATAL||My.CoachManager.CrossCutting.Logging.Supervision.Logger|System.Windows.Markup.XamlParseException: La propriété Set 'System.Windows.Setter.Value' a levé une exception. ---> System.ArgumentException: Le type d'expression n'est pas une valeur Style valide.
   à System.Windows.Setter.set_Value(Object value)
   à System.Windows.Baml2006.WpfSharedBamlSchemaContext.<>c.<Create_BamlProperty_Setter_Value>b__284_0(Object target, Object value)
   à System.Windows.Baml2006.WpfKnownMemberInvoker.SetValue(Object instance, Object value)
   à MS.Internal.Xaml.Runtime.ClrObjectRuntime.SetValue(XamlMember member, Object obj, Object value)
   à MS.Internal.Xaml.Runtime.ClrObjectRuntime.SetValue(Object inst, XamlMember property, Object value)
   --- Fin de la trace de la pile d'exception interne ---
   à System.Windows.Markup.WpfXamlLoader.Load(XamlReader xamlReader, IXamlObjectWriterFactory writerFactory, Boolean skipJournaledProperties, Object rootObject, XamlObjectWriterSettings settings, Uri baseUri)
   à System.Windows.Markup.WpfXamlLoader.LoadDeferredContent(XamlReader xamlReader, IXamlObjectWriterFactory writerFactory, Boolean skipJournaledProperties, Object rootObject, XamlObjectWriterSettings parentSettings, Uri baseUri)
   à System.Windows.ResourceDictionary.CreateObject(KeyRecord key)
   à System.Windows.ResourceDictionary.OnGettingValue(Object key, Object& value, Boolean& canCache)
   à System.Windows.ResourceDictionary.OnGettingValuePrivate(Object key, Object& value, Boolean& canCache)
   à System.Windows.ResourceDictionary.GetValueWithoutLock(Object key, Boolean& canCache)
   à System.Windows.ResourceDictionary.GetValue(Object key, Boolean& canCache)
   à System.Windows.DeferredResourceReference.GetValue(BaseValueSourceInternal valueSource)
   à System.Windows.DependencyPropertyChangedEventArgs.get_NewValue()
   à System.Windows.Controls.Control.OnTemplateChanged(DependencyObject d, DependencyPropertyChangedEventArgs e)
   à System.Windows.DependencyObject.OnPropertyChanged(DependencyPropertyChangedEventArgs e)
   à System.Windows.FrameworkElement.OnPropertyChanged(DependencyPropertyChangedEventArgs e)
   à System.Windows.DependencyObject.NotifyPropertyChange(DependencyPropertyChangedEventArgs args)
   à System.Windows.DependencyObject.UpdateEffectiveValue(EntryIndex entryIndex, DependencyProperty dp, PropertyMetadata metadata, EffectiveValueEntry oldEntry, EffectiveValueEntry& newEntry, Boolean coerceWithDeferredReference, Boolean coerceWithCurrentValue, OperationType operationType)
   à System.Windows.StyleHelper.ApplyStyleOrTemplateValue(FrameworkObject fo, DependencyProperty dp)
   à System.Windows.StyleHelper.InvalidateContainerDependents(DependencyObject container, FrugalStructList`1& exclusionContainerDependents, FrugalStructList`1& oldContainerDependents, FrugalStructList`1& newContainerDependents)
   à System.Windows.StyleHelper.DoStyleInvalidations(FrameworkElement fe, FrameworkContentElement fce, Style oldStyle, Style newStyle)
   à System.Windows.StyleHelper.UpdateStyleCache(FrameworkElement fe, FrameworkContentElement fce, Style oldStyle, Style newStyle, Style& styleCache)
   à System.Windows.FrameworkElement.OnStyleChanged(DependencyObject d, DependencyPropertyChangedEventArgs e)
   à System.Windows.DependencyObject.OnPropertyChanged(DependencyPropertyChangedEventArgs e)
   à System.Windows.FrameworkElement.OnPropertyChanged(DependencyPropertyChangedEventArgs e)
   à System.Windows.DependencyObject.NotifyPropertyChange(DependencyPropertyChangedEventArgs args)
   à System.Windows.DependencyObject.UpdateEffectiveValue(EntryIndex entryIndex, DependencyProperty dp, PropertyMetadata metadata, EffectiveValueEntry oldEntry, EffectiveValueEntry& newEntry, Boolean coerceWithDeferredReference, Boolean coerceWithCurrentValue, OperationType operationType)
   à System.Windows.FrameworkTemplate.ReceivePropertySet(Object targetObject, XamlMember member, Object value, DependencyObject templatedParent)
   à System.Windows.FrameworkTemplate.<>c__DisplayClass45_0.<LoadOptimizedTemplateContent>b__3(Object sender, XamlSetValueEventArgs setArgs)
   à System.Xaml.XamlObjectWriter.OnSetValue(Object eventSender, XamlMember member, Object value)
   à System.Xaml.XamlObjectWriter.Logic_ApplyPropertyValue(ObjectWriterContext ctx, XamlMember prop, Object value, Boolean onParent)
   à System.Xaml.XamlObjectWriter.Logic_DoAssignmentToParentProperty(ObjectWriterContext ctx)
   à System.Xaml.XamlObjectWriter.Logic_AssignProvidedValue(ObjectWriterContext ctx)
   à System.Xaml.XamlObjectWriter.WriteEndMember()
   à System.Xaml.XamlWriter.WriteNode(XamlReader reader)
   à System.Windows.FrameworkTemplate.LoadTemplateXaml(XamlReader templateReader, XamlObjectWriter currentWriter)
   à System.Windows.FrameworkTemplate.LoadTemplateXaml(XamlObjectWriter objectWriter)
   à System.Windows.FrameworkTemplate.LoadOptimizedTemplateContent(DependencyObject container, IComponentConnector componentConnector, IStyleConnector styleConnector, List`1 affectedChildren, UncommonField`1 templatedNonFeChildrenField)
   à System.Windows.FrameworkTemplate.LoadContent(DependencyObject container, List`1 affectedChildren)
   à System.Windows.StyleHelper.ApplyTemplateContent(UncommonField`1 dataField, DependencyObject container, FrameworkElementFactory templateRoot, Int32 lastChildIndex, HybridDictionary childIndexFromChildID, FrameworkTemplate frameworkTemplate)
   à System.Windows.FrameworkTemplate.ApplyTemplateContent(UncommonField`1 templateDataField, FrameworkElement container)
   à System.Windows.FrameworkElement.ApplyTemplate()
   à System.Windows.FrameworkElement.MeasureCore(Size availableSize)
   à System.Windows.UIElement.Measure(Size availableSize)
   à System.Windows.Controls.Grid.MeasureCell(Int32 cell, Boolean forceInfinityV)
   à System.Windows.Controls.Grid.MeasureCellsGroup(Int32 cellsHead, Size referenceSize, Boolean ignoreDesiredSizeU, Boolean forceInfinityV, Boolean& hasDesiredSizeUChanged)
   à System.Windows.Controls.Grid.MeasureOverride(Size constraint)
   à System.Windows.FrameworkElement.MeasureCore(Size availableSize)
   à System.Windows.UIElement.Measure(Size availableSize)
   à System.Windows.Controls.Grid.MeasureCell(Int32 cell, Boolean forceInfinityV)
   à System.Windows.Controls.Grid.MeasureCellsGroup(Int32 cellsHead, Size referenceSize, Boolean ignoreDesiredSizeU, Boolean forceInfinityV, Boolean& hasDesiredSizeUChanged)
   à System.Windows.Controls.Grid.MeasureOverride(Size constraint)
   à System.Windows.FrameworkElement.MeasureCore(Size availableSize)
   à System.Windows.UIElement.Measure(Size availableSize)
   à System.Windows.Controls.Grid.MeasureCell(Int32 cell, Boolean forceInfinityV)
   à System.Windows.Controls.Grid.MeasureCellsGroup(Int32 cellsHead, Size referenceSize, Boolean ignoreDesiredSizeU, Boolean forceInfinityV, Boolean& hasDesiredSizeUChanged)
   à System.Windows.Controls.Grid.MeasureOverride(Size constraint)
   à System.Windows.FrameworkElement.MeasureCore(Size availableSize)
   à System.Windows.UIElement.Measure(Size availableSize)
   à MS.Internal.Helper.MeasureElementWithSingleChild(UIElement element, Size constraint)
   à System.Windows.Controls.ContentPresenter.MeasureOverride(Size constraint)
   à System.Windows.FrameworkElement.MeasureCore(Size availableSize)
   à System.Windows.UIElement.Measure(Size availableSize)
   à MS.Internal.Helper.MeasureElementWithSingleChild(UIElement element, Size constraint)
   à System.Windows.Controls.ScrollContentPresenter.MeasureOverride(Size constraint)
   à System.Windows.FrameworkElement.MeasureCore(Size availableSize)
   à System.Windows.UIElement.Measure(Size availableSize)
   à System.Windows.Controls.Grid.MeasureCell(Int32 cell, Boolean forceInfinityV)
   à System.Windows.Controls.Grid.MeasureCellsGroup(Int32 cellsHead, Size referenceSize, Boolean ignoreDesiredSizeU, Boolean forceInfinityV, Boolean& hasDesiredSizeUChanged)
   à System.Windows.Controls.Grid.MeasureCellsGroup(Int32 cellsHead, Size referenceSize, Boolean ignoreDesiredSizeU, Boolean forceInfinityV)
   à System.Windows.Controls.Grid.MeasureOverride(Size constraint)
   à System.Windows.FrameworkElement.MeasureCore(Size availableSize)
   à System.Windows.UIElement.Measure(Size availableSize)
   à System.Windows.Controls.ScrollViewer.MeasureOverride(Size constraint)
   à System.Windows.FrameworkElement.MeasureCore(Size availableSize)
   à System.Windows.UIElement.Measure(Size availableSize)
   à System.Windows.Controls.Grid.MeasureCell(Int32 cell, Boolean forceInfinityV)
   à System.Windows.Controls.Grid.MeasureCellsGroup(Int32 cellsHead, Size referenceSize, Boolean ignoreDesiredSizeU, Boolean forceInfinityV, Boolean& hasDesiredSizeUChanged)
   à System.Windows.Controls.Grid.MeasureCellsGroup(Int32 cellsHead, Size referenceSize, Boolean ignoreDesiredSizeU, Boolean forceInfinityV)
   à System.Windows.Controls.Grid.MeasureOverride(Size constraint)
   à System.Windows.FrameworkElement.MeasureCore(Size availableSize)
   à System.Windows.UIElement.Measure(Size availableSize)
   à System.Windows.Controls.Control.MeasureOverride(Size constraint)
   à System.Windows.FrameworkElement.MeasureCore(Size availableSize)
   à System.Windows.UIElement.Measure(Size availableSize)
   à MS.Internal.Helper.MeasureElementWithSingleChild(UIElement element, Size constraint)
   à System.Windows.Controls.ContentPresenter.MeasureOverride(Size constraint)
   à System.Windows.FrameworkElement.MeasureCore(Size availableSize)
   à System.Windows.UIElement.Measure(Size availableSize)
   à System.Windows.Controls.StackPanel.StackMeasureHelper(IStackMeasure measureElement, IStackMeasureScrollData scrollData, Size constraint)
   à System.Windows.Controls.StackPanel.MeasureOverride(Size constraint)
   à System.Windows.FrameworkElement.MeasureCore(Size availableSize)
   à System.Windows.UIElement.Measure(Size availableSize)
   à System.Windows.Controls.Border.MeasureOverride(Size constraint)
   à System.Windows.FrameworkElement.MeasureCore(Size availableSize)
   à System.Windows.UIElement.Measure(Size availableSize)
   à System.Windows.Controls.Control.MeasureOverride(Size constraint)
   à System.Windows.FrameworkElement.MeasureCore(Size availableSize)
   à System.Windows.UIElement.Measure(Size availableSize)
   à System.Windows.Controls.Grid.MeasureOverride(Size constraint)
   à System.Windows.FrameworkElement.MeasureCore(Size availableSize)
   à System.Windows.UIElement.Measure(Size availableSize)
   à System.Windows.ContextLayoutManager.UpdateLayout()
   à System.Windows.ContextLayoutManager.UpdateLayoutCallback(Object arg)
   à System.Windows.Media.MediaContext.InvokeOnRenderCallback.DoWork()
   à System.Windows.Media.MediaContext.FireInvokeOnRenderCallbacks()
   à System.Windows.Media.MediaContext.RenderMessageHandlerCore(Object resizedCompositionTarget)
   à System.Windows.Media.MediaContext.RenderMessageHandler(Object resizedCompositionTarget)
   à System.Windows.Threading.ExceptionWrapper.InternalRealCall(Delegate callback, Object args, Int32 numArgs)
   à System.Windows.Threading.ExceptionWrapper.TryCatchWhen(Object source, Delegate callback, Object args, Int32 numArgs, Delegate catchHandler)
