10|2017-07-02 10:26:55.6175|FATAL||My.CoachManager.CrossCutting.Logging.Supervision.Logger|System.ServiceModel.FaultException`1[System.ServiceModel.ExceptionDetail] : La séquence contient plusieurs éléments. (le détail de l'erreur est égal à ExceptionDetail, probablement créé par IncludeExceptionDetailInFaults=True, dont la valeur est :
System.InvalidOperationException: La séquence contient plusieurs éléments.
   à DynamicModule.ns.Wrapped_IPlayerAppService_4157bbf07cd84b34943bf8ffdc796727.GetById(Int32 id)
   à My.CoachManager.Services.Wcf.PlayerService.GetById(Int32 id) dans C:\Users\andre\Documents\Visual Studio 2015\Projects\CoachManager\My.CoachManager.Services.Wcf\PlayerService.cs:ligne 32
   à SyncInvokeGetById(Object , Object[] , Object[] )
   à System.ServiceModel.Dispatcher.SyncMethodInvoker.Invoke(Object instance, Object[] inputs, Object[]& outputs)
   à System.ServiceModel.Dispatcher.DispatchOperationRuntime.InvokeBegin(MessageRpc& rpc)
   à System.ServiceModel.Dispatcher.ImmutableDispatchRuntime.ProcessMessage5(MessageRpc& rpc)
   à System.ServiceModel.Dispatcher.ImmutableDispatchRuntime.ProcessMessage41(MessageRpc& rpc)
   à System.ServiceModel.Dispatcher.ImmutableDispatchRuntime.ProcessMessage4(MessageRpc& rpc)
   à Syst...).
10|2017-07-02 10:52:57.6634|FATAL||My.CoachManager.CrossCutting.Logging.Supervision.Logger|System.Windows.Markup.XamlParseException: '{DependencyProperty.UnsetValue}' n'est pas une valeur valide pour la propriété 'Background'. ---> System.InvalidOperationException: '{DependencyProperty.UnsetValue}' n'est pas une valeur valide pour la propriété 'Background'.
   à System.Windows.DependencyObject.GetEffectiveValue(EntryIndex entryIndex, DependencyProperty dp, RequestFlags requests)
   à System.Windows.DependencyObject.GetValueEntry(EntryIndex entryIndex, DependencyProperty dp, PropertyMetadata metadata, RequestFlags requests)
   à System.Windows.DependencyObject.GetValue(DependencyProperty dp)
   à System.Windows.StyleHelper.GetChildValueHelper(UncommonField`1 dataField, ItemStructList`1& valueLookupList, DependencyProperty dp, DependencyObject container, FrameworkObject child, Int32 childIndex, Boolean styleLookup, EffectiveValueEntry& entry, ValueLookupType& sourceType, FrameworkElementFactory templateRoot)
   à System.Windows.StyleHelper.GetChildValue(UncommonField`1 dataField, DependencyObject container, Int32 childIndex, FrameworkObject child, DependencyProperty dp, FrugalStructList`1& childRecordFromChildIndex, EffectiveValueEntry& entry, ValueLookupType& sourceType, FrameworkElementFactory templateRoot)
   à System.Windows.StyleHelper.GetValueFromTemplatedParent(DependencyObject container, Int32 childIndex, FrameworkObject child, DependencyProperty dp, FrugalStructList`1& childRecordFromChildIndex, FrameworkElementFactory templateRoot, EffectiveValueEntry& entry)
   à System.Windows.StyleHelper.ApplyTemplatedParentValue(DependencyObject container, FrameworkObject child, Int32 childIndex, FrugalStructList`1& childRecordFromChildIndex, DependencyProperty dp, FrameworkElementFactory templateRoot)
   à System.Windows.StyleHelper.InvalidatePropertiesOnTemplateNode(DependencyObject container, FrameworkObject child, Int32 childIndex, FrugalStructList`1& childRecordFromChildIndex, Boolean isDetach, FrameworkElementFactory templateRoot)
   à System.Windows.FrameworkTemplate.InvalidatePropertiesOnTemplate(DependencyObject container, Object currentObject)
   à System.Windows.FrameworkTemplate.HandleBeforeProperties(Object createdObject, DependencyObject& rootObject, DependencyObject container, FrameworkElement feContainer, INameScope nameScope)
   à System.Windows.FrameworkTemplate.<>c__DisplayClass45_0.<LoadOptimizedTemplateContent>b__2(Object sender, XamlObjectEventArgs args)
   à System.Xaml.XamlObjectWriter.OnBeforeProperties(Object value)
   à System.Xaml.XamlObjectWriter.Logic_CreateAndAssignToParentStart(ObjectWriterContext ctx)
   à System.Xaml.XamlObjectWriter.WriteStartMember(XamlMember property)
   à System.Xaml.XamlWriter.WriteNode(XamlReader reader)
   à System.Windows.FrameworkTemplate.LoadTemplateXaml(XamlReader templateReader, XamlObjectWriter currentWriter)
   --- Fin de la trace de la pile d'exception interne ---
   à System.Windows.FrameworkTemplate.LoadTemplateXaml(XamlReader templateReader, XamlObjectWriter currentWriter)
   à System.Windows.FrameworkTemplate.LoadTemplateXaml(XamlObjectWriter objectWriter)
   à System.Windows.FrameworkTemplate.LoadOptimizedTemplateContent(DependencyObject container, IComponentConnector componentConnector, IStyleConnector styleConnector, List`1 affectedChildren, UncommonField`1 templatedNonFeChildrenField)
   à System.Windows.FrameworkTemplate.LoadContent(DependencyObject container, List`1 affectedChildren)
   à System.Windows.StyleHelper.ApplyTemplateContent(UncommonField`1 dataField, DependencyObject container, FrameworkElementFactory templateRoot, Int32 lastChildIndex, HybridDictionary childIndexFromChildID, FrameworkTemplate frameworkTemplate)
   à System.Windows.FrameworkTemplate.ApplyTemplateContent(UncommonField`1 templateDataField, FrameworkElement container)
   à System.Windows.FrameworkElement.ApplyTemplate()
   à System.Windows.FrameworkElement.MeasureCore(Size availableSize)
   à System.Windows.UIElement.Measure(Size availableSize)
   à System.Windows.Controls.Grid.MeasureCell(Int32 cell, Boolean forceInfinityV)
   à System.Windows.Controls.Grid.MeasureCellsGroup(Int32 cellsHead, Size referenceSize, Boolean ignoreDesiredSizeU, Boolean forceInfinityV, Boolean& hasDesiredSizeUChanged)
   à System.Windows.Controls.Grid.MeasureCellsGroup(Int32 cellsHead, Size referenceSize, Boolean ignoreDesiredSizeU, Boolean forceInfinityV)
   à System.Windows.Controls.Grid.MeasureOverride(Size constraint)
   à System.Windows.FrameworkElement.MeasureCore(Size availableSize)
   à System.Windows.UIElement.Measure(Size availableSize)
   à MS.Internal.Helper.MeasureElementWithSingleChild(UIElement element, Size constraint)
   à System.Windows.Controls.ContentPresenter.MeasureOverride(Size constraint)
   à System.Windows.FrameworkElement.MeasureCore(Size availableSize)
   à System.Windows.UIElement.Measure(Size availableSize)
   à System.Windows.Controls.Border.MeasureOverride(Size constraint)
   à System.Windows.FrameworkElement.MeasureCore(Size availableSize)
   à System.Windows.UIElement.Measure(Size availableSize)
   à System.Windows.Controls.Control.MeasureOverride(Size constraint)
   à System.Windows.FrameworkElement.MeasureCore(Size availableSize)
   à System.Windows.UIElement.Measure(Size availableSize)
   à MS.Internal.Helper.MeasureElementWithSingleChild(UIElement element, Size constraint)
   à System.Windows.Controls.ContentPresenter.MeasureOverride(Size constraint)
   à System.Windows.FrameworkElement.MeasureCore(Size availableSize)
   à System.Windows.UIElement.Measure(Size availableSize)
   à System.Windows.Controls.Grid.MeasureCell(Int32 cell, Boolean forceInfinityV)
   à System.Windows.Controls.Grid.MeasureCellsGroup(Int32 cellsHead, Size referenceSize, Boolean ignoreDesiredSizeU, Boolean forceInfinityV, Boolean& hasDesiredSizeUChanged)
   à System.Windows.Controls.Grid.MeasureCellsGroup(Int32 cellsHead, Size referenceSize, Boolean ignoreDesiredSizeU, Boolean forceInfinityV)
   à System.Windows.Controls.Grid.MeasureOverride(Size constraint)
   à System.Windows.FrameworkElement.MeasureCore(Size availableSize)
   à System.Windows.UIElement.Measure(Size availableSize)
   à System.Windows.Controls.Control.MeasureOverride(Size constraint)
   à System.Windows.FrameworkElement.MeasureCore(Size availableSize)
   à System.Windows.UIElement.Measure(Size availableSize)
   à MS.Internal.Helper.MeasureElementWithSingleChild(UIElement element, Size constraint)
   à System.Windows.Controls.ContentPresenter.MeasureOverride(Size constraint)
   à System.Windows.FrameworkElement.MeasureCore(Size availableSize)
   à System.Windows.UIElement.Measure(Size availableSize)
   à System.Windows.Controls.DockPanel.MeasureOverride(Size constraint)
   à System.Windows.FrameworkElement.MeasureCore(Size availableSize)
   à System.Windows.UIElement.Measure(Size availableSize)
   à System.Windows.Documents.AdornerDecorator.MeasureOverride(Size constraint)
   à System.Windows.FrameworkElement.MeasureCore(Size availableSize)
   à System.Windows.UIElement.Measure(Size availableSize)
   à System.Windows.Controls.Grid.MeasureOverride(Size constraint)
   à System.Windows.FrameworkElement.MeasureCore(Size availableSize)
   à System.Windows.UIElement.Measure(Size availableSize)
   à System.Windows.Controls.Control.MeasureOverride(Size constraint)
   à System.Windows.FrameworkElement.MeasureCore(Size availableSize)
   à System.Windows.UIElement.Measure(Size availableSize)
   à System.Windows.Controls.Grid.MeasureCell(Int32 cell, Boolean forceInfinityV)
   à System.Windows.Controls.Grid.MeasureCellsGroup(Int32 cellsHead, Size referenceSize, Boolean ignoreDesiredSizeU, Boolean forceInfinityV, Boolean& hasDesiredSizeUChanged)
   à System.Windows.Controls.Grid.MeasureCellsGroup(Int32 cellsHead, Size referenceSize, Boolean ignoreDesiredSizeU, Boolean forceInfinityV)
   à System.Windows.Controls.Grid.MeasureOverride(Size constraint)
   à System.Windows.FrameworkElement.MeasureCore(Size availableSize)
   à System.Windows.UIElement.Measure(Size availableSize)
   à System.Windows.Controls.Control.MeasureOverride(Size constraint)
   à System.Windows.FrameworkElement.MeasureCore(Size availableSize)
   à System.Windows.UIElement.Measure(Size availableSize)
   à MS.Internal.Helper.MeasureElementWithSingleChild(UIElement element, Size constraint)
   à System.Windows.Controls.ContentPresenter.MeasureOverride(Size constraint)
   à System.Windows.FrameworkElement.MeasureCore(Size availableSize)
   à System.Windows.UIElement.Measure(Size availableSize)
   à System.Windows.Controls.Grid.MeasureOverride(Size constraint)
   à System.Windows.FrameworkElement.MeasureCore(Size availableSize)
   à System.Windows.UIElement.Measure(Size availableSize)
   à System.Windows.Controls.Control.MeasureOverride(Size constraint)
   à System.Windows.FrameworkElement.MeasureCore(Size availableSize)
   à System.Windows.UIElement.Measure(Size availableSize)
   à System.Windows.Controls.Grid.MeasureCell(Int32 cell, Boolean forceInfinityV)
   à System.Windows.Controls.Grid.MeasureCellsGroup(Int32 cellsHead, Size referenceSize, Boolean ignoreDesiredSizeU, Boolean forceInfinityV, Boolean& hasDesiredSizeUChanged)
   à System.Windows.Controls.Grid.MeasureCellsGroup(Int32 cellsHead, Size referenceSize, Boolean ignoreDesiredSizeU, Boolean forceInfinityV)
   à System.Windows.Controls.Grid.MeasureOverride(Size constraint)
   à System.Windows.FrameworkElement.MeasureCore(Size availableSize)
   à System.Windows.UIElement.Measure(Size availableSize)
   à System.Windows.ContextLayoutManager.UpdateLayout()
   à System.Windows.ContextLayoutManager.UpdateLayoutCallback(Object arg)
   à System.Windows.Media.MediaContext.InvokeOnRenderCallback.DoWork()
   à System.Windows.Media.MediaContext.FireInvokeOnRenderCallbacks()
   à System.Windows.Media.MediaContext.RenderMessageHandlerCore(Object resizedCompositionTarget)
   à System.Windows.Media.MediaContext.RenderMessageHandler(Object resizedCompositionTarget)
   à System.Windows.Threading.ExceptionWrapper.InternalRealCall(Delegate callback, Object args, Int32 numArgs)
   à System.Windows.Threading.ExceptionWrapper.TryCatchWhen(Object source, Delegate callback, Object args, Int32 numArgs, Delegate catchHandler)
8|2017-07-02 15:13:18.7299|FATAL||My.CoachManager.CrossCutting.Logging.Supervision.Logger|System.Windows.Markup.XamlParseException: La valeur fournie sur 'System.Windows.Markup.StaticResourceHolder' a levé une exception. ---> System.Exception: Impossible de trouver la ressource nommée'NullToVisibilityConverter'. Les noms de ressources respectent la casse.
   à System.Windows.StaticResourceExtension.ProvideValueInternal(IServiceProvider serviceProvider, Boolean allowDeferredReference)
   à System.Windows.StaticResourceExtension.ProvideValue(IServiceProvider serviceProvider)
   à MS.Internal.Xaml.Runtime.ClrObjectRuntime.CallProvideValue(MarkupExtension me, IServiceProvider serviceProvider)
   --- Fin de la trace de la pile d'exception interne ---
   à System.Windows.FrameworkTemplate.LoadTemplateXaml(XamlReader templateReader, XamlObjectWriter currentWriter)
   à System.Windows.FrameworkTemplate.LoadTemplateXaml(XamlObjectWriter objectWriter)
   à System.Windows.FrameworkTemplate.LoadOptimizedTemplateContent(DependencyObject container, IComponentConnector componentConnector, IStyleConnector styleConnector, List`1 affectedChildren, UncommonField`1 templatedNonFeChildrenField)
   à System.Windows.FrameworkTemplate.LoadContent(DependencyObject container, List`1 affectedChildren)
   à System.Windows.StyleHelper.ApplyTemplateContent(UncommonField`1 dataField, DependencyObject container, FrameworkElementFactory templateRoot, Int32 lastChildIndex, HybridDictionary childIndexFromChildID, FrameworkTemplate frameworkTemplate)
   à System.Windows.FrameworkTemplate.ApplyTemplateContent(UncommonField`1 templateDataField, FrameworkElement container)
   à System.Windows.FrameworkElement.ApplyTemplate()
   à System.Windows.FrameworkElement.MeasureCore(Size availableSize)
   à System.Windows.UIElement.Measure(Size availableSize)
   à System.Windows.Controls.Grid.MeasureCell(Int32 cell, Boolean forceInfinityV)
   à System.Windows.Controls.Grid.MeasureCellsGroup(Int32 cellsHead, Size referenceSize, Boolean ignoreDesiredSizeU, Boolean forceInfinityV, Boolean& hasDesiredSizeUChanged)
   à System.Windows.Controls.Grid.MeasureOverride(Size constraint)
   à System.Windows.FrameworkElement.MeasureCore(Size availableSize)
   à System.Windows.UIElement.Measure(Size availableSize)
   à System.Windows.Controls.Grid.MeasureCell(Int32 cell, Boolean forceInfinityV)
   à System.Windows.Controls.Grid.MeasureCellsGroup(Int32 cellsHead, Size referenceSize, Boolean ignoreDesiredSizeU, Boolean forceInfinityV, Boolean& hasDesiredSizeUChanged)
   à System.Windows.Controls.Grid.MeasureOverride(Size constraint)
   à System.Windows.FrameworkElement.MeasureCore(Size availableSize)
   à System.Windows.UIElement.Measure(Size availableSize)
   à System.Windows.Controls.Grid.MeasureCell(Int32 cell, Boolean forceInfinityV)
   à System.Windows.Controls.Grid.MeasureCellsGroup(Int32 cellsHead, Size referenceSize, Boolean ignoreDesiredSizeU, Boolean forceInfinityV, Boolean& hasDesiredSizeUChanged)
   à System.Windows.Controls.Grid.MeasureOverride(Size constraint)
   à System.Windows.FrameworkElement.MeasureCore(Size availableSize)
   à System.Windows.UIElement.Measure(Size availableSize)
   à MS.Internal.Helper.MeasureElementWithSingleChild(UIElement element, Size constraint)
   à System.Windows.Controls.ContentPresenter.MeasureOverride(Size constraint)
   à System.Windows.FrameworkElement.MeasureCore(Size availableSize)
   à System.Windows.UIElement.Measure(Size availableSize)
   à MS.Internal.Helper.MeasureElementWithSingleChild(UIElement element, Size constraint)
   à System.Windows.Controls.ScrollContentPresenter.MeasureOverride(Size constraint)
   à System.Windows.FrameworkElement.MeasureCore(Size availableSize)
   à System.Windows.UIElement.Measure(Size availableSize)
   à System.Windows.Controls.Grid.MeasureCell(Int32 cell, Boolean forceInfinityV)
   à System.Windows.Controls.Grid.MeasureCellsGroup(Int32 cellsHead, Size referenceSize, Boolean ignoreDesiredSizeU, Boolean forceInfinityV, Boolean& hasDesiredSizeUChanged)
   à System.Windows.Controls.Grid.MeasureCellsGroup(Int32 cellsHead, Size referenceSize, Boolean ignoreDesiredSizeU, Boolean forceInfinityV)
   à System.Windows.Controls.Grid.MeasureOverride(Size constraint)
   à System.Windows.FrameworkElement.MeasureCore(Size availableSize)
   à System.Windows.UIElement.Measure(Size availableSize)
   à System.Windows.Controls.ScrollViewer.MeasureOverride(Size constraint)
   à System.Windows.FrameworkElement.MeasureCore(Size availableSize)
   à System.Windows.UIElement.Measure(Size availableSize)
   à System.Windows.Controls.Grid.MeasureCell(Int32 cell, Boolean forceInfinityV)
   à System.Windows.Controls.Grid.MeasureCellsGroup(Int32 cellsHead, Size referenceSize, Boolean ignoreDesiredSizeU, Boolean forceInfinityV, Boolean& hasDesiredSizeUChanged)
   à System.Windows.Controls.Grid.MeasureCellsGroup(Int32 cellsHead, Size referenceSize, Boolean ignoreDesiredSizeU, Boolean forceInfinityV)
   à System.Windows.Controls.Grid.MeasureOverride(Size constraint)
   à System.Windows.FrameworkElement.MeasureCore(Size availableSize)
   à System.Windows.UIElement.Measure(Size availableSize)
   à System.Windows.Controls.Control.MeasureOverride(Size constraint)
   à System.Windows.FrameworkElement.MeasureCore(Size availableSize)
   à System.Windows.UIElement.Measure(Size availableSize)
   à MS.Internal.Helper.MeasureElementWithSingleChild(UIElement element, Size constraint)
   à System.Windows.Controls.ContentPresenter.MeasureOverride(Size constraint)
   à System.Windows.FrameworkElement.MeasureCore(Size availableSize)
   à System.Windows.UIElement.Measure(Size availableSize)
   à System.Windows.Controls.StackPanel.StackMeasureHelper(IStackMeasure measureElement, IStackMeasureScrollData scrollData, Size constraint)
   à System.Windows.Controls.StackPanel.MeasureOverride(Size constraint)
   à System.Windows.FrameworkElement.MeasureCore(Size availableSize)
   à System.Windows.UIElement.Measure(Size availableSize)
   à System.Windows.Controls.Border.MeasureOverride(Size constraint)
   à System.Windows.FrameworkElement.MeasureCore(Size availableSize)
   à System.Windows.UIElement.Measure(Size availableSize)
   à System.Windows.Controls.Control.MeasureOverride(Size constraint)
   à System.Windows.FrameworkElement.MeasureCore(Size availableSize)
   à System.Windows.UIElement.Measure(Size availableSize)
   à System.Windows.Controls.Grid.MeasureOverride(Size constraint)
   à System.Windows.FrameworkElement.MeasureCore(Size availableSize)
   à System.Windows.UIElement.Measure(Size availableSize)
   à System.Windows.ContextLayoutManager.UpdateLayout()
   à System.Windows.ContextLayoutManager.UpdateLayoutCallback(Object arg)
   à System.Windows.Media.MediaContext.InvokeOnRenderCallback.DoWork()
   à System.Windows.Media.MediaContext.FireInvokeOnRenderCallbacks()
   à System.Windows.Media.MediaContext.RenderMessageHandlerCore(Object resizedCompositionTarget)
   à System.Windows.Media.MediaContext.RenderMessageHandler(Object resizedCompositionTarget)
   à System.Windows.Threading.ExceptionWrapper.InternalRealCall(Delegate callback, Object args, Int32 numArgs)
   à System.Windows.Threading.ExceptionWrapper.TryCatchWhen(Object source, Delegate callback, Object args, Int32 numArgs, Delegate catchHandler)
