10|2017-07-22 09:25:50.2574|FATAL||My.CoachManager.CrossCutting.Logging.Supervision.Logger|System.Windows.Markup.XamlParseException: La valeur fournie sur 'System.Windows.Markup.StaticResourceHolder' a levé une exception. ---> System.Exception: Impossible de trouver la ressource nommée'ForegroundBrush'. Les noms de ressources respectent la casse.
   à System.Windows.StaticResourceExtension.ProvideValueInternal(IServiceProvider serviceProvider, Boolean allowDeferredReference)
   à System.Windows.StaticResourceExtension.ProvideValue(IServiceProvider serviceProvider)
   à MS.Internal.Xaml.Runtime.ClrObjectRuntime.CallProvideValue(MarkupExtension me, IServiceProvider serviceProvider)
   --- Fin de la trace de la pile d'exception interne ---
   à System.Windows.FrameworkTemplate.LoadTemplateXaml(XamlReader templateReader, XamlObjectWriter currentWriter)
   à System.Windows.FrameworkTemplate.LoadTemplateXaml(XamlObjectWriter objectWriter)
   à System.Windows.FrameworkTemplate.LoadOptimizedTemplateContent(DependencyObject container, IComponentConnector componentConnector, IStyleConnector styleConnector, List`1 affectedChildren, UncommonField`1 templatedNonFeChildrenField)
   à System.Windows.FrameworkTemplate.LoadContent(DependencyObject container, List`1 affectedChildren)
   à System.Windows.StyleHelper.ApplyTemplateContent(UncommonField`1 dataField, DependencyObject container, FrameworkElementFactory templateRoot, Int32 lastChildIndex, HybridDictionary childIndexFromChildID, FrameworkTemplate frameworkTemplate)
   à System.Windows.FrameworkTemplate.ApplyTemplateContent(UncommonField`1 templateDataField, FrameworkElement container)
   à System.Windows.FrameworkElement.ApplyTemplate()
   à System.Windows.FrameworkElement.MeasureCore(Size availableSize)
   à System.Windows.UIElement.Measure(Size availableSize)
   à System.Windows.Controls.VirtualizingStackPanel.MeasureChild(IItemContainerGenerator& generator, IContainItemStorage& itemStorageProvider, IContainItemStorage& parentItemStorageProvider, Object& parentItem, Boolean& hasUniformOrAverageContainerSizeBeenSet, Double& computedUniformOrAverageContainerSize, Double& computedUniformOrAverageContainerPixelSize, Boolean& computedAreContainersUniformlySized, IList& items, Object& item, IList& children, Int32& childIndex, Boolean& visualOrderChanged, Boolean& isHorizontal, Size& childConstraint, Rect& viewport, VirtualizationCacheLength& cacheSize, VirtualizationCacheLengthUnit& cacheUnit, Boolean& foundFirstItemInViewport, Double& firstItemInViewportOffset, Size& stackPixelSize, Size& stackPixelSizeInViewport, Size& stackPixelSizeInCacheBeforeViewport, Size& stackPixelSizeInCacheAfterViewport, Size& stackLogicalSize, Size& stackLogicalSizeInViewport, Size& stackLogicalSizeInCacheBeforeViewport, Size& stackLogicalSizeInCacheAfterViewport, Boolean& mustDisableVirtualization, Boolean isBeforeFirstItem, Boolean isAfterFirstItem, Boolean isAfterLastItem, Boolean skipActualMeasure, Boolean skipGeneration, Boolean& hasBringIntoViewContainerBeenMeasured, Boolean& hasVirtualizingChildren)
   à System.Windows.Controls.VirtualizingStackPanel.MeasureOverrideImpl(Size constraint, Nullable`1& lastPageSafeOffset, List`1& previouslyMeasuredOffsets, Nullable`1& lastPagePixelSize, Boolean remeasure)
   à System.Windows.Controls.VirtualizingStackPanel.MeasureOverride(Size constraint)
   à System.Windows.Controls.Primitives.DataGridRowsPresenter.MeasureOverride(Size constraint)
   à System.Windows.FrameworkElement.MeasureCore(Size availableSize)
   à System.Windows.UIElement.Measure(Size availableSize)
   à System.Windows.ContextLayoutManager.UpdateLayout()
   à System.Windows.ContextLayoutManager.UpdateLayoutCallback(Object arg)
   à System.Windows.Media.MediaContext.InvokeOnRenderCallback.DoWork()
   à System.Windows.Media.MediaContext.FireInvokeOnRenderCallbacks()
   à System.Windows.Media.MediaContext.RenderMessageHandlerCore(Object resizedCompositionTarget)
   à System.Windows.Media.MediaContext.RenderMessageHandler(Object resizedCompositionTarget)
   à System.Windows.Threading.ExceptionWrapper.InternalRealCall(Delegate callback, Object args, Int32 numArgs)
   à System.Windows.Threading.ExceptionWrapper.TryCatchWhen(Object source, Delegate callback, Object args, Int32 numArgs, Delegate catchHandler)
10|2017-07-22 09:33:39.7533|FATAL||My.CoachManager.CrossCutting.Logging.Supervision.Logger|System.Windows.Markup.XamlParseException: La valeur fournie sur 'System.Windows.Markup.StaticResourceHolder' a levé une exception. ---> System.Exception: Impossible de trouver la ressource nommée'ForegroundBrush'. Les noms de ressources respectent la casse.
   à System.Windows.StaticResourceExtension.ProvideValueInternal(IServiceProvider serviceProvider, Boolean allowDeferredReference)
   à System.Windows.StaticResourceExtension.ProvideValue(IServiceProvider serviceProvider)
   à MS.Internal.Xaml.Runtime.ClrObjectRuntime.CallProvideValue(MarkupExtension me, IServiceProvider serviceProvider)
   --- Fin de la trace de la pile d'exception interne ---
   à System.Windows.FrameworkTemplate.LoadTemplateXaml(XamlReader templateReader, XamlObjectWriter currentWriter)
   à System.Windows.FrameworkTemplate.LoadTemplateXaml(XamlObjectWriter objectWriter)
   à System.Windows.FrameworkTemplate.LoadOptimizedTemplateContent(DependencyObject container, IComponentConnector componentConnector, IStyleConnector styleConnector, List`1 affectedChildren, UncommonField`1 templatedNonFeChildrenField)
   à System.Windows.FrameworkTemplate.LoadContent(DependencyObject container, List`1 affectedChildren)
   à System.Windows.StyleHelper.ApplyTemplateContent(UncommonField`1 dataField, DependencyObject container, FrameworkElementFactory templateRoot, Int32 lastChildIndex, HybridDictionary childIndexFromChildID, FrameworkTemplate frameworkTemplate)
   à System.Windows.FrameworkTemplate.ApplyTemplateContent(UncommonField`1 templateDataField, FrameworkElement container)
   à System.Windows.FrameworkElement.ApplyTemplate()
   à System.Windows.FrameworkElement.MeasureCore(Size availableSize)
   à System.Windows.UIElement.Measure(Size availableSize)
   à System.Windows.Controls.VirtualizingStackPanel.MeasureChild(IItemContainerGenerator& generator, IContainItemStorage& itemStorageProvider, IContainItemStorage& parentItemStorageProvider, Object& parentItem, Boolean& hasUniformOrAverageContainerSizeBeenSet, Double& computedUniformOrAverageContainerSize, Double& computedUniformOrAverageContainerPixelSize, Boolean& computedAreContainersUniformlySized, IList& items, Object& item, IList& children, Int32& childIndex, Boolean& visualOrderChanged, Boolean& isHorizontal, Size& childConstraint, Rect& viewport, VirtualizationCacheLength& cacheSize, VirtualizationCacheLengthUnit& cacheUnit, Boolean& foundFirstItemInViewport, Double& firstItemInViewportOffset, Size& stackPixelSize, Size& stackPixelSizeInViewport, Size& stackPixelSizeInCacheBeforeViewport, Size& stackPixelSizeInCacheAfterViewport, Size& stackLogicalSize, Size& stackLogicalSizeInViewport, Size& stackLogicalSizeInCacheBeforeViewport, Size& stackLogicalSizeInCacheAfterViewport, Boolean& mustDisableVirtualization, Boolean isBeforeFirstItem, Boolean isAfterFirstItem, Boolean isAfterLastItem, Boolean skipActualMeasure, Boolean skipGeneration, Boolean& hasBringIntoViewContainerBeenMeasured, Boolean& hasVirtualizingChildren)
   à System.Windows.Controls.VirtualizingStackPanel.MeasureOverrideImpl(Size constraint, Nullable`1& lastPageSafeOffset, List`1& previouslyMeasuredOffsets, Nullable`1& lastPagePixelSize, Boolean remeasure)
   à System.Windows.Controls.VirtualizingStackPanel.MeasureOverride(Size constraint)
   à System.Windows.Controls.Primitives.DataGridRowsPresenter.MeasureOverride(Size constraint)
   à System.Windows.FrameworkElement.MeasureCore(Size availableSize)
   à System.Windows.UIElement.Measure(Size availableSize)
   à System.Windows.ContextLayoutManager.UpdateLayout()
   à System.Windows.ContextLayoutManager.UpdateLayoutCallback(Object arg)
   à System.Windows.Media.MediaContext.InvokeOnRenderCallback.DoWork()
   à System.Windows.Media.MediaContext.FireInvokeOnRenderCallbacks()
   à System.Windows.Media.MediaContext.RenderMessageHandlerCore(Object resizedCompositionTarget)
   à System.Windows.Media.MediaContext.RenderMessageHandler(Object resizedCompositionTarget)
   à System.Windows.Threading.ExceptionWrapper.InternalRealCall(Delegate callback, Object args, Int32 numArgs)
   à System.Windows.Threading.ExceptionWrapper.TryCatchWhen(Object source, Delegate callback, Object args, Int32 numArgs, Delegate catchHandler)
10|2017-07-22 09:45:59.5756|FATAL||My.CoachManager.CrossCutting.Logging.Supervision.Logger|System.InvalidOperationException: '{DependencyProperty.UnsetValue}' n'est pas une valeur valide pour la propriété 'BorderBrush'.
   à System.Windows.DependencyObject.GetEffectiveValue(EntryIndex entryIndex, DependencyProperty dp, RequestFlags requests)
   à System.Windows.DependencyObject.GetValueEntry(EntryIndex entryIndex, DependencyProperty dp, PropertyMetadata metadata, RequestFlags requests)
   à System.Windows.DependencyObject.GetValue(DependencyProperty dp)
   à System.Windows.StyleHelper.GetChildValueHelper(UncommonField`1 dataField, ItemStructList`1& valueLookupList, DependencyProperty dp, DependencyObject container, FrameworkObject child, Int32 childIndex, Boolean styleLookup, EffectiveValueEntry& entry, ValueLookupType& sourceType, FrameworkElementFactory templateRoot)
   à System.Windows.StyleHelper.GetChildValue(UncommonField`1 dataField, DependencyObject container, Int32 childIndex, FrameworkObject child, DependencyProperty dp, FrugalStructList`1& childRecordFromChildIndex, EffectiveValueEntry& entry, ValueLookupType& sourceType, FrameworkElementFactory templateRoot)
   à System.Windows.StyleHelper.GetValueFromTemplatedParent(DependencyObject container, Int32 childIndex, FrameworkObject child, DependencyProperty dp, FrugalStructList`1& childRecordFromChildIndex, FrameworkElementFactory templateRoot, EffectiveValueEntry& entry)
   à System.Windows.FrameworkElement.GetValueFromTemplatedParent(DependencyProperty dp, EffectiveValueEntry& entry)
   à System.Windows.FrameworkElement.GetRawValue(DependencyProperty dp, PropertyMetadata metadata, EffectiveValueEntry& entry)
   à System.Windows.FrameworkElement.EvaluateBaseValueCore(DependencyProperty dp, PropertyMetadata metadata, EffectiveValueEntry& newEntry)
   à System.Windows.DependencyObject.EvaluateEffectiveValue(EntryIndex entryIndex, DependencyProperty dp, PropertyMetadata metadata, EffectiveValueEntry oldEntry, EffectiveValueEntry newEntry, OperationType operationType)
   à System.Windows.DependencyObject.UpdateEffectiveValue(EntryIndex entryIndex, DependencyProperty dp, PropertyMetadata metadata, EffectiveValueEntry oldEntry, EffectiveValueEntry& newEntry, Boolean coerceWithDeferredReference, Boolean coerceWithCurrentValue, OperationType operationType)
   à System.Windows.DependencyObject.InvalidateProperty(DependencyProperty dp, Boolean preserveCurrentValue)
   à System.Windows.StyleHelper.InvalidateDependents(Style ownerStyle, FrameworkTemplate frameworkTemplate, DependencyObject container, DependencyProperty dp, FrugalStructList`1& dependents, Boolean invalidateOnlyContainer)
   à System.Windows.StyleHelper.OnTriggerSourcePropertyInvalidated(Style ownerStyle, FrameworkTemplate frameworkTemplate, DependencyObject container, DependencyProperty dp, DependencyPropertyChangedEventArgs changedArgs, Boolean invalidateOnlyContainer, FrugalStructList`1& triggerSourceRecordFromChildIndex, FrugalMap& propertyTriggersWithActions, Int32 sourceChildIndex)
   à System.Windows.FrameworkElement.OnPropertyChanged(DependencyPropertyChangedEventArgs e)
   à System.Windows.Controls.DataGridRow.OnPropertyChanged(DependencyPropertyChangedEventArgs e)
   à System.Windows.DependencyObject.NotifyPropertyChange(DependencyPropertyChangedEventArgs args)
   à System.Windows.DependencyObject.UpdateEffectiveValue(EntryIndex entryIndex, DependencyProperty dp, PropertyMetadata metadata, EffectiveValueEntry oldEntry, EffectiveValueEntry& newEntry, Boolean coerceWithDeferredReference, Boolean coerceWithCurrentValue, OperationType operationType)
   à System.Windows.DependencyObject.InvalidateProperty(DependencyProperty dp, Boolean preserveCurrentValue)
   à System.Windows.StyleHelper.InvalidateDependents(Style ownerStyle, FrameworkTemplate frameworkTemplate, DependencyObject container, DependencyProperty dp, FrugalStructList`1& dependents, Boolean invalidateOnlyContainer)
   à System.Windows.StyleHelper.OnTriggerSourcePropertyInvalidated(Style ownerStyle, FrameworkTemplate frameworkTemplate, DependencyObject container, DependencyProperty dp, DependencyPropertyChangedEventArgs changedArgs, Boolean invalidateOnlyContainer, FrugalStructList`1& triggerSourceRecordFromChildIndex, FrugalMap& propertyTriggersWithActions, Int32 sourceChildIndex)
   à System.Windows.FrameworkElement.OnPropertyChanged(DependencyPropertyChangedEventArgs e)
   à System.Windows.Controls.DataGridRow.OnPropertyChanged(DependencyPropertyChangedEventArgs e)
   à System.Windows.DependencyObject.NotifyPropertyChange(DependencyPropertyChangedEventArgs args)
   à System.Windows.DependencyObject.UpdateEffectiveValue(EntryIndex entryIndex, DependencyProperty dp, PropertyMetadata metadata, EffectiveValueEntry oldEntry, EffectiveValueEntry& newEntry, Boolean coerceWithDeferredReference, Boolean coerceWithCurrentValue, OperationType operationType)
   à System.Windows.DependencyObject.SetValueCommon(DependencyProperty dp, Object value, PropertyMetadata metadata, Boolean coerceWithDeferredReference, Boolean coerceWithCurrentValue, OperationType operationType, Boolean isInternal)
   à System.Windows.DependencyObject.SetValue(DependencyPropertyKey key, Object value)
   à System.Windows.ReverseInheritProperty.FirePropertyChangeInAncestry(DependencyObject element, Boolean oldValue, DeferredElementTreeState treeState, Action`2 originChangedAction)
   à System.Windows.ReverseInheritProperty.FirePropertyChangeInAncestry(DependencyObject element, Boolean oldValue, DeferredElementTreeState treeState, Action`2 originChangedAction)
   à System.Windows.ReverseInheritProperty.FirePropertyChangeInAncestry(DependencyObject element, Boolean oldValue, DeferredElementTreeState treeState, Action`2 originChangedAction)
   à System.Windows.ReverseInheritProperty.FirePropertyChangeInAncestry(DependencyObject element, Boolean oldValue, DeferredElementTreeState treeState, Action`2 originChangedAction)
   à System.Windows.ReverseInheritProperty.FirePropertyChangeInAncestry(DependencyObject element, Boolean oldValue, DeferredElementTreeState treeState, Action`2 originChangedAction)
   à System.Windows.ReverseInheritProperty.FirePropertyChangeInAncestry(DependencyObject element, Boolean oldValue, DeferredElementTreeState treeState, Action`2 originChangedAction)
   à System.Windows.ReverseInheritProperty.FirePropertyChangeInAncestry(DependencyObject element, Boolean oldValue, DeferredElementTreeState treeState, Action`2 originChangedAction)
   à System.Windows.ReverseInheritProperty.FirePropertyChangeInAncestry(DependencyObject element, Boolean oldValue, DeferredElementTreeState treeState, Action`2 originChangedAction)
   à System.Windows.ReverseInheritProperty.FirePropertyChangeInAncestry(DependencyObject element, Boolean oldValue, DeferredElementTreeState treeState, Action`2 originChangedAction)
   à System.Windows.ReverseInheritProperty.FirePropertyChangeInAncestry(DependencyObject element, Boolean oldValue, DeferredElementTreeState treeState, Action`2 originChangedAction)
   à System.Windows.ReverseInheritProperty.FirePropertyChangeInAncestry(DependencyObject element, Boolean oldValue, DeferredElementTreeState treeState, Action`2 originChangedAction)
   à System.Windows.ReverseInheritProperty.FirePropertyChangeInAncestry(DependencyObject element, Boolean oldValue, DeferredElementTreeState treeState, Action`2 originChangedAction)
   à System.Windows.ReverseInheritProperty.FirePropertyChangeInAncestry(DependencyObject element, Boolean oldValue, DeferredElementTreeState treeState, Action`2 originChangedAction)
   à System.Windows.ReverseInheritProperty.FirePropertyChangeInAncestry(DependencyObject element, Boolean oldValue, DeferredElementTreeState treeState, Action`2 originChangedAction)
   à System.Windows.ReverseInheritProperty.FirePropertyChangeInAncestry(DependencyObject element, Boolean oldValue, DeferredElementTreeState treeState, Action`2 originChangedAction)
   à System.Windows.ReverseInheritProperty.FirePropertyChangeInAncestry(DependencyObject element, Boolean oldValue, DeferredElementTreeState treeState, Action`2 originChangedAction)
   à System.Windows.ReverseInheritProperty.OnOriginValueChanged(DependencyObject oldOrigin, DependencyObject newOrigin, IList`1 otherOrigins, DeferredElementTreeState& oldTreeState, Action`2 originChangedAction)
   à System.Windows.Input.MouseDevice.ChangeMouseOver(IInputElement mouseOver, Int32 timestamp)
   à System.Windows.Input.MouseDevice.PreNotifyInput(Object sender, NotifyInputEventArgs e)
   à System.Windows.Input.InputManager.ProcessStagingArea()
   à System.Windows.Input.InputManager.ProcessInput(InputEventArgs input)
   à System.Windows.Input.InputProviderSite.ReportInput(InputReport inputReport)
   à System.Windows.Interop.HwndMouseInputProvider.ReportInput(IntPtr hwnd, InputMode mode, Int32 timestamp, RawMouseActions actions, Int32 x, Int32 y, Int32 wheel)
   à System.Windows.Interop.HwndMouseInputProvider.FilterMessage(IntPtr hwnd, WindowMessage msg, IntPtr wParam, IntPtr lParam, Boolean& handled)
   à System.Windows.Interop.HwndSource.InputFilterMessage(IntPtr hwnd, Int32 msg, IntPtr wParam, IntPtr lParam, Boolean& handled)
   à MS.Win32.HwndWrapper.WndProc(IntPtr hwnd, Int32 msg, IntPtr wParam, IntPtr lParam, Boolean& handled)
   à MS.Win32.HwndSubclass.DispatcherCallbackOperation(Object o)
   à System.Windows.Threading.ExceptionWrapper.InternalRealCall(Delegate callback, Object args, Int32 numArgs)
   à System.Windows.Threading.ExceptionWrapper.TryCatchWhen(Object source, Delegate callback, Object args, Int32 numArgs, Delegate catchHandler)
10|2017-07-22 09:49:21.5632|FATAL||My.CoachManager.CrossCutting.Logging.Supervision.Logger|System.InvalidOperationException: '{DependencyProperty.UnsetValue}' n'est pas une valeur valide pour la propriété 'BorderBrush'.
   à System.Windows.DependencyObject.GetEffectiveValue(EntryIndex entryIndex, DependencyProperty dp, RequestFlags requests)
   à System.Windows.DependencyObject.GetValueEntry(EntryIndex entryIndex, DependencyProperty dp, PropertyMetadata metadata, RequestFlags requests)
   à System.Windows.DependencyObject.GetValue(DependencyProperty dp)
   à System.Windows.StyleHelper.GetChildValueHelper(UncommonField`1 dataField, ItemStructList`1& valueLookupList, DependencyProperty dp, DependencyObject container, FrameworkObject child, Int32 childIndex, Boolean styleLookup, EffectiveValueEntry& entry, ValueLookupType& sourceType, FrameworkElementFactory templateRoot)
   à System.Windows.StyleHelper.GetChildValue(UncommonField`1 dataField, DependencyObject container, Int32 childIndex, FrameworkObject child, DependencyProperty dp, FrugalStructList`1& childRecordFromChildIndex, EffectiveValueEntry& entry, ValueLookupType& sourceType, FrameworkElementFactory templateRoot)
   à System.Windows.StyleHelper.GetValueFromTemplatedParent(DependencyObject container, Int32 childIndex, FrameworkObject child, DependencyProperty dp, FrugalStructList`1& childRecordFromChildIndex, FrameworkElementFactory templateRoot, EffectiveValueEntry& entry)
   à System.Windows.FrameworkElement.GetValueFromTemplatedParent(DependencyProperty dp, EffectiveValueEntry& entry)
   à System.Windows.FrameworkElement.GetRawValue(DependencyProperty dp, PropertyMetadata metadata, EffectiveValueEntry& entry)
   à System.Windows.FrameworkElement.EvaluateBaseValueCore(DependencyProperty dp, PropertyMetadata metadata, EffectiveValueEntry& newEntry)
   à System.Windows.DependencyObject.EvaluateEffectiveValue(EntryIndex entryIndex, DependencyProperty dp, PropertyMetadata metadata, EffectiveValueEntry oldEntry, EffectiveValueEntry newEntry, OperationType operationType)
   à System.Windows.DependencyObject.UpdateEffectiveValue(EntryIndex entryIndex, DependencyProperty dp, PropertyMetadata metadata, EffectiveValueEntry oldEntry, EffectiveValueEntry& newEntry, Boolean coerceWithDeferredReference, Boolean coerceWithCurrentValue, OperationType operationType)
   à System.Windows.DependencyObject.InvalidateProperty(DependencyProperty dp, Boolean preserveCurrentValue)
   à System.Windows.StyleHelper.InvalidateDependents(Style ownerStyle, FrameworkTemplate frameworkTemplate, DependencyObject container, DependencyProperty dp, FrugalStructList`1& dependents, Boolean invalidateOnlyContainer)
   à System.Windows.StyleHelper.OnTriggerSourcePropertyInvalidated(Style ownerStyle, FrameworkTemplate frameworkTemplate, DependencyObject container, DependencyProperty dp, DependencyPropertyChangedEventArgs changedArgs, Boolean invalidateOnlyContainer, FrugalStructList`1& triggerSourceRecordFromChildIndex, FrugalMap& propertyTriggersWithActions, Int32 sourceChildIndex)
   à System.Windows.FrameworkElement.OnPropertyChanged(DependencyPropertyChangedEventArgs e)
   à System.Windows.Controls.DataGridRow.OnPropertyChanged(DependencyPropertyChangedEventArgs e)
   à System.Windows.DependencyObject.NotifyPropertyChange(DependencyPropertyChangedEventArgs args)
   à System.Windows.DependencyObject.UpdateEffectiveValue(EntryIndex entryIndex, DependencyProperty dp, PropertyMetadata metadata, EffectiveValueEntry oldEntry, EffectiveValueEntry& newEntry, Boolean coerceWithDeferredReference, Boolean coerceWithCurrentValue, OperationType operationType)
   à System.Windows.DependencyObject.InvalidateProperty(DependencyProperty dp, Boolean preserveCurrentValue)
   à System.Windows.StyleHelper.InvalidateDependents(Style ownerStyle, FrameworkTemplate frameworkTemplate, DependencyObject container, DependencyProperty dp, FrugalStructList`1& dependents, Boolean invalidateOnlyContainer)
   à System.Windows.StyleHelper.OnTriggerSourcePropertyInvalidated(Style ownerStyle, FrameworkTemplate frameworkTemplate, DependencyObject container, DependencyProperty dp, DependencyPropertyChangedEventArgs changedArgs, Boolean invalidateOnlyContainer, FrugalStructList`1& triggerSourceRecordFromChildIndex, FrugalMap& propertyTriggersWithActions, Int32 sourceChildIndex)
   à System.Windows.FrameworkElement.OnPropertyChanged(DependencyPropertyChangedEventArgs e)
   à System.Windows.Controls.DataGridRow.OnPropertyChanged(DependencyPropertyChangedEventArgs e)
   à System.Windows.DependencyObject.NotifyPropertyChange(DependencyPropertyChangedEventArgs args)
   à System.Windows.DependencyObject.UpdateEffectiveValue(EntryIndex entryIndex, DependencyProperty dp, PropertyMetadata metadata, EffectiveValueEntry oldEntry, EffectiveValueEntry& newEntry, Boolean coerceWithDeferredReference, Boolean coerceWithCurrentValue, OperationType operationType)
   à System.Windows.DependencyObject.SetValueCommon(DependencyProperty dp, Object value, PropertyMetadata metadata, Boolean coerceWithDeferredReference, Boolean coerceWithCurrentValue, OperationType operationType, Boolean isInternal)
   à System.Windows.DependencyObject.SetValue(DependencyPropertyKey key, Object value)
   à System.Windows.ReverseInheritProperty.FirePropertyChangeInAncestry(DependencyObject element, Boolean oldValue, DeferredElementTreeState treeState, Action`2 originChangedAction)
   à System.Windows.ReverseInheritProperty.FirePropertyChangeInAncestry(DependencyObject element, Boolean oldValue, DeferredElementTreeState treeState, Action`2 originChangedAction)
   à System.Windows.ReverseInheritProperty.FirePropertyChangeInAncestry(DependencyObject element, Boolean oldValue, DeferredElementTreeState treeState, Action`2 originChangedAction)
   à System.Windows.ReverseInheritProperty.FirePropertyChangeInAncestry(DependencyObject element, Boolean oldValue, DeferredElementTreeState treeState, Action`2 originChangedAction)
   à System.Windows.ReverseInheritProperty.FirePropertyChangeInAncestry(DependencyObject element, Boolean oldValue, DeferredElementTreeState treeState, Action`2 originChangedAction)
   à System.Windows.ReverseInheritProperty.FirePropertyChangeInAncestry(DependencyObject element, Boolean oldValue, DeferredElementTreeState treeState, Action`2 originChangedAction)
   à System.Windows.ReverseInheritProperty.FirePropertyChangeInAncestry(DependencyObject element, Boolean oldValue, DeferredElementTreeState treeState, Action`2 originChangedAction)
   à System.Windows.ReverseInheritProperty.FirePropertyChangeInAncestry(DependencyObject element, Boolean oldValue, DeferredElementTreeState treeState, Action`2 originChangedAction)
   à System.Windows.ReverseInheritProperty.FirePropertyChangeInAncestry(DependencyObject element, Boolean oldValue, DeferredElementTreeState treeState, Action`2 originChangedAction)
   à System.Windows.ReverseInheritProperty.FirePropertyChangeInAncestry(DependencyObject element, Boolean oldValue, DeferredElementTreeState treeState, Action`2 originChangedAction)
   à System.Windows.ReverseInheritProperty.FirePropertyChangeInAncestry(DependencyObject element, Boolean oldValue, DeferredElementTreeState treeState, Action`2 originChangedAction)
   à System.Windows.ReverseInheritProperty.FirePropertyChangeInAncestry(DependencyObject element, Boolean oldValue, DeferredElementTreeState treeState, Action`2 originChangedAction)
   à System.Windows.ReverseInheritProperty.FirePropertyChangeInAncestry(DependencyObject element, Boolean oldValue, DeferredElementTreeState treeState, Action`2 originChangedAction)
   à System.Windows.ReverseInheritProperty.FirePropertyChangeInAncestry(DependencyObject element, Boolean oldValue, DeferredElementTreeState treeState, Action`2 originChangedAction)
   à System.Windows.ReverseInheritProperty.FirePropertyChangeInAncestry(DependencyObject element, Boolean oldValue, DeferredElementTreeState treeState, Action`2 originChangedAction)
   à System.Windows.ReverseInheritProperty.FirePropertyChangeInAncestry(DependencyObject element, Boolean oldValue, DeferredElementTreeState treeState, Action`2 originChangedAction)
   à System.Windows.ReverseInheritProperty.OnOriginValueChanged(DependencyObject oldOrigin, DependencyObject newOrigin, IList`1 otherOrigins, DeferredElementTreeState& oldTreeState, Action`2 originChangedAction)
   à System.Windows.Input.MouseDevice.ChangeMouseOver(IInputElement mouseOver, Int32 timestamp)
   à System.Windows.Input.MouseDevice.PreNotifyInput(Object sender, NotifyInputEventArgs e)
   à System.Windows.Input.InputManager.ProcessStagingArea()
   à System.Windows.Input.InputManager.ProcessInput(InputEventArgs input)
   à System.Windows.Input.InputProviderSite.ReportInput(InputReport inputReport)
   à System.Windows.Interop.HwndMouseInputProvider.ReportInput(IntPtr hwnd, InputMode mode, Int32 timestamp, RawMouseActions actions, Int32 x, Int32 y, Int32 wheel)
   à System.Windows.Interop.HwndMouseInputProvider.FilterMessage(IntPtr hwnd, WindowMessage msg, IntPtr wParam, IntPtr lParam, Boolean& handled)
   à System.Windows.Interop.HwndSource.InputFilterMessage(IntPtr hwnd, Int32 msg, IntPtr wParam, IntPtr lParam, Boolean& handled)
   à MS.Win32.HwndWrapper.WndProc(IntPtr hwnd, Int32 msg, IntPtr wParam, IntPtr lParam, Boolean& handled)
   à MS.Win32.HwndSubclass.DispatcherCallbackOperation(Object o)
   à System.Windows.Threading.ExceptionWrapper.InternalRealCall(Delegate callback, Object args, Int32 numArgs)
   à System.Windows.Threading.ExceptionWrapper.TryCatchWhen(Object source, Delegate callback, Object args, Int32 numArgs, Delegate catchHandler)
10|2017-07-22 10:07:18.6147|FATAL||My.CoachManager.CrossCutting.Logging.Supervision.Logger|System.Windows.Markup.XamlParseException: La valeur fournie sur 'System.Windows.Markup.StaticResourceHolder' a levé une exception. ---> System.Exception: Impossible de trouver la ressource nommée'HeaderTextStyle'. Les noms de ressources respectent la casse.
   à System.Windows.StaticResourceExtension.ProvideValueInternal(IServiceProvider serviceProvider, Boolean allowDeferredReference)
   à System.Windows.StaticResourceExtension.ProvideValue(IServiceProvider serviceProvider)
   à MS.Internal.Xaml.Runtime.ClrObjectRuntime.CallProvideValue(MarkupExtension me, IServiceProvider serviceProvider)
   --- Fin de la trace de la pile d'exception interne ---
   à System.Windows.FrameworkTemplate.LoadTemplateXaml(XamlReader templateReader, XamlObjectWriter currentWriter)
   à System.Windows.FrameworkTemplate.LoadTemplateXaml(XamlObjectWriter objectWriter)
   à System.Windows.FrameworkTemplate.LoadOptimizedTemplateContent(DependencyObject container, IComponentConnector componentConnector, IStyleConnector styleConnector, List`1 affectedChildren, UncommonField`1 templatedNonFeChildrenField)
   à System.Windows.FrameworkTemplate.LoadContent(DependencyObject container, List`1 affectedChildren)
   à System.Windows.StyleHelper.ApplyTemplateContent(UncommonField`1 dataField, DependencyObject container, FrameworkElementFactory templateRoot, Int32 lastChildIndex, HybridDictionary childIndexFromChildID, FrameworkTemplate frameworkTemplate)
   à System.Windows.FrameworkTemplate.ApplyTemplateContent(UncommonField`1 templateDataField, FrameworkElement container)
   à System.Windows.FrameworkElement.ApplyTemplate()
   à System.Windows.FrameworkElement.MeasureCore(Size availableSize)
   à System.Windows.UIElement.Measure(Size availableSize)
   à System.Windows.Documents.AdornerDecorator.MeasureOverride(Size constraint)
   à System.Windows.FrameworkElement.MeasureCore(Size availableSize)
   à System.Windows.UIElement.Measure(Size availableSize)
   à System.Windows.Controls.Decorator.MeasureOverride(Size constraint)
   à System.Windows.FrameworkElement.MeasureCore(Size availableSize)
   à System.Windows.UIElement.Measure(Size availableSize)
   à System.Windows.Controls.Primitives.PopupRoot.MeasureOverride(Size constraint)
   à System.Windows.FrameworkElement.MeasureCore(Size availableSize)
   à System.Windows.UIElement.Measure(Size availableSize)
   à System.Windows.Interop.HwndSource.SetLayoutSize()
   à System.Windows.Interop.HwndSource.set_RootVisualInternal(Visual value)
   à System.Windows.Interop.HwndSource.set_RootVisual(Visual value)
   à System.Windows.Controls.Primitives.Popup.SetRootVisualToPopupRoot()
   à System.Windows.Controls.Primitives.Popup.CreateWindow(Boolean asyncCall)
   à System.Windows.Controls.Primitives.Popup.OnIsOpenChanged(DependencyObject d, DependencyPropertyChangedEventArgs e)
   à System.Windows.DependencyObject.OnPropertyChanged(DependencyPropertyChangedEventArgs e)
   à System.Windows.FrameworkElement.OnPropertyChanged(DependencyPropertyChangedEventArgs e)
   à System.Windows.DependencyObject.NotifyPropertyChange(DependencyPropertyChangedEventArgs args)
   à System.Windows.DependencyObject.UpdateEffectiveValue(EntryIndex entryIndex, DependencyProperty dp, PropertyMetadata metadata, EffectiveValueEntry oldEntry, EffectiveValueEntry& newEntry, Boolean coerceWithDeferredReference, Boolean coerceWithCurrentValue, OperationType operationType)
   à System.Windows.DependencyObject.SetValueCommon(DependencyProperty dp, Object value, PropertyMetadata metadata, Boolean coerceWithDeferredReference, Boolean coerceWithCurrentValue, OperationType operationType, Boolean isInternal)
   à System.Windows.DependencyObject.SetValue(DependencyProperty dp, Object value)
   à Framework.UI.DragManager.OnPreviewGiveFeedback(Object sender, GiveFeedbackEventArgs e) dans c:\CodePlex\ElysiumExtra\Source\Framework.UI\DragAndDrop\DragManager.cs:ligne 363
   à System.Windows.GiveFeedbackEventArgs.InvokeEventHandler(Delegate genericHandler, Object genericTarget)
   à System.Windows.RoutedEventArgs.InvokeHandler(Delegate handler, Object target)
   à System.Windows.RoutedEventHandlerInfo.InvokeHandler(Object target, RoutedEventArgs routedEventArgs)
   à System.Windows.EventRoute.InvokeHandlersImpl(Object source, RoutedEventArgs args, Boolean reRaised)
   à System.Windows.UIElement.RaiseEventImpl(DependencyObject sender, RoutedEventArgs args)
   à System.Windows.UIElement.RaiseEvent(RoutedEventArgs e)
   à System.Windows.OleDragSource.RaiseGiveFeedbackEvent(GiveFeedbackEventArgs args)
   à System.Windows.OleDragSource.MS.Win32.UnsafeNativeMethods.IOleDropSource.OleGiveFeedback(Int32 effect)
   à MS.Win32.UnsafeNativeMethods.DoDragDrop(IDataObject dataObject, IOleDropSource dropSource, Int32 allowedEffects, Int32[] finalEffect)
   à System.Windows.OleServicesContext.OleDoDragDrop(IDataObject dataObject, IOleDropSource dropSource, Int32 allowedEffects, Int32[] finalEffect)
   à System.Windows.DragDrop.OleDoDragDrop(DependencyObject dragSource, DataObject dataObject, DragDropEffects allowedEffects)
   à System.Windows.DragDrop.DoDragDrop(DependencyObject dragSource, Object data, DragDropEffects allowedEffects)
   à Framework.UI.DragManager.OnPreviewMouseMove(Object sender, MouseEventArgs e) dans c:\CodePlex\ElysiumExtra\Source\Framework.UI\DragAndDrop\DragManager.cs:ligne 321
   à System.Windows.Input.MouseEventArgs.InvokeEventHandler(Delegate genericHandler, Object genericTarget)
   à System.Windows.RoutedEventArgs.InvokeHandler(Delegate handler, Object target)
   à System.Windows.RoutedEventHandlerInfo.InvokeHandler(Object target, RoutedEventArgs routedEventArgs)
   à System.Windows.EventRoute.InvokeHandlersImpl(Object source, RoutedEventArgs args, Boolean reRaised)
   à System.Windows.UIElement.RaiseEventImpl(DependencyObject sender, RoutedEventArgs args)
   à System.Windows.UIElement.RaiseTrustedEvent(RoutedEventArgs args)
   à System.Windows.UIElement.RaiseEvent(RoutedEventArgs args, Boolean trusted)
   à System.Windows.Input.InputManager.ProcessStagingArea()
   à System.Windows.Input.InputManager.ProcessInput(InputEventArgs input)
   à System.Windows.Input.MouseDevice.Synchronize()
   à System.Windows.Input.MouseDevice.ChangeMouseCapture(IInputElement mouseCapture, IMouseInputProvider providerCapture, CaptureMode captureMode, Int32 timestamp)
   à System.Windows.Input.MouseDevice.PreNotifyInput(Object sender, NotifyInputEventArgs e)
   à System.Windows.Input.InputManager.ProcessStagingArea()
   à System.Windows.Input.InputManager.ProcessInput(InputEventArgs input)
   à System.Windows.Input.InputProviderSite.ReportInput(InputReport inputReport)
   à System.Windows.Interop.HwndMouseInputProvider.ReportInput(IntPtr hwnd, InputMode mode, Int32 timestamp, RawMouseActions actions, Int32 x, Int32 y, Int32 wheel)
   à System.Windows.Interop.HwndMouseInputProvider.FilterMessage(IntPtr hwnd, WindowMessage msg, IntPtr wParam, IntPtr lParam, Boolean& handled)
   à System.Windows.Interop.HwndSource.InputFilterMessage(IntPtr hwnd, Int32 msg, IntPtr wParam, IntPtr lParam, Boolean& handled)
   à MS.Win32.HwndWrapper.WndProc(IntPtr hwnd, Int32 msg, IntPtr wParam, IntPtr lParam, Boolean& handled)
   à MS.Win32.HwndSubclass.DispatcherCallbackOperation(Object o)
   à System.Windows.Threading.ExceptionWrapper.InternalRealCall(Delegate callback, Object args, Int32 numArgs)
   à System.Windows.Threading.ExceptionWrapper.TryCatchWhen(Object source, Delegate callback, Object args, Int32 numArgs, Delegate catchHandler)
