10|2017-07-09 12:01:06.3090|FATAL||My.CoachManager.CrossCutting.Logging.Supervision.Logger|System.Exception: No target found for method RemovePhone.
   à Caliburn.Micro.ActionMessage.Invoke(Object eventArgs)
   à System.Windows.Interactivity.TriggerBase.InvokeActions(Object parameter)
   à System.Windows.Interactivity.EventTriggerBase.OnEvent(EventArgs eventArgs)
   à System.Windows.Interactivity.EventTriggerBase.OnEventImpl(Object sender, EventArgs eventArgs)
   à System.Windows.RoutedEventHandlerInfo.InvokeHandler(Object target, RoutedEventArgs routedEventArgs)
   à System.Windows.EventRoute.InvokeHandlersImpl(Object source, RoutedEventArgs args, Boolean reRaised)
   à System.Windows.UIElement.RaiseEventImpl(DependencyObject sender, RoutedEventArgs args)
   à System.Windows.UIElement.RaiseEvent(RoutedEventArgs e)
   à System.Windows.Controls.Primitives.ButtonBase.OnClick()
   à System.Windows.Controls.Button.OnClick()
   à System.Windows.Controls.Primitives.ButtonBase.OnMouseLeftButtonUp(MouseButtonEventArgs e)
   à System.Windows.UIElement.OnMouseLeftButtonUpThunk(Object sender, MouseButtonEventArgs e)
   à System.Windows.Input.MouseButtonEventArgs.InvokeEventHandler(Delegate genericHandler, Object genericTarget)
   à System.Windows.RoutedEventArgs.InvokeHandler(Delegate handler, Object target)
   à System.Windows.RoutedEventHandlerInfo.InvokeHandler(Object target, RoutedEventArgs routedEventArgs)
   à System.Windows.EventRoute.InvokeHandlersImpl(Object source, RoutedEventArgs args, Boolean reRaised)
   à System.Windows.UIElement.ReRaiseEventAs(DependencyObject sender, RoutedEventArgs args, RoutedEvent newEvent)
   à System.Windows.UIElement.OnMouseUpThunk(Object sender, MouseButtonEventArgs e)
   à System.Windows.Input.MouseButtonEventArgs.InvokeEventHandler(Delegate genericHandler, Object genericTarget)
   à System.Windows.RoutedEventArgs.InvokeHandler(Delegate handler, Object target)
   à System.Windows.RoutedEventHandlerInfo.InvokeHandler(Object target, RoutedEventArgs routedEventArgs)
   à System.Windows.EventRoute.InvokeHandlersImpl(Object source, RoutedEventArgs args, Boolean reRaised)
   à System.Windows.UIElement.RaiseEventImpl(DependencyObject sender, RoutedEventArgs args)
   à System.Windows.UIElement.RaiseTrustedEvent(RoutedEventArgs args)
   à System.Windows.UIElement.RaiseEvent(RoutedEventArgs args, Boolean trusted)
   à System.Windows.Input.InputManager.ProcessStagingArea()
   à System.Windows.Input.InputManager.ProcessInput(InputEventArgs input)
   à System.Windows.Input.InputProviderSite.ReportInput(InputReport inputReport)
   à System.Windows.Interop.HwndMouseInputProvider.ReportInput(IntPtr hwnd, InputMode mode, Int32 timestamp, RawMouseActions actions, Int32 x, Int32 y, Int32 wheel)
   à System.Windows.Interop.HwndMouseInputProvider.FilterMessage(IntPtr hwnd, WindowMessage msg, IntPtr wParam, IntPtr lParam, Boolean& handled)
   à System.Windows.Interop.HwndSource.InputFilterMessage(IntPtr hwnd, Int32 msg, IntPtr wParam, IntPtr lParam, Boolean& handled)
   à MS.Win32.HwndWrapper.WndProc(IntPtr hwnd, Int32 msg, IntPtr wParam, IntPtr lParam, Boolean& handled)
   à MS.Win32.HwndSubclass.DispatcherCallbackOperation(Object o)
   à System.Windows.Threading.ExceptionWrapper.InternalRealCall(Delegate callback, Object args, Int32 numArgs)
   à System.Windows.Threading.ExceptionWrapper.TryCatchWhen(Object source, Delegate callback, Object args, Int32 numArgs, Delegate catchHandler)
10|2017-07-09 15:42:31.3854|FATAL||My.CoachManager.CrossCutting.Logging.Supervision.Logger|System.InvalidCastException: Impossible d'effectuer un cast d'un objet de type 'System.Collections.ObjectModel.ObservableCollection`1[My.CoachManager.Presentation.ViewModels.PhoneViewModel]' en type 'System.Collections.ObjectModel.ObservableCollection`1[System.Object]'.
   à My.CoachManager.Presentation.Core.Converters.IsLastItemConverter.Convert(Object[] values, Type targetType, Object parameter, CultureInfo culture) dans C:\Users\andre\Documents\Visual Studio 2015\Projects\CoachManager\My.CoachManager.Presentation.Core\Converters\IsLastItemConverter.cs:ligne 38
   à System.Windows.Data.MultiBindingExpression.TransferValue()
   à System.Windows.Data.MultiBindingExpression.Transfer()
   à System.Windows.Data.MultiBindingExpression.UpdateTarget(Boolean includeInnerBindings)
   à System.Windows.Data.MultiBindingExpression.AttachToContext(Boolean lastChance)
   à System.Windows.Data.MultiBindingExpression.MS.Internal.Data.IDataBindEngineClient.AttachToContext(Boolean lastChance)
   à MS.Internal.Data.DataBindEngine.Task.Run(Boolean lastChance)
   à MS.Internal.Data.DataBindEngine.Run(Object arg)
   à System.Windows.Threading.ExceptionWrapper.InternalRealCall(Delegate callback, Object args, Int32 numArgs)
   à System.Windows.Threading.ExceptionWrapper.TryCatchWhen(Object source, Delegate callback, Object args, Int32 numArgs, Delegate catchHandler)
10|2017-07-09 16:20:28.4994|FATAL||My.CoachManager.CrossCutting.Logging.Supervision.Logger|System.Windows.Markup.XamlParseException: L'ajout d'une valeur à la collection de type 'System.Collections.ObjectModel.Collection(System.Windows.Data.BindingBase)' a levé une exception. ---> System.NotSupportedException: BindingCollection ne prend pas en charge les éléments de type MultiBinding. Seul Binding est autorisé.
   à MS.Internal.Data.BindingCollection.ValidateItem(BindingBase binding)
   à MS.Internal.Data.BindingCollection.InsertItem(Int32 index, BindingBase item)
   à System.Collections.ObjectModel.Collection`1.Add(T item)
   à System.Collections.ObjectModel.Collection`1.System.Collections.IList.Add(Object value)
   à System.Xaml.Schema.XamlTypeInvoker.AddToCollection(Object instance, Object item)
   à MS.Internal.Xaml.Runtime.ClrObjectRuntime.Add(Object collection, XamlType collectionType, Object value, XamlType valueXamlType)
   --- Fin de la trace de la pile d'exception interne ---
   à System.Windows.FrameworkTemplate.LoadTemplateXaml(XamlReader templateReader, XamlObjectWriter currentWriter)
   à System.Windows.FrameworkTemplate.LoadTemplateXaml(XamlObjectWriter objectWriter)
   à System.Windows.FrameworkTemplate.LoadOptimizedTemplateContent(DependencyObject container, IComponentConnector componentConnector, IStyleConnector styleConnector, List`1 affectedChildren, UncommonField`1 templatedNonFeChildrenField)
   à System.Windows.FrameworkTemplate.LoadContent(DependencyObject container, List`1 affectedChildren)
   à System.Windows.StyleHelper.ApplyTemplateContent(UncommonField`1 dataField, DependencyObject container, FrameworkElementFactory templateRoot, Int32 lastChildIndex, HybridDictionary childIndexFromChildID, FrameworkTemplate frameworkTemplate)
   à System.Windows.FrameworkTemplate.ApplyTemplateContent(UncommonField`1 templateDataField, FrameworkElement container)
   à System.Windows.FrameworkElement.ApplyTemplate()
   à System.Windows.FrameworkElement.MeasureCore(Size availableSize)
   à System.Windows.UIElement.Measure(Size availableSize)
   à System.Windows.Controls.StackPanel.StackMeasureHelper(IStackMeasure measureElement, IStackMeasureScrollData scrollData, Size constraint)
   à System.Windows.Controls.StackPanel.MeasureOverride(Size constraint)
   à System.Windows.FrameworkElement.MeasureCore(Size availableSize)
   à System.Windows.UIElement.Measure(Size availableSize)
   à System.Windows.ContextLayoutManager.UpdateLayout()
   à System.Windows.ContextLayoutManager.UpdateLayoutCallback(Object arg)
   à System.Windows.Media.MediaContext.InvokeOnRenderCallback.DoWork()
   à System.Windows.Media.MediaContext.FireInvokeOnRenderCallbacks()
   à System.Windows.Media.MediaContext.RenderMessageHandlerCore(Object resizedCompositionTarget)
   à System.Windows.Media.MediaContext.RenderMessageHandler(Object resizedCompositionTarget)
   à System.Windows.Threading.ExceptionWrapper.InternalRealCall(Delegate callback, Object args, Int32 numArgs)
   à System.Windows.Threading.ExceptionWrapper.TryCatchWhen(Object source, Delegate callback, Object args, Int32 numArgs, Delegate catchHandler)
10|2017-07-09 17:54:24.9190|FATAL||My.CoachManager.CrossCutting.Logging.Supervision.Logger|System.InvalidCastException: Impossible d'effectuer un cast d'un objet de type 'MS.Internal.NamedObject' en type 'System.Collections.IList'.
   à My.CoachManager.Presentation.Core.Converters.IsLastItemConverter.Convert(Object[] values, Type targetType, Object parameter, CultureInfo culture) dans C:\Users\andre\Documents\Visual Studio 2015\Projects\CoachManager\My.CoachManager.Presentation.Core\Converters\IsLastItemConverter.cs:ligne 38
   à System.Windows.Data.MultiBindingExpression.TransferValue()
   à System.Windows.Data.MultiBindingExpression.Transfer()
   à System.Windows.Data.MultiBindingExpression.UpdateTarget(Boolean includeInnerBindings)
   à System.Windows.Data.MultiBindingExpression.AttachToContext(Boolean lastChance)
   à System.Windows.Data.MultiBindingExpression.MS.Internal.Data.IDataBindEngineClient.AttachToContext(Boolean lastChance)
   à MS.Internal.Data.DataBindEngine.Task.Run(Boolean lastChance)
   à MS.Internal.Data.DataBindEngine.Run(Object arg)
   à System.Windows.Threading.ExceptionWrapper.InternalRealCall(Delegate callback, Object args, Int32 numArgs)
   à System.Windows.Threading.ExceptionWrapper.TryCatchWhen(Object source, Delegate callback, Object args, Int32 numArgs, Delegate catchHandler)
