9|2017-11-14 09:45:56.2055|FATAL||My.CoachManager.CrossCutting.Logging.Supervision.Logger|System.Data.Entity.Infrastructure.DbUpdateConcurrencyException: Store update, insert, or delete statement affected an unexpected number of rows (0). Entities may have been modified or deleted since entities were loaded. See http://go.microsoft.com/fwlink/?LinkId=472540 for information on understanding and handling optimistic concurrency exceptions. ---> System.Data.Entity.Infrastructure.DbUpdateConcurrencyException: Store update, insert, or delete statement affected an unexpected number of rows (0). Entities may have been modified or deleted since entities were loaded. See http://go.microsoft.com/fwlink/?LinkId=472540 for information on understanding and handling optimistic concurrency exceptions. ---> System.Data.Entity.Core.OptimisticConcurrencyException: Store update, insert, or delete statement affected an unexpected number of rows (0). Entities may have been modified or deleted since entities were loaded. See http://go.microsoft.com/fwlink/?LinkId=472540 for information on understanding and handling optimistic concurrency exceptions.
   à System.Data.Entity.Core.Mapping.Update.Internal.UpdateTranslator.ValidateRowsAffected(Int64 rowsAffected, UpdateCommand source)
   à System.Data.Entity.Core.Mapping.Update.Internal.UpdateTranslator.Update()
   à System.Data.Entity.Core.Objects.ObjectContext.ExecuteInTransaction[T](Func`1 func, IDbExecutionStrategy executionStrategy, Boolean startLocalTransaction, Boolean releaseConnectionOnSuccess)
   à System.Data.Entity.Core.Objects.ObjectContext.SaveChangesToStore(SaveOptions options, IDbExecutionStrategy executionStrategy, Boolean startLocalTransaction)
   à System.Data.Entity.SqlServer.DefaultSqlExecutionStrategy.Execute[TResult](Func`1 operation)
   à System.Data.Entity.Core.Objects.ObjectContext.SaveChangesInternal(SaveOptions options, Boolean executeInExistingTransaction)
   à System.Data.Entity.Internal.InternalContext.SaveChanges()
   --- Fin de la trace de la pile d'exception interne ---
   à DynamicModule.ns.Wrapped_IPlayerAppService_348f545ea4b94519b1694faead06676e.CreateOrUpdate(PlayerDto dto)
   à My.CoachManager.Services.Wcf.AdminService.CreateOrUpdatePlayer(PlayerDto dto) dans c:\Users\E0214719\Documents\Visual Studio 2012\Projects\CoachManager\My.CoachManager.Services.Wcf\AdminService.cs:ligne 199
   à SyncInvokeCreateOrUpdatePlayer(Object , Object[] , Object[] )
   à System.ServiceModel.Dispatcher.SyncMethodInvoker.Invoke(Object instance, Object[] inputs, Object[]& outputs)
   à System.ServiceModel.Dispatcher.DispatchOperationRuntime.InvokeBegin(MessageRpc& rpc)
   à System.ServiceModel.Dispatcher.ImmutableDispatchRuntime.ProcessMessage5(MessageRpc& rpc)
   à System.ServiceModel.Dispatcher.ImmutableDispatchRuntime.ProcessMessage11(MessageRpc& rpc)
   à System.ServiceModel.Dispatcher.MessageRpc.Process(Boolean isOperationContextSet)
   --- Fin de la trace de la pile d'exception interne ---

Server stack trace: 
   à My.CoachManager.Services.Core.MessageInspectors.ThrownExceptionsClientMessageInspector.AfterReceiveReply(Message& reply, Object correlationState) dans c:\Users\E0214719\Documents\Visual Studio 2012\Projects\CoachManager\My.CoachManager.Services.Core\MessageInspectors\ThrownExceptionsClientMessageInspector.cs:ligne 54
   à System.ServiceModel.Dispatcher.ImmutableClientRuntime.AfterReceiveReply(ProxyRpc& rpc)
   à System.ServiceModel.Channels.ServiceChannel.HandleReply(ProxyOperationRuntime operation, ProxyRpc& rpc)
   à System.ServiceModel.Channels.ServiceChannel.Call(String action, Boolean oneway, ProxyOperationRuntime operation, Object[] ins, Object[] outs, TimeSpan timeout)
   à System.ServiceModel.Channels.ServiceChannelProxy.InvokeService(IMethodCallMessage methodCall, ProxyOperationRuntime operation)
   à System.ServiceModel.Channels.ServiceChannelProxy.Invoke(IMessage message)

Exception rethrown at [0]: 
   à System.Runtime.Remoting.Proxies.RealProxy.HandleReturnMessage(IMessage reqMsg, IMessage retMsg)
   à System.Runtime.Remoting.Proxies.RealProxy.PrivateInvoke(MessageData& msgData, Int32 type)
   à My.CoachManager.Presentation.ServiceAgent.AdminServiceReference.IAdminService.CreateOrUpdatePlayer(PlayerDto dto)
   à My.CoachManager.Presentation.ServiceAgent.AdminServiceReference.AdminServiceClient.CreateOrUpdatePlayer(PlayerDto dto) dans c:\Users\E0214719\Documents\Visual Studio 2012\Projects\CoachManager\My.CoachManager.Presentation.ServiceAgent\Service References\AdminServiceReference\Reference.cs:ligne 315
   à My.CoachManager.Presentation.Prism.Administration.ViewModels.PlayerEditViewModel.SaveItemCore() dans c:\Users\E0214719\Documents\Visual Studio 2012\Projects\CoachManager\My.CoachManager.Presentation.Prism.Administration\ViewModels\PlayerEditViewModel.cs:ligne 141
   à My.CoachManager.Presentation.Prism.Core.ViewModels.EditViewModel`1.SaveItem() dans c:\Users\E0214719\Documents\Visual Studio 2012\Projects\CoachManager\My.CoachManager.Presentation.Prism.Core\ViewModels\EditViewModel.cs:ligne 153
9|2017-11-14 10:03:25.4694|FATAL||My.CoachManager.CrossCutting.Logging.Supervision.Logger|System.InvalidOperationException: Attaching an entity of type 'My.CoachManager.Domain.Entities.Email' failed because another entity of the same type already has the same primary key value. This can happen when using the 'Attach' method or setting the state of an entity to 'Unchanged' or 'Modified' if any entities in the graph have conflicting key values. This may be because some entities are new and have not yet received database-generated key values. In this case use the 'Add' method or the 'Added' entity state to track the graph and then set the state of non-new entities to 'Unchanged' or 'Modified' as appropriate. ---> System.InvalidOperationException: Attaching an entity of type 'My.CoachManager.Domain.Entities.Email' failed because another entity of the same type already has the same primary key value. This can happen when using the 'Attach' method or setting the state of an entity to 'Unchanged' or 'Modified' if any entities in the graph have conflicting key values. This may be because some entities are new and have not yet received database-generated key values. In this case use the 'Add' method or the 'Added' entity state to track the graph and then set the state of non-new entities to 'Unchanged' or 'Modified' as appropriate.
   à DynamicModule.ns.Wrapped_IPlayerAppService_3b2ae4e34c264122b01c63c3f218c839.CreateOrUpdate(PlayerDto dto)
   à My.CoachManager.Services.Wcf.AdminService.CreateOrUpdatePlayer(PlayerDto dto) dans c:\Users\E0214719\Documents\Visual Studio 2012\Projects\CoachManager\My.CoachManager.Services.Wcf\AdminService.cs:ligne 199
   à SyncInvokeCreateOrUpdatePlayer(Object , Object[] , Object[] )
   à System.ServiceModel.Dispatcher.SyncMethodInvoker.Invoke(Object instance, Object[] inputs, Object[]& outputs)
   à System.ServiceModel.Dispatcher.DispatchOperationRuntime.InvokeBegin(MessageRpc& rpc)
   à System.ServiceModel.Dispatcher.ImmutableDispatchRuntime.ProcessMessage5(MessageRpc& rpc)
   à System.ServiceModel.Dispatcher.ImmutableDispatchRuntime.ProcessMessage11(MessageRpc& rpc)
   à System.ServiceModel.Dispatcher.MessageRpc.Process(Boolean isOperationContextSet)
   --- Fin de la trace de la pile d'exception interne ---

Server stack trace: 
   à My.CoachManager.Services.Core.MessageInspectors.ThrownExceptionsClientMessageInspector.AfterReceiveReply(Message& reply, Object correlationState) dans c:\Users\E0214719\Documents\Visual Studio 2012\Projects\CoachManager\My.CoachManager.Services.Core\MessageInspectors\ThrownExceptionsClientMessageInspector.cs:ligne 54
   à System.ServiceModel.Dispatcher.ImmutableClientRuntime.AfterReceiveReply(ProxyRpc& rpc)
   à System.ServiceModel.Channels.ServiceChannel.HandleReply(ProxyOperationRuntime operation, ProxyRpc& rpc)
   à System.ServiceModel.Channels.ServiceChannel.Call(String action, Boolean oneway, ProxyOperationRuntime operation, Object[] ins, Object[] outs, TimeSpan timeout)
   à System.ServiceModel.Channels.ServiceChannelProxy.InvokeService(IMethodCallMessage methodCall, ProxyOperationRuntime operation)
   à System.ServiceModel.Channels.ServiceChannelProxy.Invoke(IMessage message)

Exception rethrown at [0]: 
   à System.Runtime.Remoting.Proxies.RealProxy.HandleReturnMessage(IMessage reqMsg, IMessage retMsg)
   à System.Runtime.Remoting.Proxies.RealProxy.PrivateInvoke(MessageData& msgData, Int32 type)
   à My.CoachManager.Presentation.ServiceAgent.AdminServiceReference.IAdminService.CreateOrUpdatePlayer(PlayerDto dto)
   à My.CoachManager.Presentation.ServiceAgent.AdminServiceReference.AdminServiceClient.CreateOrUpdatePlayer(PlayerDto dto) dans c:\Users\E0214719\Documents\Visual Studio 2012\Projects\CoachManager\My.CoachManager.Presentation.ServiceAgent\Service References\AdminServiceReference\Reference.cs:ligne 315
   à My.CoachManager.Presentation.Prism.Administration.ViewModels.PlayerEditViewModel.SaveItemCore() dans c:\Users\E0214719\Documents\Visual Studio 2012\Projects\CoachManager\My.CoachManager.Presentation.Prism.Administration\ViewModels\PlayerEditViewModel.cs:ligne 141
   à My.CoachManager.Presentation.Prism.Core.ViewModels.EditViewModel`1.SaveItem() dans c:\Users\E0214719\Documents\Visual Studio 2012\Projects\CoachManager\My.CoachManager.Presentation.Prism.Core\ViewModels\EditViewModel.cs:ligne 153
9|2017-11-14 10:03:55.2784|FATAL||My.CoachManager.CrossCutting.Logging.Supervision.Logger|System.InvalidOperationException: Attaching an entity of type 'My.CoachManager.Domain.Entities.Player' failed because another entity of the same type already has the same primary key value. This can happen when using the 'Attach' method or setting the state of an entity to 'Unchanged' or 'Modified' if any entities in the graph have conflicting key values. This may be because some entities are new and have not yet received database-generated key values. In this case use the 'Add' method or the 'Added' entity state to track the graph and then set the state of non-new entities to 'Unchanged' or 'Modified' as appropriate. ---> System.InvalidOperationException: Attaching an entity of type 'My.CoachManager.Domain.Entities.Player' failed because another entity of the same type already has the same primary key value. This can happen when using the 'Attach' method or setting the state of an entity to 'Unchanged' or 'Modified' if any entities in the graph have conflicting key values. This may be because some entities are new and have not yet received database-generated key values. In this case use the 'Add' method or the 'Added' entity state to track the graph and then set the state of non-new entities to 'Unchanged' or 'Modified' as appropriate.
   à DynamicModule.ns.Wrapped_IPlayerAppService_3b2ae4e34c264122b01c63c3f218c839.CreateOrUpdate(PlayerDto dto)
   à My.CoachManager.Services.Wcf.AdminService.CreateOrUpdatePlayer(PlayerDto dto) dans c:\Users\E0214719\Documents\Visual Studio 2012\Projects\CoachManager\My.CoachManager.Services.Wcf\AdminService.cs:ligne 199
   à SyncInvokeCreateOrUpdatePlayer(Object , Object[] , Object[] )
   à System.ServiceModel.Dispatcher.SyncMethodInvoker.Invoke(Object instance, Object[] inputs, Object[]& outputs)
   à System.ServiceModel.Dispatcher.DispatchOperationRuntime.InvokeBegin(MessageRpc& rpc)
   à System.ServiceModel.Dispatcher.ImmutableDispatchRuntime.ProcessMessage5(MessageRpc& rpc)
   à System.ServiceModel.Dispatcher.ImmutableDispatchRuntime.ProcessMessage11(MessageRpc& rpc)
   à System.ServiceModel.Dispatcher.MessageRpc.Process(Boolean isOperationContextSet)
   --- Fin de la trace de la pile d'exception interne ---

Server stack trace: 
   à My.CoachManager.Services.Core.MessageInspectors.ThrownExceptionsClientMessageInspector.AfterReceiveReply(Message& reply, Object correlationState) dans c:\Users\E0214719\Documents\Visual Studio 2012\Projects\CoachManager\My.CoachManager.Services.Core\MessageInspectors\ThrownExceptionsClientMessageInspector.cs:ligne 54
   à System.ServiceModel.Dispatcher.ImmutableClientRuntime.AfterReceiveReply(ProxyRpc& rpc)
   à System.ServiceModel.Channels.ServiceChannel.HandleReply(ProxyOperationRuntime operation, ProxyRpc& rpc)
   à System.ServiceModel.Channels.ServiceChannel.Call(String action, Boolean oneway, ProxyOperationRuntime operation, Object[] ins, Object[] outs, TimeSpan timeout)
   à System.ServiceModel.Channels.ServiceChannelProxy.InvokeService(IMethodCallMessage methodCall, ProxyOperationRuntime operation)
   à System.ServiceModel.Channels.ServiceChannelProxy.Invoke(IMessage message)

Exception rethrown at [0]: 
   à System.Runtime.Remoting.Proxies.RealProxy.HandleReturnMessage(IMessage reqMsg, IMessage retMsg)
   à System.Runtime.Remoting.Proxies.RealProxy.PrivateInvoke(MessageData& msgData, Int32 type)
   à My.CoachManager.Presentation.ServiceAgent.AdminServiceReference.IAdminService.CreateOrUpdatePlayer(PlayerDto dto)
   à My.CoachManager.Presentation.ServiceAgent.AdminServiceReference.AdminServiceClient.CreateOrUpdatePlayer(PlayerDto dto) dans c:\Users\E0214719\Documents\Visual Studio 2012\Projects\CoachManager\My.CoachManager.Presentation.ServiceAgent\Service References\AdminServiceReference\Reference.cs:ligne 315
   à My.CoachManager.Presentation.Prism.Administration.ViewModels.PlayerEditViewModel.SaveItemCore() dans c:\Users\E0214719\Documents\Visual Studio 2012\Projects\CoachManager\My.CoachManager.Presentation.Prism.Administration\ViewModels\PlayerEditViewModel.cs:ligne 141
   à My.CoachManager.Presentation.Prism.Core.ViewModels.EditViewModel`1.SaveItem() dans c:\Users\E0214719\Documents\Visual Studio 2012\Projects\CoachManager\My.CoachManager.Presentation.Prism.Core\ViewModels\EditViewModel.cs:ligne 153
24|2017-11-14 10:04:00.4639|FATAL||My.CoachManager.CrossCutting.Logging.Supervision.Logger|System.NullReferenceException: La référence d'objet n'est pas définie à une instance d'un objet.
   à My.CoachManager.Presentation.Prism.Administration.ViewModels.PlayerEditViewModel.LoadDataCore(Boolean isFirstLoading) dans c:\Users\E0214719\Documents\Visual Studio 2012\Projects\CoachManager\My.CoachManager.Presentation.Prism.Administration\ViewModels\PlayerEditViewModel.cs:ligne 151
   à My.CoachManager.Presentation.Prism.Core.ViewModels.ScreenViewModel.<>c__DisplayClass2.<LoadData>b__0() dans c:\Users\E0214719\Documents\Visual Studio 2012\Projects\CoachManager\My.CoachManager.Presentation.Prism.Core\ViewModels\ScreenViewModel.cs:ligne 96
15|2017-11-14 11:37:16.3894|FATAL||My.CoachManager.CrossCutting.Logging.Supervision.Logger|System.NullReferenceException: La référence d'objet n'est pas définie à une instance d'un objet.
   à My.CoachManager.Presentation.Prism.Administration.ViewModels.PlayerEditViewModel.LoadDataCore(Boolean isFirstLoading) dans c:\Users\E0214719\Documents\Visual Studio 2012\Projects\CoachManager\My.CoachManager.Presentation.Prism.Administration\ViewModels\PlayerEditViewModel.cs:ligne 151
   à My.CoachManager.Presentation.Prism.Core.ViewModels.ScreenViewModel.<>c__DisplayClass2.<LoadData>b__0() dans c:\Users\E0214719\Documents\Visual Studio 2012\Projects\CoachManager\My.CoachManager.Presentation.Prism.Core\ViewModels\ScreenViewModel.cs:ligne 96
9|2017-11-14 11:37:54.1752|FATAL||My.CoachManager.CrossCutting.Logging.Supervision.Logger|System.NullReferenceException: La référence d'objet n'est pas définie à une instance d'un objet.
   à My.CoachManager.Presentation.Prism.Administration.ViewModels.PlayerEditViewModel.LoadDataCore(Boolean isFirstLoading) dans c:\Users\E0214719\Documents\Visual Studio 2012\Projects\CoachManager\My.CoachManager.Presentation.Prism.Administration\ViewModels\PlayerEditViewModel.cs:ligne 151
   à My.CoachManager.Presentation.Prism.Core.ViewModels.ScreenViewModel.<>c__DisplayClass2.<LoadData>b__0() dans c:\Users\E0214719\Documents\Visual Studio 2012\Projects\CoachManager\My.CoachManager.Presentation.Prism.Core\ViewModels\ScreenViewModel.cs:ligne 96
13|2017-11-14 11:37:57.4615|FATAL||My.CoachManager.CrossCutting.Logging.Supervision.Logger|System.NullReferenceException: La référence d'objet n'est pas définie à une instance d'un objet.
   à My.CoachManager.Presentation.Prism.Administration.ViewModels.PlayerEditViewModel.LoadDataCore(Boolean isFirstLoading) dans c:\Users\E0214719\Documents\Visual Studio 2012\Projects\CoachManager\My.CoachManager.Presentation.Prism.Administration\ViewModels\PlayerEditViewModel.cs:ligne 151
   à My.CoachManager.Presentation.Prism.Core.ViewModels.ScreenViewModel.<>c__DisplayClass2.<LoadData>b__0() dans c:\Users\E0214719\Documents\Visual Studio 2012\Projects\CoachManager\My.CoachManager.Presentation.Prism.Core\ViewModels\ScreenViewModel.cs:ligne 96
8|2017-11-14 11:38:22.1650|FATAL||My.CoachManager.CrossCutting.Logging.Supervision.Logger|System.Data.Entity.Core.EntityCommandExecutionException: An error occurred while executing the command definition. See the inner exception for details. ---> System.Data.Entity.Core.EntityCommandExecutionException: An error occurred while executing the command definition. See the inner exception for details. ---> System.InvalidOperationException: La connexion ne prend pas en charge MultipleActiveResultSets.
   à System.Data.SqlClient.SqlInternalConnectionTds.ValidateConnectionForExecute(SqlCommand command)
   à System.Data.SqlClient.SqlCommand.ValidateCommand(String method, Boolean async)
   à System.Data.SqlClient.SqlCommand.RunExecuteReader(CommandBehavior cmdBehavior, RunBehavior runBehavior, Boolean returnStream, String method, TaskCompletionSource`1 completion, Int32 timeout, Task& task, Boolean asyncWrite)
   à System.Data.SqlClient.SqlCommand.RunExecuteReader(CommandBehavior cmdBehavior, RunBehavior runBehavior, Boolean returnStream, String method)
   à System.Data.SqlClient.SqlCommand.ExecuteReader(CommandBehavior behavior, String method)
   à System.Data.Entity.Infrastructure.Interception.DbCommandDispatcher.<Reader>b__c(DbCommand t, DbCommandInterceptionContext`1 c)
   à System.Data.Entity.Infrastructure.Interception.InternalDispatcher`1.Dispatch[TTarget,TInterceptionContext,TResult](TTarget target, Func`3 operation, TInterceptionContext interceptionContext, Action`3 executing, Action`3 executed)
   à System.Data.Entity.Infrastructure.Interception.DbCommandDispatcher.Reader(DbCommand command, DbCommandInterceptionContext interceptionContext)
   à System.Data.Entity.Internal.InterceptableDbCommand.ExecuteDbDataReader(CommandBehavior behavior)
   à System.Data.Entity.Core.EntityClient.Internal.EntityCommandDefinition.ExecuteStoreCommands(EntityCommand entityCommand, CommandBehavior behavior)
   --- Fin de la trace de la pile d'exception interne ---
   à DynamicModule.ns.Wrapped_IPlayerAppService_dd71699c8d0b4a77b9daddab25458f86.CreateOrUpdate(PlayerDto dto)
   à My.CoachManager.Services.Wcf.AdminService.CreateOrUpdatePlayer(PlayerDto dto) dans c:\Users\E0214719\Documents\Visual Studio 2012\Projects\CoachManager\My.CoachManager.Services.Wcf\AdminService.cs:ligne 199
   à SyncInvokeCreateOrUpdatePlayer(Object , Object[] , Object[] )
   à System.ServiceModel.Dispatcher.SyncMethodInvoker.Invoke(Object instance, Object[] inputs, Object[]& outputs)
   à System.ServiceModel.Dispatcher.DispatchOperationRuntime.InvokeBegin(MessageRpc& rpc)
   à System.ServiceModel.Dispatcher.ImmutableDispatchRuntime.ProcessMessage5(MessageRpc& rpc)
   à System.ServiceModel.Dispatcher.ImmutableDispatchRuntime.ProcessMessage11(MessageRpc& rpc)
   à System.ServiceModel.Dispatcher.MessageRpc.Process(Boolean isOperationContextSet)
   --- Fin de la trace de la pile d'exception interne ---

Server stack trace: 
   à My.CoachManager.Services.Core.MessageInspectors.ThrownExceptionsClientMessageInspector.AfterReceiveReply(Message& reply, Object correlationState) dans c:\Users\E0214719\Documents\Visual Studio 2012\Projects\CoachManager\My.CoachManager.Services.Core\MessageInspectors\ThrownExceptionsClientMessageInspector.cs:ligne 54
   à System.ServiceModel.Dispatcher.ImmutableClientRuntime.AfterReceiveReply(ProxyRpc& rpc)
   à System.ServiceModel.Channels.ServiceChannel.HandleReply(ProxyOperationRuntime operation, ProxyRpc& rpc)
   à System.ServiceModel.Channels.ServiceChannel.Call(String action, Boolean oneway, ProxyOperationRuntime operation, Object[] ins, Object[] outs, TimeSpan timeout)
   à System.ServiceModel.Channels.ServiceChannel.Call(String action, Boolean oneway, ProxyOperationRuntime operation, Object[] ins, Object[] outs)
   à System.ServiceModel.Channels.ServiceChannelProxy.InvokeService(IMethodCallMessage methodCall, ProxyOperationRuntime operation)
   à System.ServiceModel.Channels.ServiceChannelProxy.Invoke(IMessage message)

Exception rethrown at [0]: 
   à System.Runtime.Remoting.Proxies.RealProxy.HandleReturnMessage(IMessage reqMsg, IMessage retMsg)
   à System.Runtime.Remoting.Proxies.RealProxy.PrivateInvoke(MessageData& msgData, Int32 type)
   à My.CoachManager.Presentation.ServiceAgent.AdminServiceReference.IAdminService.CreateOrUpdatePlayer(PlayerDto dto)
   à My.CoachManager.Presentation.ServiceAgent.AdminServiceReference.AdminServiceClient.CreateOrUpdatePlayer(PlayerDto dto) dans c:\Users\E0214719\Documents\Visual Studio 2012\Projects\CoachManager\My.CoachManager.Presentation.ServiceAgent\Service References\AdminServiceReference\Reference.cs:ligne 315
   à My.CoachManager.Presentation.Prism.Administration.ViewModels.PlayerEditViewModel.SaveItemCore() dans c:\Users\E0214719\Documents\Visual Studio 2012\Projects\CoachManager\My.CoachManager.Presentation.Prism.Administration\ViewModels\PlayerEditViewModel.cs:ligne 141
   à My.CoachManager.Presentation.Prism.Core.ViewModels.EditViewModel`1.SaveItem() dans c:\Users\E0214719\Documents\Visual Studio 2012\Projects\CoachManager\My.CoachManager.Presentation.Prism.Core\ViewModels\EditViewModel.cs:ligne 153
15|2017-11-14 11:39:03.9542|FATAL||My.CoachManager.CrossCutting.Logging.Supervision.Logger|System.NullReferenceException: La référence d'objet n'est pas définie à une instance d'un objet.
   à My.CoachManager.Presentation.Prism.Administration.ViewModels.PlayerEditViewModel.LoadDataCore(Boolean isFirstLoading) dans c:\Users\E0214719\Documents\Visual Studio 2012\Projects\CoachManager\My.CoachManager.Presentation.Prism.Administration\ViewModels\PlayerEditViewModel.cs:ligne 151
   à My.CoachManager.Presentation.Prism.Core.ViewModels.ScreenViewModel.<>c__DisplayClass2.<LoadData>b__0() dans c:\Users\E0214719\Documents\Visual Studio 2012\Projects\CoachManager\My.CoachManager.Presentation.Prism.Core\ViewModels\ScreenViewModel.cs:ligne 96
17|2017-11-14 14:06:00.8248|FATAL||My.CoachManager.CrossCutting.Logging.Supervision.Logger|System.NullReferenceException: La référence d'objet n'est pas définie à une instance d'un objet.
   à My.CoachManager.Presentation.Prism.Administration.ViewModels.PlayerEditViewModel.LoadDataCore(Boolean isFirstLoading) dans c:\Users\E0214719\Documents\Visual Studio 2012\Projects\CoachManager\My.CoachManager.Presentation.Prism.Administration\ViewModels\PlayerEditViewModel.cs:ligne 151
   à My.CoachManager.Presentation.Prism.Core.ViewModels.ScreenViewModel.<>c__DisplayClass2.<LoadData>b__0() dans c:\Users\E0214719\Documents\Visual Studio 2012\Projects\CoachManager\My.CoachManager.Presentation.Prism.Core\ViewModels\ScreenViewModel.cs:ligne 96
6|2017-11-14 14:36:31.1038|FATAL||My.CoachManager.CrossCutting.Logging.Supervision.Logger|System.NullReferenceException: La référence d'objet n'est pas définie à une instance d'un objet.
   à My.CoachManager.Presentation.Prism.Administration.ViewModels.PlayerEditViewModel.LoadDataCore(Boolean isFirstLoading) dans c:\Users\E0214719\Documents\Visual Studio 2012\Projects\CoachManager\My.CoachManager.Presentation.Prism.Administration\ViewModels\PlayerEditViewModel.cs:ligne 151
   à My.CoachManager.Presentation.Prism.Core.ViewModels.ScreenViewModel.<>c__DisplayClass2.<LoadData>b__0() dans c:\Users\E0214719\Documents\Visual Studio 2012\Projects\CoachManager\My.CoachManager.Presentation.Prism.Core\ViewModels\ScreenViewModel.cs:ligne 96
20|2017-11-14 16:29:25.9004|FATAL||My.CoachManager.CrossCutting.Logging.Supervision.Logger|System.NullReferenceException: La référence d'objet n'est pas définie à une instance d'un objet.
   à My.CoachManager.Presentation.Prism.Administration.ViewModels.PlayerEditViewModel.LoadDataCore(Boolean isFirstLoading) dans c:\Users\E0214719\Documents\GitHub\CoachManager\My.CoachManager.Presentation.Prism.Administration\ViewModels\PlayerEditViewModel.cs:ligne 151
   à My.CoachManager.Presentation.Prism.Core.ViewModels.ScreenViewModel.<>c__DisplayClass2.<LoadData>b__0() dans c:\Users\E0214719\Documents\GitHub\CoachManager\My.CoachManager.Presentation.Prism.Core\ViewModels\ScreenViewModel.cs:ligne 96
19|2017-11-14 16:47:57.2235|FATAL||My.CoachManager.CrossCutting.Logging.Supervision.Logger|System.NullReferenceException: La référence d'objet n'est pas définie à une instance d'un objet.
   à My.CoachManager.Presentation.Prism.Administration.ViewModels.PlayerEditViewModel.LoadDataCore(Boolean isFirstLoading) dans c:\Users\E0214719\Documents\GitHub\CoachManager\My.CoachManager.Presentation.Prism.Administration\ViewModels\PlayerEditViewModel.cs:ligne 151
   à My.CoachManager.Presentation.Prism.Core.ViewModels.ScreenViewModel.<>c__DisplayClass2.<LoadData>b__0() dans c:\Users\E0214719\Documents\GitHub\CoachManager\My.CoachManager.Presentation.Prism.Core\ViewModels\ScreenViewModel.cs:ligne 96
16|2017-11-14 16:49:05.8974|FATAL||My.CoachManager.CrossCutting.Logging.Supervision.Logger|System.NullReferenceException: La référence d'objet n'est pas définie à une instance d'un objet.
   à My.CoachManager.Presentation.Prism.Administration.ViewModels.PlayerEditViewModel.LoadDataCore(Boolean isFirstLoading) dans c:\Users\E0214719\Documents\GitHub\CoachManager\My.CoachManager.Presentation.Prism.Administration\ViewModels\PlayerEditViewModel.cs:ligne 151
   à My.CoachManager.Presentation.Prism.Core.ViewModels.ScreenViewModel.<>c__DisplayClass2.<LoadData>b__0() dans c:\Users\E0214719\Documents\GitHub\CoachManager\My.CoachManager.Presentation.Prism.Core\ViewModels\ScreenViewModel.cs:ligne 96
16|2017-11-14 16:49:09.9318|FATAL||My.CoachManager.CrossCutting.Logging.Supervision.Logger|System.NullReferenceException: La référence d'objet n'est pas définie à une instance d'un objet.
   à My.CoachManager.Presentation.Prism.Administration.ViewModels.PlayerEditViewModel.LoadDataCore(Boolean isFirstLoading) dans c:\Users\E0214719\Documents\GitHub\CoachManager\My.CoachManager.Presentation.Prism.Administration\ViewModels\PlayerEditViewModel.cs:ligne 151
   à My.CoachManager.Presentation.Prism.Core.ViewModels.ScreenViewModel.<>c__DisplayClass2.<LoadData>b__0() dans c:\Users\E0214719\Documents\GitHub\CoachManager\My.CoachManager.Presentation.Prism.Core\ViewModels\ScreenViewModel.cs:ligne 96
