8|2017-07-13 09:43:16.5876|FATAL||My.CoachManager.CrossCutting.Logging.Supervision.Logger|System.Exception: No target found for method ShowSelectedItem.
   à Caliburn.Micro.ActionMessage.Invoke(Object eventArgs)
   à System.Windows.Interactivity.TriggerBase.InvokeActions(Object parameter)
   à System.Windows.Interactivity.EventTriggerBase.OnEvent(EventArgs eventArgs)
   à System.Windows.Interactivity.EventTriggerBase.OnEventImpl(Object sender, EventArgs eventArgs)
   à System.Windows.Input.MouseButtonEventArgs.InvokeEventHandler(Delegate genericHandler, Object genericTarget)
   à System.Windows.RoutedEventArgs.InvokeHandler(Delegate handler, Object target)
   à System.Windows.RoutedEventHandlerInfo.InvokeHandler(Object target, RoutedEventArgs routedEventArgs)
   à System.Windows.EventRoute.InvokeHandlersImpl(Object source, RoutedEventArgs args, Boolean reRaised)
   à System.Windows.UIElement.RaiseEventImpl(DependencyObject sender, RoutedEventArgs args)
   à System.Windows.UIElement.RaiseEvent(RoutedEventArgs e)
   à System.Windows.Controls.Control.OnMouseDoubleClick(MouseButtonEventArgs e)
   à System.Windows.Controls.Control.HandleDoubleClick(Object sender, MouseButtonEventArgs e)
   à System.Windows.Input.MouseButtonEventArgs.InvokeEventHandler(Delegate genericHandler, Object genericTarget)
   à System.Windows.RoutedEventArgs.InvokeHandler(Delegate handler, Object target)
   à System.Windows.RoutedEventHandlerInfo.InvokeHandler(Object target, RoutedEventArgs routedEventArgs)
   à System.Windows.EventRoute.InvokeHandlersImpl(Object source, RoutedEventArgs args, Boolean reRaised)
   à System.Windows.UIElement.ReRaiseEventAs(DependencyObject sender, RoutedEventArgs args, RoutedEvent newEvent)
   à System.Windows.UIElement.OnMouseDownThunk(Object sender, MouseButtonEventArgs e)
   à System.Windows.Input.MouseButtonEventArgs.InvokeEventHandler(Delegate genericHandler, Object genericTarget)
   à System.Windows.RoutedEventArgs.InvokeHandler(Delegate handler, Object target)
   à System.Windows.RoutedEventHandlerInfo.InvokeHandler(Object target, RoutedEventArgs routedEventArgs)
   à System.Windows.EventRoute.InvokeHandlersImpl(Object source, RoutedEventArgs args, Boolean reRaised)
   à System.Windows.UIElement.RaiseEventImpl(DependencyObject sender, RoutedEventArgs args)
   à System.Windows.UIElement.RaiseTrustedEvent(RoutedEventArgs args)
   à System.Windows.UIElement.RaiseEvent(RoutedEventArgs args, Boolean trusted)
   à System.Windows.Input.InputManager.ProcessStagingArea()
   à System.Windows.Input.InputManager.ProcessInput(InputEventArgs input)
   à System.Windows.Input.InputProviderSite.ReportInput(InputReport inputReport)
   à System.Windows.Interop.HwndMouseInputProvider.ReportInput(IntPtr hwnd, InputMode mode, Int32 timestamp, RawMouseActions actions, Int32 x, Int32 y, Int32 wheel)
   à System.Windows.Interop.HwndMouseInputProvider.FilterMessage(IntPtr hwnd, WindowMessage msg, IntPtr wParam, IntPtr lParam, Boolean& handled)
   à System.Windows.Interop.HwndSource.InputFilterMessage(IntPtr hwnd, Int32 msg, IntPtr wParam, IntPtr lParam, Boolean& handled)
   à MS.Win32.HwndWrapper.WndProc(IntPtr hwnd, Int32 msg, IntPtr wParam, IntPtr lParam, Boolean& handled)
   à MS.Win32.HwndSubclass.DispatcherCallbackOperation(Object o)
   à System.Windows.Threading.ExceptionWrapper.InternalRealCall(Delegate callback, Object args, Int32 numArgs)
   à System.Windows.Threading.ExceptionWrapper.TryCatchWhen(Object source, Delegate callback, Object args, Int32 numArgs, Delegate catchHandler)
8|2017-07-13 09:56:34.2648|FATAL||My.CoachManager.CrossCutting.Logging.Supervision.Logger|System.Exception: No target found for method ShowSelectedItem.
   à Caliburn.Micro.ActionMessage.Invoke(Object eventArgs)
   à System.Windows.Interactivity.TriggerBase.InvokeActions(Object parameter)
   à System.Windows.Interactivity.EventTriggerBase.OnEvent(EventArgs eventArgs)
   à System.Windows.Interactivity.EventTriggerBase.OnEventImpl(Object sender, EventArgs eventArgs)
   à System.Windows.Input.MouseButtonEventArgs.InvokeEventHandler(Delegate genericHandler, Object genericTarget)
   à System.Windows.RoutedEventArgs.InvokeHandler(Delegate handler, Object target)
   à System.Windows.RoutedEventHandlerInfo.InvokeHandler(Object target, RoutedEventArgs routedEventArgs)
   à System.Windows.EventRoute.InvokeHandlersImpl(Object source, RoutedEventArgs args, Boolean reRaised)
   à System.Windows.UIElement.RaiseEventImpl(DependencyObject sender, RoutedEventArgs args)
   à System.Windows.UIElement.RaiseEvent(RoutedEventArgs e)
   à System.Windows.Controls.Control.OnMouseDoubleClick(MouseButtonEventArgs e)
   à System.Windows.Controls.Control.HandleDoubleClick(Object sender, MouseButtonEventArgs e)
   à System.Windows.Input.MouseButtonEventArgs.InvokeEventHandler(Delegate genericHandler, Object genericTarget)
   à System.Windows.RoutedEventArgs.InvokeHandler(Delegate handler, Object target)
   à System.Windows.RoutedEventHandlerInfo.InvokeHandler(Object target, RoutedEventArgs routedEventArgs)
   à System.Windows.EventRoute.InvokeHandlersImpl(Object source, RoutedEventArgs args, Boolean reRaised)
   à System.Windows.UIElement.ReRaiseEventAs(DependencyObject sender, RoutedEventArgs args, RoutedEvent newEvent)
   à System.Windows.UIElement.OnMouseDownThunk(Object sender, MouseButtonEventArgs e)
   à System.Windows.Input.MouseButtonEventArgs.InvokeEventHandler(Delegate genericHandler, Object genericTarget)
   à System.Windows.RoutedEventArgs.InvokeHandler(Delegate handler, Object target)
   à System.Windows.RoutedEventHandlerInfo.InvokeHandler(Object target, RoutedEventArgs routedEventArgs)
   à System.Windows.EventRoute.InvokeHandlersImpl(Object source, RoutedEventArgs args, Boolean reRaised)
   à System.Windows.UIElement.RaiseEventImpl(DependencyObject sender, RoutedEventArgs args)
   à System.Windows.UIElement.RaiseTrustedEvent(RoutedEventArgs args)
   à System.Windows.UIElement.RaiseEvent(RoutedEventArgs args, Boolean trusted)
   à System.Windows.Input.InputManager.ProcessStagingArea()
   à System.Windows.Input.InputManager.ProcessInput(InputEventArgs input)
   à System.Windows.Input.InputProviderSite.ReportInput(InputReport inputReport)
   à System.Windows.Interop.HwndMouseInputProvider.ReportInput(IntPtr hwnd, InputMode mode, Int32 timestamp, RawMouseActions actions, Int32 x, Int32 y, Int32 wheel)
   à System.Windows.Interop.HwndMouseInputProvider.FilterMessage(IntPtr hwnd, WindowMessage msg, IntPtr wParam, IntPtr lParam, Boolean& handled)
   à System.Windows.Interop.HwndSource.InputFilterMessage(IntPtr hwnd, Int32 msg, IntPtr wParam, IntPtr lParam, Boolean& handled)
   à MS.Win32.HwndWrapper.WndProc(IntPtr hwnd, Int32 msg, IntPtr wParam, IntPtr lParam, Boolean& handled)
   à MS.Win32.HwndSubclass.DispatcherCallbackOperation(Object o)
   à System.Windows.Threading.ExceptionWrapper.InternalRealCall(Delegate callback, Object args, Int32 numArgs)
   à System.Windows.Threading.ExceptionWrapper.TryCatchWhen(Object source, Delegate callback, Object args, Int32 numArgs, Delegate catchHandler)
8|2017-07-13 10:40:24.9498|FATAL||My.CoachManager.CrossCutting.Logging.Supervision.Logger|System.Exception: No target found for method ShowSelectedItem.
   à Caliburn.Micro.ActionMessage.Invoke(Object eventArgs)
   à System.Windows.Interactivity.TriggerBase.InvokeActions(Object parameter)
   à System.Windows.Interactivity.EventTriggerBase.OnEvent(EventArgs eventArgs)
   à System.Windows.Interactivity.EventTriggerBase.OnEventImpl(Object sender, EventArgs eventArgs)
   à System.Windows.Input.MouseButtonEventArgs.InvokeEventHandler(Delegate genericHandler, Object genericTarget)
   à System.Windows.RoutedEventArgs.InvokeHandler(Delegate handler, Object target)
   à System.Windows.RoutedEventHandlerInfo.InvokeHandler(Object target, RoutedEventArgs routedEventArgs)
   à System.Windows.EventRoute.InvokeHandlersImpl(Object source, RoutedEventArgs args, Boolean reRaised)
   à System.Windows.UIElement.RaiseEventImpl(DependencyObject sender, RoutedEventArgs args)
   à System.Windows.UIElement.RaiseEvent(RoutedEventArgs e)
   à System.Windows.Controls.Control.OnMouseDoubleClick(MouseButtonEventArgs e)
   à System.Windows.Controls.Control.HandleDoubleClick(Object sender, MouseButtonEventArgs e)
   à System.Windows.Input.MouseButtonEventArgs.InvokeEventHandler(Delegate genericHandler, Object genericTarget)
   à System.Windows.RoutedEventArgs.InvokeHandler(Delegate handler, Object target)
   à System.Windows.RoutedEventHandlerInfo.InvokeHandler(Object target, RoutedEventArgs routedEventArgs)
   à System.Windows.EventRoute.InvokeHandlersImpl(Object source, RoutedEventArgs args, Boolean reRaised)
   à System.Windows.UIElement.ReRaiseEventAs(DependencyObject sender, RoutedEventArgs args, RoutedEvent newEvent)
   à System.Windows.UIElement.OnMouseDownThunk(Object sender, MouseButtonEventArgs e)
   à System.Windows.Input.MouseButtonEventArgs.InvokeEventHandler(Delegate genericHandler, Object genericTarget)
   à System.Windows.RoutedEventArgs.InvokeHandler(Delegate handler, Object target)
   à System.Windows.RoutedEventHandlerInfo.InvokeHandler(Object target, RoutedEventArgs routedEventArgs)
   à System.Windows.EventRoute.InvokeHandlersImpl(Object source, RoutedEventArgs args, Boolean reRaised)
   à System.Windows.UIElement.RaiseEventImpl(DependencyObject sender, RoutedEventArgs args)
   à System.Windows.UIElement.RaiseTrustedEvent(RoutedEventArgs args)
   à System.Windows.UIElement.RaiseEvent(RoutedEventArgs args, Boolean trusted)
   à System.Windows.Input.InputManager.ProcessStagingArea()
   à System.Windows.Input.InputManager.ProcessInput(InputEventArgs input)
   à System.Windows.Input.InputProviderSite.ReportInput(InputReport inputReport)
   à System.Windows.Interop.HwndMouseInputProvider.ReportInput(IntPtr hwnd, InputMode mode, Int32 timestamp, RawMouseActions actions, Int32 x, Int32 y, Int32 wheel)
   à System.Windows.Interop.HwndMouseInputProvider.FilterMessage(IntPtr hwnd, WindowMessage msg, IntPtr wParam, IntPtr lParam, Boolean& handled)
   à System.Windows.Interop.HwndSource.InputFilterMessage(IntPtr hwnd, Int32 msg, IntPtr wParam, IntPtr lParam, Boolean& handled)
   à MS.Win32.HwndWrapper.WndProc(IntPtr hwnd, Int32 msg, IntPtr wParam, IntPtr lParam, Boolean& handled)
   à MS.Win32.HwndSubclass.DispatcherCallbackOperation(Object o)
   à System.Windows.Threading.ExceptionWrapper.InternalRealCall(Delegate callback, Object args, Int32 numArgs)
   à System.Windows.Threading.ExceptionWrapper.TryCatchWhen(Object source, Delegate callback, Object args, Int32 numArgs, Delegate catchHandler)
8|2017-07-13 11:16:12.0303|FATAL||My.CoachManager.CrossCutting.Logging.Supervision.Logger|System.Exception: No target found for method ShowSelectedItem.
   à Caliburn.Micro.ActionMessage.Invoke(Object eventArgs)
   à System.Windows.Interactivity.TriggerBase.InvokeActions(Object parameter)
   à System.Windows.Interactivity.EventTriggerBase.OnEvent(EventArgs eventArgs)
   à System.Windows.Interactivity.EventTriggerBase.OnEventImpl(Object sender, EventArgs eventArgs)
   à System.Windows.Input.MouseButtonEventArgs.InvokeEventHandler(Delegate genericHandler, Object genericTarget)
   à System.Windows.RoutedEventArgs.InvokeHandler(Delegate handler, Object target)
   à System.Windows.RoutedEventHandlerInfo.InvokeHandler(Object target, RoutedEventArgs routedEventArgs)
   à System.Windows.EventRoute.InvokeHandlersImpl(Object source, RoutedEventArgs args, Boolean reRaised)
   à System.Windows.UIElement.RaiseEventImpl(DependencyObject sender, RoutedEventArgs args)
   à System.Windows.UIElement.RaiseEvent(RoutedEventArgs e)
   à System.Windows.Controls.Control.OnMouseDoubleClick(MouseButtonEventArgs e)
   à System.Windows.Controls.Control.HandleDoubleClick(Object sender, MouseButtonEventArgs e)
   à System.Windows.Input.MouseButtonEventArgs.InvokeEventHandler(Delegate genericHandler, Object genericTarget)
   à System.Windows.RoutedEventArgs.InvokeHandler(Delegate handler, Object target)
   à System.Windows.RoutedEventHandlerInfo.InvokeHandler(Object target, RoutedEventArgs routedEventArgs)
   à System.Windows.EventRoute.InvokeHandlersImpl(Object source, RoutedEventArgs args, Boolean reRaised)
   à System.Windows.UIElement.ReRaiseEventAs(DependencyObject sender, RoutedEventArgs args, RoutedEvent newEvent)
   à System.Windows.UIElement.OnMouseDownThunk(Object sender, MouseButtonEventArgs e)
   à System.Windows.Input.MouseButtonEventArgs.InvokeEventHandler(Delegate genericHandler, Object genericTarget)
   à System.Windows.RoutedEventArgs.InvokeHandler(Delegate handler, Object target)
   à System.Windows.RoutedEventHandlerInfo.InvokeHandler(Object target, RoutedEventArgs routedEventArgs)
   à System.Windows.EventRoute.InvokeHandlersImpl(Object source, RoutedEventArgs args, Boolean reRaised)
   à System.Windows.UIElement.RaiseEventImpl(DependencyObject sender, RoutedEventArgs args)
   à System.Windows.UIElement.RaiseTrustedEvent(RoutedEventArgs args)
   à System.Windows.UIElement.RaiseEvent(RoutedEventArgs args, Boolean trusted)
   à System.Windows.Input.InputManager.ProcessStagingArea()
   à System.Windows.Input.InputManager.ProcessInput(InputEventArgs input)
   à System.Windows.Input.InputProviderSite.ReportInput(InputReport inputReport)
   à System.Windows.Interop.HwndMouseInputProvider.ReportInput(IntPtr hwnd, InputMode mode, Int32 timestamp, RawMouseActions actions, Int32 x, Int32 y, Int32 wheel)
   à System.Windows.Interop.HwndMouseInputProvider.FilterMessage(IntPtr hwnd, WindowMessage msg, IntPtr wParam, IntPtr lParam, Boolean& handled)
   à System.Windows.Interop.HwndSource.InputFilterMessage(IntPtr hwnd, Int32 msg, IntPtr wParam, IntPtr lParam, Boolean& handled)
   à MS.Win32.HwndWrapper.WndProc(IntPtr hwnd, Int32 msg, IntPtr wParam, IntPtr lParam, Boolean& handled)
   à MS.Win32.HwndSubclass.DispatcherCallbackOperation(Object o)
   à System.Windows.Threading.ExceptionWrapper.InternalRealCall(Delegate callback, Object args, Int32 numArgs)
   à System.Windows.Threading.ExceptionWrapper.TryCatchWhen(Object source, Delegate callback, Object args, Int32 numArgs, Delegate catchHandler)
8|2017-07-13 14:13:51.9557|FATAL||My.CoachManager.CrossCutting.Logging.Supervision.Logger|System.Exception: No target found for method OpenItem.
   à Caliburn.Micro.ActionMessage.Invoke(Object eventArgs)
   à System.Windows.Interactivity.TriggerBase.InvokeActions(Object parameter)
   à System.Windows.Interactivity.EventTriggerBase.OnEvent(EventArgs eventArgs)
   à System.Windows.Interactivity.EventTriggerBase.OnEventImpl(Object sender, EventArgs eventArgs)
   à System.Windows.Input.MouseButtonEventArgs.InvokeEventHandler(Delegate genericHandler, Object genericTarget)
   à System.Windows.RoutedEventArgs.InvokeHandler(Delegate handler, Object target)
   à System.Windows.RoutedEventHandlerInfo.InvokeHandler(Object target, RoutedEventArgs routedEventArgs)
   à System.Windows.EventRoute.InvokeHandlersImpl(Object source, RoutedEventArgs args, Boolean reRaised)
   à System.Windows.UIElement.RaiseEventImpl(DependencyObject sender, RoutedEventArgs args)
   à System.Windows.UIElement.RaiseEvent(RoutedEventArgs e)
   à System.Windows.Controls.Control.OnMouseDoubleClick(MouseButtonEventArgs e)
   à System.Windows.Controls.Control.HandleDoubleClick(Object sender, MouseButtonEventArgs e)
   à System.Windows.Input.MouseButtonEventArgs.InvokeEventHandler(Delegate genericHandler, Object genericTarget)
   à System.Windows.RoutedEventArgs.InvokeHandler(Delegate handler, Object target)
   à System.Windows.RoutedEventHandlerInfo.InvokeHandler(Object target, RoutedEventArgs routedEventArgs)
   à System.Windows.EventRoute.InvokeHandlersImpl(Object source, RoutedEventArgs args, Boolean reRaised)
   à System.Windows.UIElement.ReRaiseEventAs(DependencyObject sender, RoutedEventArgs args, RoutedEvent newEvent)
   à System.Windows.UIElement.OnMouseDownThunk(Object sender, MouseButtonEventArgs e)
   à System.Windows.Input.MouseButtonEventArgs.InvokeEventHandler(Delegate genericHandler, Object genericTarget)
   à System.Windows.RoutedEventArgs.InvokeHandler(Delegate handler, Object target)
   à System.Windows.RoutedEventHandlerInfo.InvokeHandler(Object target, RoutedEventArgs routedEventArgs)
   à System.Windows.EventRoute.InvokeHandlersImpl(Object source, RoutedEventArgs args, Boolean reRaised)
   à System.Windows.UIElement.RaiseEventImpl(DependencyObject sender, RoutedEventArgs args)
   à System.Windows.UIElement.RaiseTrustedEvent(RoutedEventArgs args)
   à System.Windows.UIElement.RaiseEvent(RoutedEventArgs args, Boolean trusted)
   à System.Windows.Input.InputManager.ProcessStagingArea()
   à System.Windows.Input.InputManager.ProcessInput(InputEventArgs input)
   à System.Windows.Input.InputProviderSite.ReportInput(InputReport inputReport)
   à System.Windows.Interop.HwndMouseInputProvider.ReportInput(IntPtr hwnd, InputMode mode, Int32 timestamp, RawMouseActions actions, Int32 x, Int32 y, Int32 wheel)
   à System.Windows.Interop.HwndMouseInputProvider.FilterMessage(IntPtr hwnd, WindowMessage msg, IntPtr wParam, IntPtr lParam, Boolean& handled)
   à System.Windows.Interop.HwndSource.InputFilterMessage(IntPtr hwnd, Int32 msg, IntPtr wParam, IntPtr lParam, Boolean& handled)
   à MS.Win32.HwndWrapper.WndProc(IntPtr hwnd, Int32 msg, IntPtr wParam, IntPtr lParam, Boolean& handled)
   à MS.Win32.HwndSubclass.DispatcherCallbackOperation(Object o)
   à System.Windows.Threading.ExceptionWrapper.InternalRealCall(Delegate callback, Object args, Int32 numArgs)
   à System.Windows.Threading.ExceptionWrapper.TryCatchWhen(Object source, Delegate callback, Object args, Int32 numArgs, Delegate catchHandler)
8|2017-07-13 15:11:19.7735|FATAL||My.CoachManager.CrossCutting.Logging.Supervision.Logger|System.NullReferenceException: La référence d'objet n'est pas définie à une instance d'un objet.
   à My.CoachManager.Presentation.Core.Behaviors.AttachedCommandBehavior.CommandBehaviorBinding.Execute() dans c:\Users\E0214719\Documents\Visual Studio 2012\Projects\CoachManager\My.CoachManager.Presentation.Core\Behaviors\AttachedCommandBehavior\CommandBehaviorBinding.cs:ligne 104
   à (CommandBehaviorBinding , Object , MouseButtonEventArgs )
   à System.Windows.Input.MouseButtonEventArgs.InvokeEventHandler(Delegate genericHandler, Object genericTarget)
   à System.Windows.RoutedEventArgs.InvokeHandler(Delegate handler, Object target)
   à System.Windows.RoutedEventHandlerInfo.InvokeHandler(Object target, RoutedEventArgs routedEventArgs)
   à System.Windows.EventRoute.InvokeHandlersImpl(Object source, RoutedEventArgs args, Boolean reRaised)
   à System.Windows.UIElement.RaiseEventImpl(DependencyObject sender, RoutedEventArgs args)
   à System.Windows.UIElement.RaiseEvent(RoutedEventArgs e)
   à System.Windows.Controls.Control.OnMouseDoubleClick(MouseButtonEventArgs e)
   à System.Windows.Controls.Control.HandleDoubleClick(Object sender, MouseButtonEventArgs e)
   à System.Windows.Input.MouseButtonEventArgs.InvokeEventHandler(Delegate genericHandler, Object genericTarget)
   à System.Windows.RoutedEventArgs.InvokeHandler(Delegate handler, Object target)
   à System.Windows.RoutedEventHandlerInfo.InvokeHandler(Object target, RoutedEventArgs routedEventArgs)
   à System.Windows.EventRoute.InvokeHandlersImpl(Object source, RoutedEventArgs args, Boolean reRaised)
   à System.Windows.UIElement.ReRaiseEventAs(DependencyObject sender, RoutedEventArgs args, RoutedEvent newEvent)
   à System.Windows.UIElement.OnMouseDownThunk(Object sender, MouseButtonEventArgs e)
   à System.Windows.Input.MouseButtonEventArgs.InvokeEventHandler(Delegate genericHandler, Object genericTarget)
   à System.Windows.RoutedEventArgs.InvokeHandler(Delegate handler, Object target)
   à System.Windows.RoutedEventHandlerInfo.InvokeHandler(Object target, RoutedEventArgs routedEventArgs)
   à System.Windows.EventRoute.InvokeHandlersImpl(Object source, RoutedEventArgs args, Boolean reRaised)
   à System.Windows.UIElement.RaiseEventImpl(DependencyObject sender, RoutedEventArgs args)
   à System.Windows.UIElement.RaiseTrustedEvent(RoutedEventArgs args)
   à System.Windows.UIElement.RaiseEvent(RoutedEventArgs args, Boolean trusted)
   à System.Windows.Input.InputManager.ProcessStagingArea()
   à System.Windows.Input.InputManager.ProcessInput(InputEventArgs input)
   à System.Windows.Input.InputProviderSite.ReportInput(InputReport inputReport)
   à System.Windows.Interop.HwndMouseInputProvider.ReportInput(IntPtr hwnd, InputMode mode, Int32 timestamp, RawMouseActions actions, Int32 x, Int32 y, Int32 wheel)
   à System.Windows.Interop.HwndMouseInputProvider.FilterMessage(IntPtr hwnd, WindowMessage msg, IntPtr wParam, IntPtr lParam, Boolean& handled)
   à System.Windows.Interop.HwndSource.InputFilterMessage(IntPtr hwnd, Int32 msg, IntPtr wParam, IntPtr lParam, Boolean& handled)
   à MS.Win32.HwndWrapper.WndProc(IntPtr hwnd, Int32 msg, IntPtr wParam, IntPtr lParam, Boolean& handled)
   à MS.Win32.HwndSubclass.DispatcherCallbackOperation(Object o)
   à System.Windows.Threading.ExceptionWrapper.InternalRealCall(Delegate callback, Object args, Int32 numArgs)
   à System.Windows.Threading.ExceptionWrapper.TryCatchWhen(Object source, Delegate callback, Object args, Int32 numArgs, Delegate catchHandler)
