7|2017-08-07 16:32:09.5937|FATAL||My.CoachManager.CrossCutting.Logging.Supervision.Logger|System.Windows.Markup.XamlParseException: L'initialisation de 'Elysium.Controls.ToggleCommandButton' a levé une exception. ---> System.InvalidOperationException: Les membres de la collection Triggers doivent être de type EventTrigger.
   à System.Windows.EventTrigger.ProcessOneTrigger(FrameworkElement triggersHost, TriggerBase triggerBase)
   à System.Windows.EventTrigger.ProcessTriggerCollection(FrameworkElement triggersHost)
   à System.Windows.FrameworkElement.TryFireInitialized()
   à System.Windows.FrameworkElement.EndInit()
   à MS.Internal.Xaml.Runtime.ClrObjectRuntime.InitializationGuard(XamlType xamlType, Object obj, Boolean begin)
   --- Fin de la trace de la pile d'exception interne ---
   à System.Windows.FrameworkTemplate.LoadTemplateXaml(XamlReader templateReader, XamlObjectWriter currentWriter)
   à System.Windows.FrameworkTemplate.LoadTemplateXaml(XamlObjectWriter objectWriter)
   à System.Windows.FrameworkTemplate.LoadOptimizedTemplateContent(DependencyObject container, IComponentConnector componentConnector, IStyleConnector styleConnector, List`1 affectedChildren, UncommonField`1 templatedNonFeChildrenField)
   à System.Windows.FrameworkTemplate.LoadContent(DependencyObject container, List`1 affectedChildren)
   à System.Windows.StyleHelper.ApplyTemplateContent(UncommonField`1 dataField, DependencyObject container, FrameworkElementFactory templateRoot, Int32 lastChildIndex, HybridDictionary childIndexFromChildID, FrameworkTemplate frameworkTemplate)
   à System.Windows.FrameworkTemplate.ApplyTemplateContent(UncommonField`1 templateDataField, FrameworkElement container)
   à System.Windows.FrameworkElement.ApplyTemplate()
   à System.Windows.FrameworkElement.MeasureCore(Size availableSize)
   à System.Windows.UIElement.Measure(Size availableSize)
   à MS.Internal.Helper.MeasureElementWithSingleChild(UIElement element, Size constraint)
   à System.Windows.Controls.ContentPresenter.MeasureOverride(Size constraint)
   à System.Windows.FrameworkElement.MeasureCore(Size availableSize)
   à System.Windows.UIElement.Measure(Size availableSize)
   à System.Windows.Controls.Grid.MeasureOverride(Size constraint)
   à System.Windows.FrameworkElement.MeasureCore(Size availableSize)
   à System.Windows.UIElement.Measure(Size availableSize)
   à System.Windows.Controls.Border.MeasureOverride(Size constraint)
   à System.Windows.FrameworkElement.MeasureCore(Size availableSize)
   à System.Windows.UIElement.Measure(Size availableSize)
   à System.Windows.Controls.Control.MeasureOverride(Size constraint)
   à System.Windows.FrameworkElement.MeasureCore(Size availableSize)
   à System.Windows.UIElement.Measure(Size availableSize)
   à System.Windows.Controls.Grid.MeasureCell(Int32 cell, Boolean forceInfinityV)
   à System.Windows.Controls.Grid.MeasureCellsGroup(Int32 cellsHead, Size referenceSize, Boolean ignoreDesiredSizeU, Boolean forceInfinityV, Boolean& hasDesiredSizeUChanged)
   à System.Windows.Controls.Grid.MeasureCellsGroup(Int32 cellsHead, Size referenceSize, Boolean ignoreDesiredSizeU, Boolean forceInfinityV)
   à System.Windows.Controls.Grid.MeasureOverride(Size constraint)
   à System.Windows.FrameworkElement.MeasureCore(Size availableSize)
   à System.Windows.UIElement.Measure(Size availableSize)
   à System.Windows.ContextLayoutManager.UpdateLayout()
   à System.Windows.ContextLayoutManager.UpdateLayoutCallback(Object arg)
   à System.Windows.Media.MediaContext.InvokeOnRenderCallback.DoWork()
   à System.Windows.Media.MediaContext.FireInvokeOnRenderCallbacks()
   à System.Windows.Media.MediaContext.RenderMessageHandlerCore(Object resizedCompositionTarget)
   à System.Windows.Media.MediaContext.RenderMessageHandler(Object resizedCompositionTarget)
   à System.Windows.Threading.ExceptionWrapper.InternalRealCall(Delegate callback, Object args, Int32 numArgs)
   à System.Windows.Threading.ExceptionWrapper.TryCatchWhen(Object source, Delegate callback, Object args, Int32 numArgs, Delegate catchHandler)
