8|2017-07-21 09:39:25.6921|FATAL||My.CoachManager.CrossCutting.Logging.Supervision.Logger|System.Windows.Markup.XamlParseException: Impossible de trouver le nom 'BeginOpenedStoryboard' dans la portée de nom de 'System.Windows.Style'. ---> System.InvalidOperationException: Impossible de trouver le nom 'BeginOpenedStoryboard' dans la portée de nom de 'System.Windows.Style'.
   à System.Windows.Media.Animation.Storyboard.ResolveBeginStoryboardName(String targetName, INameScope nameScope, FrameworkElement fe, FrameworkContentElement fce)
   à System.Windows.Media.Animation.ControllableStoryboardAction.GetStoryboard(FrameworkElement fe, FrameworkContentElement fce, INameScope nameScope)
   à System.Windows.Media.Animation.ControllableStoryboardAction.Invoke(FrameworkElement fe, FrameworkContentElement fce, Style targetStyle, FrameworkTemplate frameworkTemplate, Int64 layer)
   à System.Windows.StyleHelper.InvokeEventTriggerActions(FrameworkElement fe, FrameworkContentElement fce, Style ownerStyle, FrameworkTemplate frameworkTemplate, Int32 childIndex, RoutedEvent Event)
   à System.Windows.StyleHelper.ExecuteEventTriggerActionsOnContainer(Object sender, RoutedEventArgs e)
   à System.Windows.RoutedEventHandlerInfo.InvokeHandler(Object target, RoutedEventArgs routedEventArgs)
   à System.Windows.EventRoute.InvokeHandlersImpl(Object source, RoutedEventArgs args, Boolean reRaised)
   à System.Windows.UIElement.RaiseEventImpl(DependencyObject sender, RoutedEventArgs args)
   à System.Windows.UIElement.RaiseEvent(RoutedEventArgs e)
   à Elysium.Controls.ApplicationBar.OnOpening(RoutedEventArgs e)
   à Elysium.Controls.ApplicationBar.OnIsOpenChanged(Boolean oldIsOpen, Boolean newIsOpen)
   à Elysium.Controls.ApplicationBar.OnIsOpenChanged(DependencyObject obj, DependencyPropertyChangedEventArgs e)
   à System.Windows.DependencyObject.OnPropertyChanged(DependencyPropertyChangedEventArgs e)
   à System.Windows.FrameworkElement.OnPropertyChanged(DependencyPropertyChangedEventArgs e)
   à System.Windows.DependencyObject.NotifyPropertyChange(DependencyPropertyChangedEventArgs args)
   à System.Windows.DependencyObject.UpdateEffectiveValue(EntryIndex entryIndex, DependencyProperty dp, PropertyMetadata metadata, EffectiveValueEntry oldEntry, EffectiveValueEntry& newEntry, Boolean coerceWithDeferredReference, Boolean coerceWithCurrentValue, OperationType operationType)
   à System.Windows.StyleHelper.ApplyTemplatedParentValue(DependencyObject container, FrameworkObject child, Int32 childIndex, FrugalStructList`1& childRecordFromChildIndex, DependencyProperty dp, FrameworkElementFactory templateRoot)
   à System.Windows.StyleHelper.InvalidatePropertiesOnTemplateNode(DependencyObject container, FrameworkObject child, Int32 childIndex, FrugalStructList`1& childRecordFromChildIndex, Boolean isDetach, FrameworkElementFactory templateRoot)
   à System.Windows.FrameworkTemplate.InvalidatePropertiesOnTemplate(DependencyObject container, Object currentObject)
   à System.Windows.FrameworkTemplate.HandleBeforeProperties(Object createdObject, DependencyObject& rootObject, DependencyObject container, FrameworkElement feContainer, INameScope nameScope)
   à System.Windows.FrameworkTemplate.<>c__DisplayClass45_0.<LoadOptimizedTemplateContent>b__2(Object sender, XamlObjectEventArgs args)
   à System.Xaml.XamlObjectWriter.OnBeforeProperties(Object value)
   à System.Xaml.XamlObjectWriter.Logic_CreateAndAssignToParentStart(ObjectWriterContext ctx)
   à System.Xaml.XamlObjectWriter.WriteStartMember(XamlMember property)
   à System.Xaml.XamlWriter.WriteNode(XamlReader reader)
   à System.Windows.FrameworkTemplate.LoadTemplateXaml(XamlReader templateReader, XamlObjectWriter currentWriter)
   --- Fin de la trace de la pile d'exception interne ---
   à System.Windows.FrameworkTemplate.LoadTemplateXaml(XamlReader templateReader, XamlObjectWriter currentWriter)
   à System.Windows.FrameworkTemplate.LoadTemplateXaml(XamlObjectWriter objectWriter)
   à System.Windows.FrameworkTemplate.LoadOptimizedTemplateContent(DependencyObject container, IComponentConnector componentConnector, IStyleConnector styleConnector, List`1 affectedChildren, UncommonField`1 templatedNonFeChildrenField)
   à System.Windows.FrameworkTemplate.LoadContent(DependencyObject container, List`1 affectedChildren)
   à System.Windows.StyleHelper.ApplyTemplateContent(UncommonField`1 dataField, DependencyObject container, FrameworkElementFactory templateRoot, Int32 lastChildIndex, HybridDictionary childIndexFromChildID, FrameworkTemplate frameworkTemplate)
   à System.Windows.FrameworkTemplate.ApplyTemplateContent(UncommonField`1 templateDataField, FrameworkElement container)
   à System.Windows.FrameworkElement.ApplyTemplate()
   à System.Windows.FrameworkElement.MeasureCore(Size availableSize)
   à System.Windows.UIElement.Measure(Size availableSize)
   à MS.Internal.Helper.MeasureElementWithSingleChild(UIElement element, Size constraint)
   à System.Windows.Controls.ContentPresenter.MeasureOverride(Size constraint)
   à System.Windows.FrameworkElement.MeasureCore(Size availableSize)
   à System.Windows.UIElement.Measure(Size availableSize)
   à System.Windows.Controls.Grid.MeasureCell(Int32 cell, Boolean forceInfinityV)
   à System.Windows.Controls.Grid.MeasureCellsGroup(Int32 cellsHead, Size referenceSize, Boolean ignoreDesiredSizeU, Boolean forceInfinityV, Boolean& hasDesiredSizeUChanged)
   à System.Windows.Controls.Grid.MeasureCellsGroup(Int32 cellsHead, Size referenceSize, Boolean ignoreDesiredSizeU, Boolean forceInfinityV)
   à System.Windows.Controls.Grid.MeasureOverride(Size constraint)
   à System.Windows.FrameworkElement.MeasureCore(Size availableSize)
   à System.Windows.UIElement.Measure(Size availableSize)
   à System.Windows.Controls.Border.MeasureOverride(Size constraint)
   à System.Windows.FrameworkElement.MeasureCore(Size availableSize)
   à System.Windows.UIElement.Measure(Size availableSize)
   à System.Windows.Controls.Grid.MeasureOverride(Size constraint)
   à System.Windows.FrameworkElement.MeasureCore(Size availableSize)
   à System.Windows.UIElement.Measure(Size availableSize)
   à System.Windows.Controls.Control.MeasureOverride(Size constraint)
   à System.Windows.FrameworkElement.MeasureCore(Size availableSize)
   à System.Windows.UIElement.Measure(Size availableSize)
   à System.Windows.Controls.Grid.MeasureOverride(Size constraint)
   à System.Windows.FrameworkElement.MeasureCore(Size availableSize)
   à System.Windows.UIElement.Measure(Size availableSize)
   à System.Windows.ContextLayoutManager.UpdateLayout()
   à System.Windows.ContextLayoutManager.UpdateLayoutCallback(Object arg)
   à System.Windows.Media.MediaContext.InvokeOnRenderCallback.DoWork()
   à System.Windows.Media.MediaContext.FireInvokeOnRenderCallbacks()
   à System.Windows.Media.MediaContext.RenderMessageHandlerCore(Object resizedCompositionTarget)
   à System.Windows.Media.MediaContext.RenderMessageHandler(Object resizedCompositionTarget)
   à System.Windows.Threading.ExceptionWrapper.InternalRealCall(Delegate callback, Object args, Int32 numArgs)
   à System.Windows.Threading.ExceptionWrapper.TryCatchWhen(Object source, Delegate callback, Object args, Int32 numArgs, Delegate catchHandler)
8|2017-07-21 09:53:28.6301|FATAL||My.CoachManager.CrossCutting.Logging.Supervision.Logger|System.Windows.Markup.XamlParseException: Impossible de trouver le nom 'BeginOpenedStoryboard' dans la portée de nom de 'System.Windows.Style'. ---> System.InvalidOperationException: Impossible de trouver le nom 'BeginOpenedStoryboard' dans la portée de nom de 'System.Windows.Style'.
   à System.Windows.Media.Animation.Storyboard.ResolveBeginStoryboardName(String targetName, INameScope nameScope, FrameworkElement fe, FrameworkContentElement fce)
   à System.Windows.Media.Animation.ControllableStoryboardAction.GetStoryboard(FrameworkElement fe, FrameworkContentElement fce, INameScope nameScope)
   à System.Windows.Media.Animation.ControllableStoryboardAction.Invoke(FrameworkElement fe, FrameworkContentElement fce, Style targetStyle, FrameworkTemplate frameworkTemplate, Int64 layer)
   à System.Windows.StyleHelper.InvokeEventTriggerActions(FrameworkElement fe, FrameworkContentElement fce, Style ownerStyle, FrameworkTemplate frameworkTemplate, Int32 childIndex, RoutedEvent Event)
   à System.Windows.StyleHelper.ExecuteEventTriggerActionsOnContainer(Object sender, RoutedEventArgs e)
   à System.Windows.RoutedEventHandlerInfo.InvokeHandler(Object target, RoutedEventArgs routedEventArgs)
   à System.Windows.EventRoute.InvokeHandlersImpl(Object source, RoutedEventArgs args, Boolean reRaised)
   à System.Windows.UIElement.RaiseEventImpl(DependencyObject sender, RoutedEventArgs args)
   à System.Windows.UIElement.RaiseEvent(RoutedEventArgs e)
   à Elysium.Controls.ApplicationBar.OnOpening(RoutedEventArgs e)
   à Elysium.Controls.ApplicationBar.OnIsOpenChanged(Boolean oldIsOpen, Boolean newIsOpen)
   à Elysium.Controls.ApplicationBar.OnIsOpenChanged(DependencyObject obj, DependencyPropertyChangedEventArgs e)
   à System.Windows.DependencyObject.OnPropertyChanged(DependencyPropertyChangedEventArgs e)
   à System.Windows.FrameworkElement.OnPropertyChanged(DependencyPropertyChangedEventArgs e)
   à System.Windows.DependencyObject.NotifyPropertyChange(DependencyPropertyChangedEventArgs args)
   à System.Windows.DependencyObject.UpdateEffectiveValue(EntryIndex entryIndex, DependencyProperty dp, PropertyMetadata metadata, EffectiveValueEntry oldEntry, EffectiveValueEntry& newEntry, Boolean coerceWithDeferredReference, Boolean coerceWithCurrentValue, OperationType operationType)
   à System.Windows.StyleHelper.ApplyTemplatedParentValue(DependencyObject container, FrameworkObject child, Int32 childIndex, FrugalStructList`1& childRecordFromChildIndex, DependencyProperty dp, FrameworkElementFactory templateRoot)
   à System.Windows.StyleHelper.InvalidatePropertiesOnTemplateNode(DependencyObject container, FrameworkObject child, Int32 childIndex, FrugalStructList`1& childRecordFromChildIndex, Boolean isDetach, FrameworkElementFactory templateRoot)
   à System.Windows.FrameworkTemplate.InvalidatePropertiesOnTemplate(DependencyObject container, Object currentObject)
   à System.Windows.FrameworkTemplate.HandleBeforeProperties(Object createdObject, DependencyObject& rootObject, DependencyObject container, FrameworkElement feContainer, INameScope nameScope)
   à System.Windows.FrameworkTemplate.<>c__DisplayClass45_0.<LoadOptimizedTemplateContent>b__2(Object sender, XamlObjectEventArgs args)
   à System.Xaml.XamlObjectWriter.OnBeforeProperties(Object value)
   à System.Xaml.XamlObjectWriter.Logic_CreateAndAssignToParentStart(ObjectWriterContext ctx)
   à System.Xaml.XamlObjectWriter.WriteStartMember(XamlMember property)
   à System.Xaml.XamlWriter.WriteNode(XamlReader reader)
   à System.Windows.FrameworkTemplate.LoadTemplateXaml(XamlReader templateReader, XamlObjectWriter currentWriter)
   --- Fin de la trace de la pile d'exception interne ---
   à System.Windows.FrameworkTemplate.LoadTemplateXaml(XamlReader templateReader, XamlObjectWriter currentWriter)
   à System.Windows.FrameworkTemplate.LoadTemplateXaml(XamlObjectWriter objectWriter)
   à System.Windows.FrameworkTemplate.LoadOptimizedTemplateContent(DependencyObject container, IComponentConnector componentConnector, IStyleConnector styleConnector, List`1 affectedChildren, UncommonField`1 templatedNonFeChildrenField)
   à System.Windows.FrameworkTemplate.LoadContent(DependencyObject container, List`1 affectedChildren)
   à System.Windows.StyleHelper.ApplyTemplateContent(UncommonField`1 dataField, DependencyObject container, FrameworkElementFactory templateRoot, Int32 lastChildIndex, HybridDictionary childIndexFromChildID, FrameworkTemplate frameworkTemplate)
   à System.Windows.FrameworkTemplate.ApplyTemplateContent(UncommonField`1 templateDataField, FrameworkElement container)
   à System.Windows.FrameworkElement.ApplyTemplate()
   à System.Windows.FrameworkElement.MeasureCore(Size availableSize)
   à System.Windows.UIElement.Measure(Size availableSize)
   à MS.Internal.Helper.MeasureElementWithSingleChild(UIElement element, Size constraint)
   à System.Windows.Controls.ContentPresenter.MeasureOverride(Size constraint)
   à System.Windows.FrameworkElement.MeasureCore(Size availableSize)
   à System.Windows.UIElement.Measure(Size availableSize)
   à System.Windows.Controls.Grid.MeasureCell(Int32 cell, Boolean forceInfinityV)
   à System.Windows.Controls.Grid.MeasureCellsGroup(Int32 cellsHead, Size referenceSize, Boolean ignoreDesiredSizeU, Boolean forceInfinityV, Boolean& hasDesiredSizeUChanged)
   à System.Windows.Controls.Grid.MeasureCellsGroup(Int32 cellsHead, Size referenceSize, Boolean ignoreDesiredSizeU, Boolean forceInfinityV)
   à System.Windows.Controls.Grid.MeasureOverride(Size constraint)
   à System.Windows.FrameworkElement.MeasureCore(Size availableSize)
   à System.Windows.UIElement.Measure(Size availableSize)
   à System.Windows.Controls.Border.MeasureOverride(Size constraint)
   à System.Windows.FrameworkElement.MeasureCore(Size availableSize)
   à System.Windows.UIElement.Measure(Size availableSize)
   à System.Windows.Controls.Grid.MeasureOverride(Size constraint)
   à System.Windows.FrameworkElement.MeasureCore(Size availableSize)
   à System.Windows.UIElement.Measure(Size availableSize)
   à System.Windows.Controls.Control.MeasureOverride(Size constraint)
   à System.Windows.FrameworkElement.MeasureCore(Size availableSize)
   à System.Windows.UIElement.Measure(Size availableSize)
   à System.Windows.Controls.Grid.MeasureOverride(Size constraint)
   à System.Windows.FrameworkElement.MeasureCore(Size availableSize)
   à System.Windows.UIElement.Measure(Size availableSize)
   à System.Windows.ContextLayoutManager.UpdateLayout()
   à System.Windows.ContextLayoutManager.UpdateLayoutCallback(Object arg)
   à System.Windows.Media.MediaContext.InvokeOnRenderCallback.DoWork()
   à System.Windows.Media.MediaContext.FireInvokeOnRenderCallbacks()
   à System.Windows.Media.MediaContext.RenderMessageHandlerCore(Object resizedCompositionTarget)
   à System.Windows.Media.MediaContext.RenderMessageHandler(Object resizedCompositionTarget)
   à System.Windows.Threading.ExceptionWrapper.InternalRealCall(Delegate callback, Object args, Int32 numArgs)
   à System.Windows.Threading.ExceptionWrapper.TryCatchWhen(Object source, Delegate callback, Object args, Int32 numArgs, Delegate catchHandler)
8|2017-07-21 10:09:40.9795|FATAL||My.CoachManager.CrossCutting.Logging.Supervision.Logger|System.Windows.Markup.XamlParseException: Impossible de trouver le nom 'BeginOpenedStoryboard' dans la portée de nom de 'System.Windows.Style'. ---> System.InvalidOperationException: Impossible de trouver le nom 'BeginOpenedStoryboard' dans la portée de nom de 'System.Windows.Style'.
   à System.Windows.Media.Animation.Storyboard.ResolveBeginStoryboardName(String targetName, INameScope nameScope, FrameworkElement fe, FrameworkContentElement fce)
   à System.Windows.Media.Animation.ControllableStoryboardAction.GetStoryboard(FrameworkElement fe, FrameworkContentElement fce, INameScope nameScope)
   à System.Windows.Media.Animation.ControllableStoryboardAction.Invoke(FrameworkElement fe, FrameworkContentElement fce, Style targetStyle, FrameworkTemplate frameworkTemplate, Int64 layer)
   à System.Windows.StyleHelper.InvokeEventTriggerActions(FrameworkElement fe, FrameworkContentElement fce, Style ownerStyle, FrameworkTemplate frameworkTemplate, Int32 childIndex, RoutedEvent Event)
   à System.Windows.StyleHelper.ExecuteEventTriggerActionsOnContainer(Object sender, RoutedEventArgs e)
   à System.Windows.RoutedEventHandlerInfo.InvokeHandler(Object target, RoutedEventArgs routedEventArgs)
   à System.Windows.EventRoute.InvokeHandlersImpl(Object source, RoutedEventArgs args, Boolean reRaised)
   à System.Windows.UIElement.RaiseEventImpl(DependencyObject sender, RoutedEventArgs args)
   à System.Windows.UIElement.RaiseEvent(RoutedEventArgs e)
   à Elysium.Controls.ApplicationBar.OnOpening(RoutedEventArgs e)
   à Elysium.Controls.ApplicationBar.OnIsOpenChanged(Boolean oldIsOpen, Boolean newIsOpen)
   à Elysium.Controls.ApplicationBar.OnIsOpenChanged(DependencyObject obj, DependencyPropertyChangedEventArgs e)
   à System.Windows.DependencyObject.OnPropertyChanged(DependencyPropertyChangedEventArgs e)
   à System.Windows.FrameworkElement.OnPropertyChanged(DependencyPropertyChangedEventArgs e)
   à System.Windows.DependencyObject.NotifyPropertyChange(DependencyPropertyChangedEventArgs args)
   à System.Windows.DependencyObject.UpdateEffectiveValue(EntryIndex entryIndex, DependencyProperty dp, PropertyMetadata metadata, EffectiveValueEntry oldEntry, EffectiveValueEntry& newEntry, Boolean coerceWithDeferredReference, Boolean coerceWithCurrentValue, OperationType operationType)
   à System.Windows.StyleHelper.ApplyTemplatedParentValue(DependencyObject container, FrameworkObject child, Int32 childIndex, FrugalStructList`1& childRecordFromChildIndex, DependencyProperty dp, FrameworkElementFactory templateRoot)
   à System.Windows.StyleHelper.InvalidatePropertiesOnTemplateNode(DependencyObject container, FrameworkObject child, Int32 childIndex, FrugalStructList`1& childRecordFromChildIndex, Boolean isDetach, FrameworkElementFactory templateRoot)
   à System.Windows.FrameworkTemplate.InvalidatePropertiesOnTemplate(DependencyObject container, Object currentObject)
   à System.Windows.FrameworkTemplate.HandleBeforeProperties(Object createdObject, DependencyObject& rootObject, DependencyObject container, FrameworkElement feContainer, INameScope nameScope)
   à System.Windows.FrameworkTemplate.<>c__DisplayClass45_0.<LoadOptimizedTemplateContent>b__2(Object sender, XamlObjectEventArgs args)
   à System.Xaml.XamlObjectWriter.OnBeforeProperties(Object value)
   à System.Xaml.XamlObjectWriter.Logic_CreateAndAssignToParentStart(ObjectWriterContext ctx)
   à System.Xaml.XamlObjectWriter.WriteStartMember(XamlMember property)
   à System.Xaml.XamlWriter.WriteNode(XamlReader reader)
   à System.Windows.FrameworkTemplate.LoadTemplateXaml(XamlReader templateReader, XamlObjectWriter currentWriter)
   --- Fin de la trace de la pile d'exception interne ---
   à System.Windows.FrameworkTemplate.LoadTemplateXaml(XamlReader templateReader, XamlObjectWriter currentWriter)
   à System.Windows.FrameworkTemplate.LoadTemplateXaml(XamlObjectWriter objectWriter)
   à System.Windows.FrameworkTemplate.LoadOptimizedTemplateContent(DependencyObject container, IComponentConnector componentConnector, IStyleConnector styleConnector, List`1 affectedChildren, UncommonField`1 templatedNonFeChildrenField)
   à System.Windows.FrameworkTemplate.LoadContent(DependencyObject container, List`1 affectedChildren)
   à System.Windows.StyleHelper.ApplyTemplateContent(UncommonField`1 dataField, DependencyObject container, FrameworkElementFactory templateRoot, Int32 lastChildIndex, HybridDictionary childIndexFromChildID, FrameworkTemplate frameworkTemplate)
   à System.Windows.FrameworkTemplate.ApplyTemplateContent(UncommonField`1 templateDataField, FrameworkElement container)
   à System.Windows.FrameworkElement.ApplyTemplate()
   à System.Windows.FrameworkElement.MeasureCore(Size availableSize)
   à System.Windows.UIElement.Measure(Size availableSize)
   à MS.Internal.Helper.MeasureElementWithSingleChild(UIElement element, Size constraint)
   à System.Windows.Controls.ContentPresenter.MeasureOverride(Size constraint)
   à System.Windows.FrameworkElement.MeasureCore(Size availableSize)
   à System.Windows.UIElement.Measure(Size availableSize)
   à System.Windows.Controls.Grid.MeasureCell(Int32 cell, Boolean forceInfinityV)
   à System.Windows.Controls.Grid.MeasureCellsGroup(Int32 cellsHead, Size referenceSize, Boolean ignoreDesiredSizeU, Boolean forceInfinityV, Boolean& hasDesiredSizeUChanged)
   à System.Windows.Controls.Grid.MeasureCellsGroup(Int32 cellsHead, Size referenceSize, Boolean ignoreDesiredSizeU, Boolean forceInfinityV)
   à System.Windows.Controls.Grid.MeasureOverride(Size constraint)
   à System.Windows.FrameworkElement.MeasureCore(Size availableSize)
   à System.Windows.UIElement.Measure(Size availableSize)
   à System.Windows.Controls.Border.MeasureOverride(Size constraint)
   à System.Windows.FrameworkElement.MeasureCore(Size availableSize)
   à System.Windows.UIElement.Measure(Size availableSize)
   à System.Windows.Controls.Grid.MeasureOverride(Size constraint)
   à System.Windows.FrameworkElement.MeasureCore(Size availableSize)
   à System.Windows.UIElement.Measure(Size availableSize)
   à System.Windows.Controls.Control.MeasureOverride(Size constraint)
   à System.Windows.FrameworkElement.MeasureCore(Size availableSize)
   à System.Windows.UIElement.Measure(Size availableSize)
   à System.Windows.Controls.Grid.MeasureOverride(Size constraint)
   à System.Windows.FrameworkElement.MeasureCore(Size availableSize)
   à System.Windows.UIElement.Measure(Size availableSize)
   à System.Windows.ContextLayoutManager.UpdateLayout()
   à System.Windows.ContextLayoutManager.UpdateLayoutCallback(Object arg)
   à System.Windows.Media.MediaContext.InvokeOnRenderCallback.DoWork()
   à System.Windows.Media.MediaContext.FireInvokeOnRenderCallbacks()
   à System.Windows.Media.MediaContext.RenderMessageHandlerCore(Object resizedCompositionTarget)
   à System.Windows.Media.MediaContext.RenderMessageHandler(Object resizedCompositionTarget)
   à System.Windows.Threading.ExceptionWrapper.InternalRealCall(Delegate callback, Object args, Int32 numArgs)
   à System.Windows.Threading.ExceptionWrapper.TryCatchWhen(Object source, Delegate callback, Object args, Int32 numArgs, Delegate catchHandler)
9|2017-07-21 10:12:05.9303|FATAL||My.CoachManager.CrossCutting.Logging.Supervision.Logger|System.Windows.Markup.XamlParseException: Impossible de trouver le nom 'BeginOpenedStoryboard' dans la portée de nom de 'System.Windows.Style'. ---> System.InvalidOperationException: Impossible de trouver le nom 'BeginOpenedStoryboard' dans la portée de nom de 'System.Windows.Style'.
   à System.Windows.Media.Animation.Storyboard.ResolveBeginStoryboardName(String targetName, INameScope nameScope, FrameworkElement fe, FrameworkContentElement fce)
   à System.Windows.Media.Animation.ControllableStoryboardAction.GetStoryboard(FrameworkElement fe, FrameworkContentElement fce, INameScope nameScope)
   à System.Windows.Media.Animation.ControllableStoryboardAction.Invoke(FrameworkElement fe, FrameworkContentElement fce, Style targetStyle, FrameworkTemplate frameworkTemplate, Int64 layer)
   à System.Windows.StyleHelper.InvokeEventTriggerActions(FrameworkElement fe, FrameworkContentElement fce, Style ownerStyle, FrameworkTemplate frameworkTemplate, Int32 childIndex, RoutedEvent Event)
   à System.Windows.StyleHelper.ExecuteEventTriggerActionsOnContainer(Object sender, RoutedEventArgs e)
   à System.Windows.RoutedEventHandlerInfo.InvokeHandler(Object target, RoutedEventArgs routedEventArgs)
   à System.Windows.EventRoute.InvokeHandlersImpl(Object source, RoutedEventArgs args, Boolean reRaised)
   à System.Windows.UIElement.RaiseEventImpl(DependencyObject sender, RoutedEventArgs args)
   à System.Windows.UIElement.RaiseEvent(RoutedEventArgs e)
   à Elysium.Controls.ApplicationBar.OnOpening(RoutedEventArgs e)
   à Elysium.Controls.ApplicationBar.OnIsOpenChanged(Boolean oldIsOpen, Boolean newIsOpen)
   à Elysium.Controls.ApplicationBar.OnIsOpenChanged(DependencyObject obj, DependencyPropertyChangedEventArgs e)
   à System.Windows.DependencyObject.OnPropertyChanged(DependencyPropertyChangedEventArgs e)
   à System.Windows.FrameworkElement.OnPropertyChanged(DependencyPropertyChangedEventArgs e)
   à System.Windows.DependencyObject.NotifyPropertyChange(DependencyPropertyChangedEventArgs args)
   à System.Windows.DependencyObject.UpdateEffectiveValue(EntryIndex entryIndex, DependencyProperty dp, PropertyMetadata metadata, EffectiveValueEntry oldEntry, EffectiveValueEntry& newEntry, Boolean coerceWithDeferredReference, Boolean coerceWithCurrentValue, OperationType operationType)
   à System.Windows.StyleHelper.ApplyTemplatedParentValue(DependencyObject container, FrameworkObject child, Int32 childIndex, FrugalStructList`1& childRecordFromChildIndex, DependencyProperty dp, FrameworkElementFactory templateRoot)
   à System.Windows.StyleHelper.InvalidatePropertiesOnTemplateNode(DependencyObject container, FrameworkObject child, Int32 childIndex, FrugalStructList`1& childRecordFromChildIndex, Boolean isDetach, FrameworkElementFactory templateRoot)
   à System.Windows.FrameworkTemplate.InvalidatePropertiesOnTemplate(DependencyObject container, Object currentObject)
   à System.Windows.FrameworkTemplate.HandleBeforeProperties(Object createdObject, DependencyObject& rootObject, DependencyObject container, FrameworkElement feContainer, INameScope nameScope)
   à System.Windows.FrameworkTemplate.<>c__DisplayClass45_0.<LoadOptimizedTemplateContent>b__2(Object sender, XamlObjectEventArgs args)
   à System.Xaml.XamlObjectWriter.OnBeforeProperties(Object value)
   à System.Xaml.XamlObjectWriter.Logic_CreateAndAssignToParentStart(ObjectWriterContext ctx)
   à System.Xaml.XamlObjectWriter.WriteStartMember(XamlMember property)
   à System.Xaml.XamlWriter.WriteNode(XamlReader reader)
   à System.Windows.FrameworkTemplate.LoadTemplateXaml(XamlReader templateReader, XamlObjectWriter currentWriter)
   --- Fin de la trace de la pile d'exception interne ---
   à System.Windows.FrameworkTemplate.LoadTemplateXaml(XamlReader templateReader, XamlObjectWriter currentWriter)
   à System.Windows.FrameworkTemplate.LoadTemplateXaml(XamlObjectWriter objectWriter)
   à System.Windows.FrameworkTemplate.LoadOptimizedTemplateContent(DependencyObject container, IComponentConnector componentConnector, IStyleConnector styleConnector, List`1 affectedChildren, UncommonField`1 templatedNonFeChildrenField)
   à System.Windows.FrameworkTemplate.LoadContent(DependencyObject container, List`1 affectedChildren)
   à System.Windows.StyleHelper.ApplyTemplateContent(UncommonField`1 dataField, DependencyObject container, FrameworkElementFactory templateRoot, Int32 lastChildIndex, HybridDictionary childIndexFromChildID, FrameworkTemplate frameworkTemplate)
   à System.Windows.FrameworkTemplate.ApplyTemplateContent(UncommonField`1 templateDataField, FrameworkElement container)
   à System.Windows.FrameworkElement.ApplyTemplate()
   à System.Windows.FrameworkElement.MeasureCore(Size availableSize)
   à System.Windows.UIElement.Measure(Size availableSize)
   à MS.Internal.Helper.MeasureElementWithSingleChild(UIElement element, Size constraint)
   à System.Windows.Controls.ContentPresenter.MeasureOverride(Size constraint)
   à System.Windows.FrameworkElement.MeasureCore(Size availableSize)
   à System.Windows.UIElement.Measure(Size availableSize)
   à System.Windows.Controls.Grid.MeasureCell(Int32 cell, Boolean forceInfinityV)
   à System.Windows.Controls.Grid.MeasureCellsGroup(Int32 cellsHead, Size referenceSize, Boolean ignoreDesiredSizeU, Boolean forceInfinityV, Boolean& hasDesiredSizeUChanged)
   à System.Windows.Controls.Grid.MeasureCellsGroup(Int32 cellsHead, Size referenceSize, Boolean ignoreDesiredSizeU, Boolean forceInfinityV)
   à System.Windows.Controls.Grid.MeasureOverride(Size constraint)
   à System.Windows.FrameworkElement.MeasureCore(Size availableSize)
   à System.Windows.UIElement.Measure(Size availableSize)
   à System.Windows.Controls.Border.MeasureOverride(Size constraint)
   à System.Windows.FrameworkElement.MeasureCore(Size availableSize)
   à System.Windows.UIElement.Measure(Size availableSize)
   à System.Windows.Controls.Grid.MeasureOverride(Size constraint)
   à System.Windows.FrameworkElement.MeasureCore(Size availableSize)
   à System.Windows.UIElement.Measure(Size availableSize)
   à System.Windows.Controls.Control.MeasureOverride(Size constraint)
   à System.Windows.FrameworkElement.MeasureCore(Size availableSize)
   à System.Windows.UIElement.Measure(Size availableSize)
   à System.Windows.Controls.Grid.MeasureOverride(Size constraint)
   à System.Windows.FrameworkElement.MeasureCore(Size availableSize)
   à System.Windows.UIElement.Measure(Size availableSize)
   à System.Windows.ContextLayoutManager.UpdateLayout()
   à System.Windows.ContextLayoutManager.UpdateLayoutCallback(Object arg)
   à System.Windows.Media.MediaContext.InvokeOnRenderCallback.DoWork()
   à System.Windows.Media.MediaContext.FireInvokeOnRenderCallbacks()
   à System.Windows.Media.MediaContext.RenderMessageHandlerCore(Object resizedCompositionTarget)
   à System.Windows.Media.MediaContext.RenderMessageHandler(Object resizedCompositionTarget)
   à System.Windows.Threading.ExceptionWrapper.InternalRealCall(Delegate callback, Object args, Int32 numArgs)
   à System.Windows.Threading.ExceptionWrapper.TryCatchWhen(Object source, Delegate callback, Object args, Int32 numArgs, Delegate catchHandler)
8|2017-07-21 10:14:56.7082|FATAL||My.CoachManager.CrossCutting.Logging.Supervision.Logger|System.Windows.Markup.XamlParseException: Impossible de trouver le nom 'BeginOpenedStoryboard' dans la portée de nom de 'System.Windows.Style'. ---> System.InvalidOperationException: Impossible de trouver le nom 'BeginOpenedStoryboard' dans la portée de nom de 'System.Windows.Style'.
   à System.Windows.Media.Animation.Storyboard.ResolveBeginStoryboardName(String targetName, INameScope nameScope, FrameworkElement fe, FrameworkContentElement fce)
   à System.Windows.Media.Animation.ControllableStoryboardAction.GetStoryboard(FrameworkElement fe, FrameworkContentElement fce, INameScope nameScope)
   à System.Windows.Media.Animation.ControllableStoryboardAction.Invoke(FrameworkElement fe, FrameworkContentElement fce, Style targetStyle, FrameworkTemplate frameworkTemplate, Int64 layer)
   à System.Windows.StyleHelper.InvokeEventTriggerActions(FrameworkElement fe, FrameworkContentElement fce, Style ownerStyle, FrameworkTemplate frameworkTemplate, Int32 childIndex, RoutedEvent Event)
   à System.Windows.StyleHelper.ExecuteEventTriggerActionsOnContainer(Object sender, RoutedEventArgs e)
   à System.Windows.RoutedEventHandlerInfo.InvokeHandler(Object target, RoutedEventArgs routedEventArgs)
   à System.Windows.EventRoute.InvokeHandlersImpl(Object source, RoutedEventArgs args, Boolean reRaised)
   à System.Windows.UIElement.RaiseEventImpl(DependencyObject sender, RoutedEventArgs args)
   à System.Windows.UIElement.RaiseEvent(RoutedEventArgs e)
   à Elysium.Controls.ApplicationBar.OnOpening(RoutedEventArgs e)
   à Elysium.Controls.ApplicationBar.OnIsOpenChanged(Boolean oldIsOpen, Boolean newIsOpen)
   à Elysium.Controls.ApplicationBar.OnIsOpenChanged(DependencyObject obj, DependencyPropertyChangedEventArgs e)
   à System.Windows.DependencyObject.OnPropertyChanged(DependencyPropertyChangedEventArgs e)
   à System.Windows.FrameworkElement.OnPropertyChanged(DependencyPropertyChangedEventArgs e)
   à System.Windows.DependencyObject.NotifyPropertyChange(DependencyPropertyChangedEventArgs args)
   à System.Windows.DependencyObject.UpdateEffectiveValue(EntryIndex entryIndex, DependencyProperty dp, PropertyMetadata metadata, EffectiveValueEntry oldEntry, EffectiveValueEntry& newEntry, Boolean coerceWithDeferredReference, Boolean coerceWithCurrentValue, OperationType operationType)
   à System.Windows.StyleHelper.ApplyTemplatedParentValue(DependencyObject container, FrameworkObject child, Int32 childIndex, FrugalStructList`1& childRecordFromChildIndex, DependencyProperty dp, FrameworkElementFactory templateRoot)
   à System.Windows.StyleHelper.InvalidatePropertiesOnTemplateNode(DependencyObject container, FrameworkObject child, Int32 childIndex, FrugalStructList`1& childRecordFromChildIndex, Boolean isDetach, FrameworkElementFactory templateRoot)
   à System.Windows.FrameworkTemplate.InvalidatePropertiesOnTemplate(DependencyObject container, Object currentObject)
   à System.Windows.FrameworkTemplate.HandleBeforeProperties(Object createdObject, DependencyObject& rootObject, DependencyObject container, FrameworkElement feContainer, INameScope nameScope)
   à System.Windows.FrameworkTemplate.<>c__DisplayClass45_0.<LoadOptimizedTemplateContent>b__2(Object sender, XamlObjectEventArgs args)
   à System.Xaml.XamlObjectWriter.OnBeforeProperties(Object value)
   à System.Xaml.XamlObjectWriter.Logic_CreateAndAssignToParentStart(ObjectWriterContext ctx)
   à System.Xaml.XamlObjectWriter.WriteStartMember(XamlMember property)
   à System.Xaml.XamlWriter.WriteNode(XamlReader reader)
   à System.Windows.FrameworkTemplate.LoadTemplateXaml(XamlReader templateReader, XamlObjectWriter currentWriter)
   --- Fin de la trace de la pile d'exception interne ---
   à System.Windows.FrameworkTemplate.LoadTemplateXaml(XamlReader templateReader, XamlObjectWriter currentWriter)
   à System.Windows.FrameworkTemplate.LoadTemplateXaml(XamlObjectWriter objectWriter)
   à System.Windows.FrameworkTemplate.LoadOptimizedTemplateContent(DependencyObject container, IComponentConnector componentConnector, IStyleConnector styleConnector, List`1 affectedChildren, UncommonField`1 templatedNonFeChildrenField)
   à System.Windows.FrameworkTemplate.LoadContent(DependencyObject container, List`1 affectedChildren)
   à System.Windows.StyleHelper.ApplyTemplateContent(UncommonField`1 dataField, DependencyObject container, FrameworkElementFactory templateRoot, Int32 lastChildIndex, HybridDictionary childIndexFromChildID, FrameworkTemplate frameworkTemplate)
   à System.Windows.FrameworkTemplate.ApplyTemplateContent(UncommonField`1 templateDataField, FrameworkElement container)
   à System.Windows.FrameworkElement.ApplyTemplate()
   à System.Windows.FrameworkElement.MeasureCore(Size availableSize)
   à System.Windows.UIElement.Measure(Size availableSize)
   à MS.Internal.Helper.MeasureElementWithSingleChild(UIElement element, Size constraint)
   à System.Windows.Controls.ContentPresenter.MeasureOverride(Size constraint)
   à System.Windows.FrameworkElement.MeasureCore(Size availableSize)
   à System.Windows.UIElement.Measure(Size availableSize)
   à System.Windows.Controls.Grid.MeasureCell(Int32 cell, Boolean forceInfinityV)
   à System.Windows.Controls.Grid.MeasureCellsGroup(Int32 cellsHead, Size referenceSize, Boolean ignoreDesiredSizeU, Boolean forceInfinityV, Boolean& hasDesiredSizeUChanged)
   à System.Windows.Controls.Grid.MeasureCellsGroup(Int32 cellsHead, Size referenceSize, Boolean ignoreDesiredSizeU, Boolean forceInfinityV)
   à System.Windows.Controls.Grid.MeasureOverride(Size constraint)
   à System.Windows.FrameworkElement.MeasureCore(Size availableSize)
   à System.Windows.UIElement.Measure(Size availableSize)
   à System.Windows.Controls.Border.MeasureOverride(Size constraint)
   à System.Windows.FrameworkElement.MeasureCore(Size availableSize)
   à System.Windows.UIElement.Measure(Size availableSize)
   à System.Windows.Controls.Grid.MeasureOverride(Size constraint)
   à System.Windows.FrameworkElement.MeasureCore(Size availableSize)
   à System.Windows.UIElement.Measure(Size availableSize)
   à System.Windows.Controls.Control.MeasureOverride(Size constraint)
   à System.Windows.FrameworkElement.MeasureCore(Size availableSize)
   à System.Windows.UIElement.Measure(Size availableSize)
   à System.Windows.Controls.Grid.MeasureOverride(Size constraint)
   à System.Windows.FrameworkElement.MeasureCore(Size availableSize)
   à System.Windows.UIElement.Measure(Size availableSize)
   à System.Windows.ContextLayoutManager.UpdateLayout()
   à System.Windows.ContextLayoutManager.UpdateLayoutCallback(Object arg)
   à System.Windows.Media.MediaContext.InvokeOnRenderCallback.DoWork()
   à System.Windows.Media.MediaContext.FireInvokeOnRenderCallbacks()
   à System.Windows.Media.MediaContext.RenderMessageHandlerCore(Object resizedCompositionTarget)
   à System.Windows.Media.MediaContext.RenderMessageHandler(Object resizedCompositionTarget)
   à System.Windows.Threading.ExceptionWrapper.InternalRealCall(Delegate callback, Object args, Int32 numArgs)
   à System.Windows.Threading.ExceptionWrapper.TryCatchWhen(Object source, Delegate callback, Object args, Int32 numArgs, Delegate catchHandler)
8|2017-07-21 14:13:12.9087|FATAL||My.CoachManager.CrossCutting.Logging.Supervision.Logger|System.InvalidOperationException: '#66017BCD' n'est pas une valeur valide pour la propriété 'Color'.
   à System.Windows.DependencyObject.GetEffectiveValue(EntryIndex entryIndex, DependencyProperty dp, RequestFlags requests)
   à System.Windows.DependencyObject.GetValueEntry(EntryIndex entryIndex, DependencyProperty dp, PropertyMetadata metadata, RequestFlags requests)
   à System.Windows.DependencyObject.GetValue(DependencyProperty dp)
   à System.Windows.Media.SolidColorBrush.get_Color()
   à System.Windows.Media.SolidColorBrush.UpdateResource(Channel channel, Boolean skipOnChannelCheck)
   à System.Windows.Media.SolidColorBrush.AddRefOnChannelCore(Channel channel)
   à System.Windows.Media.Brush.System.Windows.Media.Composition.DUCE.IResource.AddRefOnChannel(Channel channel)
   à System.Windows.Media.RenderData.System.Windows.Media.Composition.DUCE.IResource.AddRefOnChannel(Channel channel)
   à System.Windows.UIElement.RenderContent(RenderContext ctx, Boolean isOnChannel)
   à System.Windows.Media.Visual.RenderRecursive(RenderContext ctx)
   à System.Windows.Media.Visual.UpdateChildren(RenderContext ctx, ResourceHandle handle)
   à System.Windows.Media.Visual.RenderRecursive(RenderContext ctx)
   à System.Windows.Media.Visual.UpdateChildren(RenderContext ctx, ResourceHandle handle)
   à System.Windows.Media.Visual.RenderRecursive(RenderContext ctx)
   à System.Windows.Media.Visual.UpdateChildren(RenderContext ctx, ResourceHandle handle)
   à System.Windows.Media.Visual.RenderRecursive(RenderContext ctx)
   à System.Windows.Media.Visual.UpdateChildren(RenderContext ctx, ResourceHandle handle)
   à System.Windows.Media.Visual.RenderRecursive(RenderContext ctx)
   à System.Windows.Media.Visual.UpdateChildren(RenderContext ctx, ResourceHandle handle)
   à System.Windows.Media.Visual.RenderRecursive(RenderContext ctx)
   à System.Windows.Media.Visual.UpdateChildren(RenderContext ctx, ResourceHandle handle)
   à System.Windows.Media.Visual.RenderRecursive(RenderContext ctx)
   à System.Windows.Media.Visual.UpdateChildren(RenderContext ctx, ResourceHandle handle)
   à System.Windows.Media.Visual.RenderRecursive(RenderContext ctx)
   à System.Windows.Media.Visual.UpdateChildren(RenderContext ctx, ResourceHandle handle)
   à System.Windows.Media.Visual.RenderRecursive(RenderContext ctx)
   à System.Windows.Media.Visual.UpdateChildren(RenderContext ctx, ResourceHandle handle)
   à System.Windows.Media.Visual.RenderRecursive(RenderContext ctx)
   à System.Windows.Media.Visual.UpdateChildren(RenderContext ctx, ResourceHandle handle)
   à System.Windows.Media.Visual.RenderRecursive(RenderContext ctx)
   à System.Windows.Media.Visual.UpdateChildren(RenderContext ctx, ResourceHandle handle)
   à System.Windows.Media.Visual.RenderRecursive(RenderContext ctx)
   à System.Windows.Media.Visual.UpdateChildren(RenderContext ctx, ResourceHandle handle)
   à System.Windows.Media.Visual.RenderRecursive(RenderContext ctx)
   à System.Windows.Media.Visual.UpdateChildren(RenderContext ctx, ResourceHandle handle)
   à System.Windows.Media.Visual.RenderRecursive(RenderContext ctx)
   à System.Windows.Media.Visual.UpdateChildren(RenderContext ctx, ResourceHandle handle)
   à System.Windows.Media.Visual.RenderRecursive(RenderContext ctx)
   à System.Windows.Media.Visual.UpdateChildren(RenderContext ctx, ResourceHandle handle)
   à System.Windows.Media.Visual.RenderRecursive(RenderContext ctx)
   à System.Windows.Media.Visual.UpdateChildren(RenderContext ctx, ResourceHandle handle)
   à System.Windows.Media.Visual.RenderRecursive(RenderContext ctx)
   à System.Windows.Media.Visual.UpdateChildren(RenderContext ctx, ResourceHandle handle)
   à System.Windows.Media.Visual.RenderRecursive(RenderContext ctx)
   à System.Windows.Media.Visual.UpdateChildren(RenderContext ctx, ResourceHandle handle)
   à System.Windows.Media.Visual.RenderRecursive(RenderContext ctx)
   à System.Windows.Media.Visual.UpdateChildren(RenderContext ctx, ResourceHandle handle)
   à System.Windows.Media.Visual.RenderRecursive(RenderContext ctx)
   à System.Windows.Media.Visual.UpdateChildren(RenderContext ctx, ResourceHandle handle)
   à System.Windows.Media.Visual.RenderRecursive(RenderContext ctx)
   à System.Windows.Media.Visual.UpdateChildren(RenderContext ctx, ResourceHandle handle)
   à System.Windows.Media.Visual.RenderRecursive(RenderContext ctx)
   à System.Windows.Media.Visual.UpdateChildren(RenderContext ctx, ResourceHandle handle)
   à System.Windows.Media.Visual.RenderRecursive(RenderContext ctx)
   à System.Windows.Media.Visual.UpdateChildren(RenderContext ctx, ResourceHandle handle)
   à System.Windows.Media.Visual.RenderRecursive(RenderContext ctx)
   à System.Windows.Media.Visual.UpdateChildren(RenderContext ctx, ResourceHandle handle)
   à System.Windows.Media.Visual.RenderRecursive(RenderContext ctx)
   à System.Windows.Media.Visual.UpdateChildren(RenderContext ctx, ResourceHandle handle)
   à System.Windows.Media.Visual.RenderRecursive(RenderContext ctx)
   à System.Windows.Media.Visual.UpdateChildren(RenderContext ctx, ResourceHandle handle)
   à System.Windows.Media.Visual.RenderRecursive(RenderContext ctx)
   à System.Windows.Media.Visual.Render(RenderContext ctx, UInt32 childIndex)
   à System.Windows.Media.CompositionTarget.Compile(Channel channel)
   à System.Windows.Media.CompositionTarget.System.Windows.Media.ICompositionTarget.Render(Boolean inResize, Channel channel)
   à System.Windows.Media.MediaContext.Render(ICompositionTarget resizedCompositionTarget)
   à System.Windows.Media.MediaContext.RenderMessageHandlerCore(Object resizedCompositionTarget)
   à System.Windows.Media.MediaContext.RenderMessageHandler(Object resizedCompositionTarget)
   à System.Windows.Threading.ExceptionWrapper.InternalRealCall(Delegate callback, Object args, Int32 numArgs)
   à System.Windows.Threading.ExceptionWrapper.TryCatchWhen(Object source, Delegate callback, Object args, Int32 numArgs, Delegate catchHandler)
7|2017-07-21 14:22:58.2183|FATAL||My.CoachManager.CrossCutting.Logging.Supervision.Logger|System.InvalidOperationException: '#66017BCD' n'est pas une valeur valide pour la propriété 'Color'.
   à System.Windows.DependencyObject.GetEffectiveValue(EntryIndex entryIndex, DependencyProperty dp, RequestFlags requests)
   à System.Windows.DependencyObject.GetValueEntry(EntryIndex entryIndex, DependencyProperty dp, PropertyMetadata metadata, RequestFlags requests)
   à System.Windows.DependencyObject.GetValue(DependencyProperty dp)
   à System.Windows.Media.SolidColorBrush.get_Color()
   à System.Windows.Media.SolidColorBrush.UpdateResource(Channel channel, Boolean skipOnChannelCheck)
   à System.Windows.Media.SolidColorBrush.AddRefOnChannelCore(Channel channel)
   à System.Windows.Media.Brush.System.Windows.Media.Composition.DUCE.IResource.AddRefOnChannel(Channel channel)
   à System.Windows.Media.RenderData.System.Windows.Media.Composition.DUCE.IResource.AddRefOnChannel(Channel channel)
   à System.Windows.UIElement.RenderContent(RenderContext ctx, Boolean isOnChannel)
   à System.Windows.Media.Visual.RenderRecursive(RenderContext ctx)
   à System.Windows.Media.Visual.UpdateChildren(RenderContext ctx, ResourceHandle handle)
   à System.Windows.Media.Visual.RenderRecursive(RenderContext ctx)
   à System.Windows.Media.Visual.UpdateChildren(RenderContext ctx, ResourceHandle handle)
   à System.Windows.Media.Visual.RenderRecursive(RenderContext ctx)
   à System.Windows.Media.Visual.UpdateChildren(RenderContext ctx, ResourceHandle handle)
   à System.Windows.Media.Visual.RenderRecursive(RenderContext ctx)
   à System.Windows.Media.Visual.UpdateChildren(RenderContext ctx, ResourceHandle handle)
   à System.Windows.Media.Visual.RenderRecursive(RenderContext ctx)
   à System.Windows.Media.Visual.UpdateChildren(RenderContext ctx, ResourceHandle handle)
   à System.Windows.Media.Visual.RenderRecursive(RenderContext ctx)
   à System.Windows.Media.Visual.UpdateChildren(RenderContext ctx, ResourceHandle handle)
   à System.Windows.Media.Visual.RenderRecursive(RenderContext ctx)
   à System.Windows.Media.Visual.UpdateChildren(RenderContext ctx, ResourceHandle handle)
   à System.Windows.Media.Visual.RenderRecursive(RenderContext ctx)
   à System.Windows.Media.Visual.UpdateChildren(RenderContext ctx, ResourceHandle handle)
   à System.Windows.Media.Visual.RenderRecursive(RenderContext ctx)
   à System.Windows.Media.Visual.UpdateChildren(RenderContext ctx, ResourceHandle handle)
   à System.Windows.Media.Visual.RenderRecursive(RenderContext ctx)
   à System.Windows.Media.Visual.UpdateChildren(RenderContext ctx, ResourceHandle handle)
   à System.Windows.Media.Visual.RenderRecursive(RenderContext ctx)
   à System.Windows.Media.Visual.UpdateChildren(RenderContext ctx, ResourceHandle handle)
   à System.Windows.Media.Visual.RenderRecursive(RenderContext ctx)
   à System.Windows.Media.Visual.UpdateChildren(RenderContext ctx, ResourceHandle handle)
   à System.Windows.Media.Visual.RenderRecursive(RenderContext ctx)
   à System.Windows.Media.Visual.UpdateChildren(RenderContext ctx, ResourceHandle handle)
   à System.Windows.Media.Visual.RenderRecursive(RenderContext ctx)
   à System.Windows.Media.Visual.UpdateChildren(RenderContext ctx, ResourceHandle handle)
   à System.Windows.Media.Visual.RenderRecursive(RenderContext ctx)
   à System.Windows.Media.Visual.UpdateChildren(RenderContext ctx, ResourceHandle handle)
   à System.Windows.Media.Visual.RenderRecursive(RenderContext ctx)
   à System.Windows.Media.Visual.UpdateChildren(RenderContext ctx, ResourceHandle handle)
   à System.Windows.Media.Visual.RenderRecursive(RenderContext ctx)
   à System.Windows.Media.Visual.UpdateChildren(RenderContext ctx, ResourceHandle handle)
   à System.Windows.Media.Visual.RenderRecursive(RenderContext ctx)
   à System.Windows.Media.Visual.UpdateChildren(RenderContext ctx, ResourceHandle handle)
   à System.Windows.Media.Visual.RenderRecursive(RenderContext ctx)
   à System.Windows.Media.Visual.UpdateChildren(RenderContext ctx, ResourceHandle handle)
   à System.Windows.Media.Visual.RenderRecursive(RenderContext ctx)
   à System.Windows.Media.Visual.UpdateChildren(RenderContext ctx, ResourceHandle handle)
   à System.Windows.Media.Visual.RenderRecursive(RenderContext ctx)
   à System.Windows.Media.Visual.UpdateChildren(RenderContext ctx, ResourceHandle handle)
   à System.Windows.Media.Visual.RenderRecursive(RenderContext ctx)
   à System.Windows.Media.Visual.UpdateChildren(RenderContext ctx, ResourceHandle handle)
   à System.Windows.Media.Visual.RenderRecursive(RenderContext ctx)
   à System.Windows.Media.Visual.UpdateChildren(RenderContext ctx, ResourceHandle handle)
   à System.Windows.Media.Visual.RenderRecursive(RenderContext ctx)
   à System.Windows.Media.Visual.UpdateChildren(RenderContext ctx, ResourceHandle handle)
   à System.Windows.Media.Visual.RenderRecursive(RenderContext ctx)
   à System.Windows.Media.Visual.UpdateChildren(RenderContext ctx, ResourceHandle handle)
   à System.Windows.Media.Visual.RenderRecursive(RenderContext ctx)
   à System.Windows.Media.Visual.UpdateChildren(RenderContext ctx, ResourceHandle handle)
   à System.Windows.Media.Visual.RenderRecursive(RenderContext ctx)
   à System.Windows.Media.Visual.Render(RenderContext ctx, UInt32 childIndex)
   à System.Windows.Media.CompositionTarget.Compile(Channel channel)
   à System.Windows.Media.CompositionTarget.System.Windows.Media.ICompositionTarget.Render(Boolean inResize, Channel channel)
   à System.Windows.Media.MediaContext.Render(ICompositionTarget resizedCompositionTarget)
   à System.Windows.Media.MediaContext.RenderMessageHandlerCore(Object resizedCompositionTarget)
   à System.Windows.Media.MediaContext.RenderMessageHandler(Object resizedCompositionTarget)
   à System.Windows.Threading.ExceptionWrapper.InternalRealCall(Delegate callback, Object args, Int32 numArgs)
   à System.Windows.Threading.ExceptionWrapper.TryCatchWhen(Object source, Delegate callback, Object args, Int32 numArgs, Delegate catchHandler)
8|2017-07-21 14:25:04.5889|FATAL||My.CoachManager.CrossCutting.Logging.Supervision.Logger|System.InvalidOperationException: '#99017BCD' n'est pas une valeur valide pour la propriété 'Color'.
   à System.Windows.DependencyObject.GetEffectiveValue(EntryIndex entryIndex, DependencyProperty dp, RequestFlags requests)
   à System.Windows.DependencyObject.GetValueEntry(EntryIndex entryIndex, DependencyProperty dp, PropertyMetadata metadata, RequestFlags requests)
   à System.Windows.DependencyObject.GetValue(DependencyProperty dp)
   à System.Windows.Media.SolidColorBrush.get_Color()
   à System.Windows.Media.SolidColorBrush.UpdateResource(Channel channel, Boolean skipOnChannelCheck)
   à System.Windows.Media.SolidColorBrush.AddRefOnChannelCore(Channel channel)
   à System.Windows.Media.Brush.System.Windows.Media.Composition.DUCE.IResource.AddRefOnChannel(Channel channel)
   à System.Windows.Media.RenderData.System.Windows.Media.Composition.DUCE.IResource.AddRefOnChannel(Channel channel)
   à System.Windows.UIElement.RenderContent(RenderContext ctx, Boolean isOnChannel)
   à System.Windows.Media.Visual.RenderRecursive(RenderContext ctx)
   à System.Windows.Media.Visual.UpdateChildren(RenderContext ctx, ResourceHandle handle)
   à System.Windows.Media.Visual.RenderRecursive(RenderContext ctx)
   à System.Windows.Media.Visual.UpdateChildren(RenderContext ctx, ResourceHandle handle)
   à System.Windows.Media.Visual.RenderRecursive(RenderContext ctx)
   à System.Windows.Media.Visual.UpdateChildren(RenderContext ctx, ResourceHandle handle)
   à System.Windows.Media.Visual.RenderRecursive(RenderContext ctx)
   à System.Windows.Media.Visual.UpdateChildren(RenderContext ctx, ResourceHandle handle)
   à System.Windows.Media.Visual.RenderRecursive(RenderContext ctx)
   à System.Windows.Media.Visual.UpdateChildren(RenderContext ctx, ResourceHandle handle)
   à System.Windows.Media.Visual.RenderRecursive(RenderContext ctx)
   à System.Windows.Media.Visual.UpdateChildren(RenderContext ctx, ResourceHandle handle)
   à System.Windows.Media.Visual.RenderRecursive(RenderContext ctx)
   à System.Windows.Media.Visual.UpdateChildren(RenderContext ctx, ResourceHandle handle)
   à System.Windows.Media.Visual.RenderRecursive(RenderContext ctx)
   à System.Windows.Media.Visual.UpdateChildren(RenderContext ctx, ResourceHandle handle)
   à System.Windows.Media.Visual.RenderRecursive(RenderContext ctx)
   à System.Windows.Media.Visual.UpdateChildren(RenderContext ctx, ResourceHandle handle)
   à System.Windows.Media.Visual.RenderRecursive(RenderContext ctx)
   à System.Windows.Media.Visual.UpdateChildren(RenderContext ctx, ResourceHandle handle)
   à System.Windows.Media.Visual.RenderRecursive(RenderContext ctx)
   à System.Windows.Media.Visual.UpdateChildren(RenderContext ctx, ResourceHandle handle)
   à System.Windows.Media.Visual.RenderRecursive(RenderContext ctx)
   à System.Windows.Media.Visual.UpdateChildren(RenderContext ctx, ResourceHandle handle)
   à System.Windows.Media.Visual.RenderRecursive(RenderContext ctx)
   à System.Windows.Media.Visual.UpdateChildren(RenderContext ctx, ResourceHandle handle)
   à System.Windows.Media.Visual.RenderRecursive(RenderContext ctx)
   à System.Windows.Media.Visual.UpdateChildren(RenderContext ctx, ResourceHandle handle)
   à System.Windows.Media.Visual.RenderRecursive(RenderContext ctx)
   à System.Windows.Media.Visual.UpdateChildren(RenderContext ctx, ResourceHandle handle)
   à System.Windows.Media.Visual.RenderRecursive(RenderContext ctx)
   à System.Windows.Media.Visual.UpdateChildren(RenderContext ctx, ResourceHandle handle)
   à System.Windows.Media.Visual.RenderRecursive(RenderContext ctx)
   à System.Windows.Media.Visual.UpdateChildren(RenderContext ctx, ResourceHandle handle)
   à System.Windows.Media.Visual.RenderRecursive(RenderContext ctx)
   à System.Windows.Media.Visual.UpdateChildren(RenderContext ctx, ResourceHandle handle)
   à System.Windows.Media.Visual.RenderRecursive(RenderContext ctx)
   à System.Windows.Media.Visual.UpdateChildren(RenderContext ctx, ResourceHandle handle)
   à System.Windows.Media.Visual.RenderRecursive(RenderContext ctx)
   à System.Windows.Media.Visual.UpdateChildren(RenderContext ctx, ResourceHandle handle)
   à System.Windows.Media.Visual.RenderRecursive(RenderContext ctx)
   à System.Windows.Media.Visual.UpdateChildren(RenderContext ctx, ResourceHandle handle)
   à System.Windows.Media.Visual.RenderRecursive(RenderContext ctx)
   à System.Windows.Media.Visual.UpdateChildren(RenderContext ctx, ResourceHandle handle)
   à System.Windows.Media.Visual.RenderRecursive(RenderContext ctx)
   à System.Windows.Media.Visual.UpdateChildren(RenderContext ctx, ResourceHandle handle)
   à System.Windows.Media.Visual.RenderRecursive(RenderContext ctx)
   à System.Windows.Media.Visual.UpdateChildren(RenderContext ctx, ResourceHandle handle)
   à System.Windows.Media.Visual.RenderRecursive(RenderContext ctx)
   à System.Windows.Media.Visual.UpdateChildren(RenderContext ctx, ResourceHandle handle)
   à System.Windows.Media.Visual.RenderRecursive(RenderContext ctx)
   à System.Windows.Media.Visual.UpdateChildren(RenderContext ctx, ResourceHandle handle)
   à System.Windows.Media.Visual.RenderRecursive(RenderContext ctx)
   à System.Windows.Media.Visual.Render(RenderContext ctx, UInt32 childIndex)
   à System.Windows.Media.CompositionTarget.Compile(Channel channel)
   à System.Windows.Media.CompositionTarget.System.Windows.Media.ICompositionTarget.Render(Boolean inResize, Channel channel)
   à System.Windows.Media.MediaContext.Render(ICompositionTarget resizedCompositionTarget)
   à System.Windows.Media.MediaContext.RenderMessageHandlerCore(Object resizedCompositionTarget)
   à System.Windows.Media.MediaContext.RenderMessageHandler(Object resizedCompositionTarget)
   à System.Windows.Threading.ExceptionWrapper.InternalRealCall(Delegate callback, Object args, Int32 numArgs)
   à System.Windows.Threading.ExceptionWrapper.TryCatchWhen(Object source, Delegate callback, Object args, Int32 numArgs, Delegate catchHandler)
8|2017-07-21 14:26:35.4300|FATAL||My.CoachManager.CrossCutting.Logging.Supervision.Logger|System.Windows.Markup.XamlParseException: L'initialisation de 'Elysium.Controls.ToggleCommandButton' a levé une exception. ---> System.InvalidOperationException: Les membres de la collection Triggers doivent être de type EventTrigger.
   à System.Windows.EventTrigger.ProcessOneTrigger(FrameworkElement triggersHost, TriggerBase triggerBase)
   à System.Windows.EventTrigger.ProcessTriggerCollection(FrameworkElement triggersHost)
   à System.Windows.FrameworkElement.TryFireInitialized()
   à System.Windows.FrameworkElement.EndInit()
   à MS.Internal.Xaml.Runtime.ClrObjectRuntime.InitializationGuard(XamlType xamlType, Object obj, Boolean begin)
   --- Fin de la trace de la pile d'exception interne ---
   à System.Windows.FrameworkTemplate.LoadTemplateXaml(XamlReader templateReader, XamlObjectWriter currentWriter)
   à System.Windows.FrameworkTemplate.LoadTemplateXaml(XamlObjectWriter objectWriter)
   à System.Windows.FrameworkTemplate.LoadOptimizedTemplateContent(DependencyObject container, IComponentConnector componentConnector, IStyleConnector styleConnector, List`1 affectedChildren, UncommonField`1 templatedNonFeChildrenField)
   à System.Windows.FrameworkTemplate.LoadContent(DependencyObject container, List`1 affectedChildren)
   à System.Windows.StyleHelper.ApplyTemplateContent(UncommonField`1 dataField, DependencyObject container, FrameworkElementFactory templateRoot, Int32 lastChildIndex, HybridDictionary childIndexFromChildID, FrameworkTemplate frameworkTemplate)
   à System.Windows.FrameworkTemplate.ApplyTemplateContent(UncommonField`1 templateDataField, FrameworkElement container)
   à System.Windows.FrameworkElement.ApplyTemplate()
   à System.Windows.FrameworkElement.MeasureCore(Size availableSize)
   à System.Windows.UIElement.Measure(Size availableSize)
   à MS.Internal.Helper.MeasureElementWithSingleChild(UIElement element, Size constraint)
   à System.Windows.Controls.ContentPresenter.MeasureOverride(Size constraint)
   à System.Windows.FrameworkElement.MeasureCore(Size availableSize)
   à System.Windows.UIElement.Measure(Size availableSize)
   à System.Windows.ContextLayoutManager.UpdateLayout()
   à System.Windows.ContextLayoutManager.UpdateLayoutCallback(Object arg)
   à System.Windows.Media.MediaContext.InvokeOnRenderCallback.DoWork()
   à System.Windows.Media.MediaContext.FireInvokeOnRenderCallbacks()
   à System.Windows.Media.MediaContext.RenderMessageHandlerCore(Object resizedCompositionTarget)
   à System.Windows.Media.MediaContext.RenderMessageHandler(Object resizedCompositionTarget)
   à System.Windows.Threading.ExceptionWrapper.InternalRealCall(Delegate callback, Object args, Int32 numArgs)
   à System.Windows.Threading.ExceptionWrapper.TryCatchWhen(Object source, Delegate callback, Object args, Int32 numArgs, Delegate catchHandler)
8|2017-07-21 17:04:38.7726|FATAL||My.CoachManager.CrossCutting.Logging.Supervision.Logger|System.NullReferenceException: La référence d'objet n'est pas définie à une instance d'un objet.
   à My.CoachManager.Presentation.Services.AppearanceService.get_Accent() dans c:\Users\E0214719\Documents\Visual Studio 2012\Projects\CoachManager\My.CoachManager.Presentation\Services\AppearanceService.cs:ligne 70
   à My.CoachManager.Presentation.Services.AppearanceService.set_Accent(String value) dans c:\Users\E0214719\Documents\Visual Studio 2012\Projects\CoachManager\My.CoachManager.Presentation\Services\AppearanceService.cs:ligne 73
   à My.CoachManager.Presentation.AppBoostrapper.<OnStartup>d__a.MoveNext() dans c:\Users\E0214719\Documents\Visual Studio 2012\Projects\CoachManager\My.CoachManager.Presentation\AppBootstrapper.cs:ligne 32
--- Fin de la trace de la pile à partir de l'emplacement précédent au niveau duquel l'exception a été levée ---
   à System.Runtime.CompilerServices.AsyncMethodBuilderCore.<>c.<ThrowAsync>b__6_0(Object state)
   à System.Windows.Threading.ExceptionWrapper.InternalRealCall(Delegate callback, Object args, Int32 numArgs)
   à System.Windows.Threading.ExceptionWrapper.TryCatchWhen(Object source, Delegate callback, Object args, Int32 numArgs, Delegate catchHandler)
8|2017-07-21 17:11:29.2286|FATAL||My.CoachManager.CrossCutting.Logging.Supervision.Logger|System.Windows.Markup.XamlParseException: L'initialisation de 'Elysium.Controls.ToggleCommandButton' a levé une exception. ---> System.InvalidOperationException: Les membres de la collection Triggers doivent être de type EventTrigger.
   à System.Windows.EventTrigger.ProcessOneTrigger(FrameworkElement triggersHost, TriggerBase triggerBase)
   à System.Windows.EventTrigger.ProcessTriggerCollection(FrameworkElement triggersHost)
   à System.Windows.FrameworkElement.TryFireInitialized()
   à System.Windows.FrameworkElement.EndInit()
   à MS.Internal.Xaml.Runtime.ClrObjectRuntime.InitializationGuard(XamlType xamlType, Object obj, Boolean begin)
   --- Fin de la trace de la pile d'exception interne ---
   à System.Windows.FrameworkTemplate.LoadTemplateXaml(XamlReader templateReader, XamlObjectWriter currentWriter)
   à System.Windows.FrameworkTemplate.LoadTemplateXaml(XamlObjectWriter objectWriter)
   à System.Windows.FrameworkTemplate.LoadOptimizedTemplateContent(DependencyObject container, IComponentConnector componentConnector, IStyleConnector styleConnector, List`1 affectedChildren, UncommonField`1 templatedNonFeChildrenField)
   à System.Windows.FrameworkTemplate.LoadContent(DependencyObject container, List`1 affectedChildren)
   à System.Windows.StyleHelper.ApplyTemplateContent(UncommonField`1 dataField, DependencyObject container, FrameworkElementFactory templateRoot, Int32 lastChildIndex, HybridDictionary childIndexFromChildID, FrameworkTemplate frameworkTemplate)
   à System.Windows.FrameworkTemplate.ApplyTemplateContent(UncommonField`1 templateDataField, FrameworkElement container)
   à System.Windows.FrameworkElement.ApplyTemplate()
   à System.Windows.FrameworkElement.MeasureCore(Size availableSize)
   à System.Windows.UIElement.Measure(Size availableSize)
   à MS.Internal.Helper.MeasureElementWithSingleChild(UIElement element, Size constraint)
   à System.Windows.Controls.ContentPresenter.MeasureOverride(Size constraint)
   à System.Windows.FrameworkElement.MeasureCore(Size availableSize)
   à System.Windows.UIElement.Measure(Size availableSize)
   à System.Windows.Controls.Grid.MeasureOverride(Size constraint)
   à System.Windows.FrameworkElement.MeasureCore(Size availableSize)
   à System.Windows.UIElement.Measure(Size availableSize)
   à System.Windows.Controls.Border.MeasureOverride(Size constraint)
   à System.Windows.FrameworkElement.MeasureCore(Size availableSize)
   à System.Windows.UIElement.Measure(Size availableSize)
   à System.Windows.Controls.Control.MeasureOverride(Size constraint)
   à System.Windows.FrameworkElement.MeasureCore(Size availableSize)
   à System.Windows.UIElement.Measure(Size availableSize)
   à System.Windows.Controls.Grid.MeasureCell(Int32 cell, Boolean forceInfinityV)
   à System.Windows.Controls.Grid.MeasureCellsGroup(Int32 cellsHead, Size referenceSize, Boolean ignoreDesiredSizeU, Boolean forceInfinityV, Boolean& hasDesiredSizeUChanged)
   à System.Windows.Controls.Grid.MeasureCellsGroup(Int32 cellsHead, Size referenceSize, Boolean ignoreDesiredSizeU, Boolean forceInfinityV)
   à System.Windows.Controls.Grid.MeasureOverride(Size constraint)
   à System.Windows.FrameworkElement.MeasureCore(Size availableSize)
   à System.Windows.UIElement.Measure(Size availableSize)
   à System.Windows.ContextLayoutManager.UpdateLayout()
   à System.Windows.ContextLayoutManager.UpdateLayoutCallback(Object arg)
   à System.Windows.Media.MediaContext.InvokeOnRenderCallback.DoWork()
   à System.Windows.Media.MediaContext.FireInvokeOnRenderCallbacks()
   à System.Windows.Media.MediaContext.RenderMessageHandlerCore(Object resizedCompositionTarget)
   à System.Windows.Media.MediaContext.RenderMessageHandler(Object resizedCompositionTarget)
   à System.Windows.Threading.ExceptionWrapper.InternalRealCall(Delegate callback, Object args, Int32 numArgs)
   à System.Windows.Threading.ExceptionWrapper.TryCatchWhen(Object source, Delegate callback, Object args, Int32 numArgs, Delegate catchHandler)
7|2017-07-21 17:18:02.8476|FATAL||My.CoachManager.CrossCutting.Logging.Supervision.Logger|System.Windows.Markup.XamlParseException: L'initialisation de 'Elysium.Controls.ToggleCommandButton' a levé une exception. ---> System.InvalidOperationException: Les membres de la collection Triggers doivent être de type EventTrigger.
   à System.Windows.EventTrigger.ProcessOneTrigger(FrameworkElement triggersHost, TriggerBase triggerBase)
   à System.Windows.EventTrigger.ProcessTriggerCollection(FrameworkElement triggersHost)
   à System.Windows.FrameworkElement.TryFireInitialized()
   à System.Windows.FrameworkElement.EndInit()
   à MS.Internal.Xaml.Runtime.ClrObjectRuntime.InitializationGuard(XamlType xamlType, Object obj, Boolean begin)
   --- Fin de la trace de la pile d'exception interne ---
   à System.Windows.FrameworkTemplate.LoadTemplateXaml(XamlReader templateReader, XamlObjectWriter currentWriter)
   à System.Windows.FrameworkTemplate.LoadTemplateXaml(XamlObjectWriter objectWriter)
   à System.Windows.FrameworkTemplate.LoadOptimizedTemplateContent(DependencyObject container, IComponentConnector componentConnector, IStyleConnector styleConnector, List`1 affectedChildren, UncommonField`1 templatedNonFeChildrenField)
   à System.Windows.FrameworkTemplate.LoadContent(DependencyObject container, List`1 affectedChildren)
   à System.Windows.StyleHelper.ApplyTemplateContent(UncommonField`1 dataField, DependencyObject container, FrameworkElementFactory templateRoot, Int32 lastChildIndex, HybridDictionary childIndexFromChildID, FrameworkTemplate frameworkTemplate)
   à System.Windows.FrameworkTemplate.ApplyTemplateContent(UncommonField`1 templateDataField, FrameworkElement container)
   à System.Windows.FrameworkElement.ApplyTemplate()
   à System.Windows.FrameworkElement.MeasureCore(Size availableSize)
   à System.Windows.UIElement.Measure(Size availableSize)
   à MS.Internal.Helper.MeasureElementWithSingleChild(UIElement element, Size constraint)
   à System.Windows.Controls.ContentPresenter.MeasureOverride(Size constraint)
   à System.Windows.FrameworkElement.MeasureCore(Size availableSize)
   à System.Windows.UIElement.Measure(Size availableSize)
   à System.Windows.Controls.Grid.MeasureOverride(Size constraint)
   à System.Windows.FrameworkElement.MeasureCore(Size availableSize)
   à System.Windows.UIElement.Measure(Size availableSize)
   à System.Windows.Controls.Border.MeasureOverride(Size constraint)
   à System.Windows.FrameworkElement.MeasureCore(Size availableSize)
   à System.Windows.UIElement.Measure(Size availableSize)
   à System.Windows.Controls.Control.MeasureOverride(Size constraint)
   à System.Windows.FrameworkElement.MeasureCore(Size availableSize)
   à System.Windows.UIElement.Measure(Size availableSize)
   à System.Windows.Controls.Grid.MeasureCell(Int32 cell, Boolean forceInfinityV)
   à System.Windows.Controls.Grid.MeasureCellsGroup(Int32 cellsHead, Size referenceSize, Boolean ignoreDesiredSizeU, Boolean forceInfinityV, Boolean& hasDesiredSizeUChanged)
   à System.Windows.Controls.Grid.MeasureCellsGroup(Int32 cellsHead, Size referenceSize, Boolean ignoreDesiredSizeU, Boolean forceInfinityV)
   à System.Windows.Controls.Grid.MeasureOverride(Size constraint)
   à System.Windows.FrameworkElement.MeasureCore(Size availableSize)
   à System.Windows.UIElement.Measure(Size availableSize)
   à System.Windows.ContextLayoutManager.UpdateLayout()
   à System.Windows.ContextLayoutManager.UpdateLayoutCallback(Object arg)
   à System.Windows.Media.MediaContext.InvokeOnRenderCallback.DoWork()
   à System.Windows.Media.MediaContext.FireInvokeOnRenderCallbacks()
   à System.Windows.Media.MediaContext.RenderMessageHandlerCore(Object resizedCompositionTarget)
   à System.Windows.Media.MediaContext.RenderMessageHandler(Object resizedCompositionTarget)
   à System.Windows.Threading.ExceptionWrapper.InternalRealCall(Delegate callback, Object args, Int32 numArgs)
   à System.Windows.Threading.ExceptionWrapper.TryCatchWhen(Object source, Delegate callback, Object args, Int32 numArgs, Delegate catchHandler)
8|2017-07-21 17:23:23.7636|FATAL||My.CoachManager.CrossCutting.Logging.Supervision.Logger|System.Windows.Markup.XamlParseException: L'initialisation de 'Elysium.Controls.ToggleCommandButton' a levé une exception. ---> System.InvalidOperationException: Les membres de la collection Triggers doivent être de type EventTrigger.
   à System.Windows.EventTrigger.ProcessOneTrigger(FrameworkElement triggersHost, TriggerBase triggerBase)
   à System.Windows.EventTrigger.ProcessTriggerCollection(FrameworkElement triggersHost)
   à System.Windows.FrameworkElement.TryFireInitialized()
   à System.Windows.FrameworkElement.EndInit()
   à MS.Internal.Xaml.Runtime.ClrObjectRuntime.InitializationGuard(XamlType xamlType, Object obj, Boolean begin)
   --- Fin de la trace de la pile d'exception interne ---
   à System.Windows.FrameworkTemplate.LoadTemplateXaml(XamlReader templateReader, XamlObjectWriter currentWriter)
   à System.Windows.FrameworkTemplate.LoadTemplateXaml(XamlObjectWriter objectWriter)
   à System.Windows.FrameworkTemplate.LoadOptimizedTemplateContent(DependencyObject container, IComponentConnector componentConnector, IStyleConnector styleConnector, List`1 affectedChildren, UncommonField`1 templatedNonFeChildrenField)
   à System.Windows.FrameworkTemplate.LoadContent(DependencyObject container, List`1 affectedChildren)
   à System.Windows.StyleHelper.ApplyTemplateContent(UncommonField`1 dataField, DependencyObject container, FrameworkElementFactory templateRoot, Int32 lastChildIndex, HybridDictionary childIndexFromChildID, FrameworkTemplate frameworkTemplate)
   à System.Windows.FrameworkTemplate.ApplyTemplateContent(UncommonField`1 templateDataField, FrameworkElement container)
   à System.Windows.FrameworkElement.ApplyTemplate()
   à System.Windows.FrameworkElement.MeasureCore(Size availableSize)
   à System.Windows.UIElement.Measure(Size availableSize)
   à MS.Internal.Helper.MeasureElementWithSingleChild(UIElement element, Size constraint)
   à System.Windows.Controls.ContentPresenter.MeasureOverride(Size constraint)
   à System.Windows.FrameworkElement.MeasureCore(Size availableSize)
   à System.Windows.UIElement.Measure(Size availableSize)
   à System.Windows.Controls.Grid.MeasureOverride(Size constraint)
   à System.Windows.FrameworkElement.MeasureCore(Size availableSize)
   à System.Windows.UIElement.Measure(Size availableSize)
   à System.Windows.Controls.Border.MeasureOverride(Size constraint)
   à System.Windows.FrameworkElement.MeasureCore(Size availableSize)
   à System.Windows.UIElement.Measure(Size availableSize)
   à System.Windows.Controls.Control.MeasureOverride(Size constraint)
   à System.Windows.FrameworkElement.MeasureCore(Size availableSize)
   à System.Windows.UIElement.Measure(Size availableSize)
   à System.Windows.Controls.Grid.MeasureCell(Int32 cell, Boolean forceInfinityV)
   à System.Windows.Controls.Grid.MeasureCellsGroup(Int32 cellsHead, Size referenceSize, Boolean ignoreDesiredSizeU, Boolean forceInfinityV, Boolean& hasDesiredSizeUChanged)
   à System.Windows.Controls.Grid.MeasureCellsGroup(Int32 cellsHead, Size referenceSize, Boolean ignoreDesiredSizeU, Boolean forceInfinityV)
   à System.Windows.Controls.Grid.MeasureOverride(Size constraint)
   à System.Windows.FrameworkElement.MeasureCore(Size availableSize)
   à System.Windows.UIElement.Measure(Size availableSize)
   à System.Windows.Controls.Grid.MeasureCell(Int32 cell, Boolean forceInfinityV)
   à System.Windows.Controls.Grid.MeasureCellsGroup(Int32 cellsHead, Size referenceSize, Boolean ignoreDesiredSizeU, Boolean forceInfinityV, Boolean& hasDesiredSizeUChanged)
   à System.Windows.Controls.Grid.MeasureCellsGroup(Int32 cellsHead, Size referenceSize, Boolean ignoreDesiredSizeU, Boolean forceInfinityV)
   à System.Windows.Controls.Grid.MeasureOverride(Size constraint)
   à System.Windows.FrameworkElement.MeasureCore(Size availableSize)
   à System.Windows.UIElement.Measure(Size availableSize)
   à MS.Internal.Helper.MeasureElementWithSingleChild(UIElement element, Size constraint)
   à System.Windows.Controls.ContentPresenter.MeasureOverride(Size constraint)
   à System.Windows.FrameworkElement.MeasureCore(Size availableSize)
   à System.Windows.UIElement.Measure(Size availableSize)
   à System.Windows.Controls.Border.MeasureOverride(Size constraint)
   à System.Windows.FrameworkElement.MeasureCore(Size availableSize)
   à System.Windows.UIElement.Measure(Size availableSize)
   à System.Windows.Controls.Control.MeasureOverride(Size constraint)
   à System.Windows.FrameworkElement.MeasureCore(Size availableSize)
   à System.Windows.UIElement.Measure(Size availableSize)
   à MS.Internal.Helper.MeasureElementWithSingleChild(UIElement element, Size constraint)
   à System.Windows.Controls.ContentPresenter.MeasureOverride(Size constraint)
   à System.Windows.FrameworkElement.MeasureCore(Size availableSize)
   à System.Windows.UIElement.Measure(Size availableSize)
   à System.Windows.Controls.Grid.MeasureOverride(Size constraint)
   à System.Windows.FrameworkElement.MeasureCore(Size availableSize)
   à System.Windows.UIElement.Measure(Size availableSize)
   à System.Windows.Controls.Border.MeasureOverride(Size constraint)
   à System.Windows.FrameworkElement.MeasureCore(Size availableSize)
   à System.Windows.UIElement.Measure(Size availableSize)
   à System.Windows.Controls.Control.MeasureOverride(Size constraint)
   à System.Windows.FrameworkElement.MeasureCore(Size availableSize)
   à System.Windows.UIElement.Measure(Size availableSize)
   à System.Windows.Controls.Grid.MeasureOverride(Size constraint)
   à System.Windows.FrameworkElement.MeasureCore(Size availableSize)
   à System.Windows.UIElement.Measure(Size availableSize)
   à MS.Internal.Helper.MeasureElementWithSingleChild(UIElement element, Size constraint)
   à System.Windows.Controls.ContentPresenter.MeasureOverride(Size constraint)
   à System.Windows.FrameworkElement.MeasureCore(Size availableSize)
   à System.Windows.UIElement.Measure(Size availableSize)
   à MS.Internal.Helper.MeasureElementWithSingleChild(UIElement element, Size constraint)
   à System.Windows.Controls.ContentPresenter.MeasureOverride(Size constraint)
   à System.Windows.FrameworkElement.MeasureCore(Size availableSize)
   à System.Windows.UIElement.Measure(Size availableSize)
   à System.Windows.Documents.AdornerDecorator.MeasureOverride(Size constraint)
   à System.Windows.FrameworkElement.MeasureCore(Size availableSize)
   à System.Windows.UIElement.Measure(Size availableSize)
   à System.Windows.Controls.Grid.MeasureOverride(Size constraint)
   à System.Windows.FrameworkElement.MeasureCore(Size availableSize)
   à System.Windows.UIElement.Measure(Size availableSize)
   à System.Windows.Controls.Control.MeasureOverride(Size constraint)
   à System.Windows.FrameworkElement.MeasureCore(Size availableSize)
   à System.Windows.UIElement.Measure(Size availableSize)
   à System.Windows.Controls.Grid.MeasureCell(Int32 cell, Boolean forceInfinityV)
   à System.Windows.Controls.Grid.MeasureCellsGroup(Int32 cellsHead, Size referenceSize, Boolean ignoreDesiredSizeU, Boolean forceInfinityV, Boolean& hasDesiredSizeUChanged)
   à System.Windows.Controls.Grid.MeasureCellsGroup(Int32 cellsHead, Size referenceSize, Boolean ignoreDesiredSizeU, Boolean forceInfinityV)
   à System.Windows.Controls.Grid.MeasureOverride(Size constraint)
   à System.Windows.FrameworkElement.MeasureCore(Size availableSize)
   à System.Windows.UIElement.Measure(Size availableSize)
   à System.Windows.Documents.AdornerDecorator.MeasureOverride(Size constraint)
   à System.Windows.FrameworkElement.MeasureCore(Size availableSize)
   à System.Windows.UIElement.Measure(Size availableSize)
   à System.Windows.Controls.Grid.MeasureOverride(Size constraint)
   à System.Windows.FrameworkElement.MeasureCore(Size availableSize)
   à System.Windows.UIElement.Measure(Size availableSize)
   à System.Windows.Window.MeasureOverrideHelper(Size constraint)
   à System.Windows.Window.MeasureOverride(Size availableSize)
   à System.Windows.FrameworkElement.MeasureCore(Size availableSize)
   à System.Windows.UIElement.Measure(Size availableSize)
   à System.Windows.ContextLayoutManager.UpdateLayout()
   à System.Windows.ContextLayoutManager.UpdateLayoutCallback(Object arg)
   à System.Windows.Media.MediaContext.InvokeOnRenderCallback.DoWork()
   à System.Windows.Media.MediaContext.FireInvokeOnRenderCallbacks()
   à System.Windows.Media.MediaContext.RenderMessageHandlerCore(Object resizedCompositionTarget)
   à System.Windows.Media.MediaContext.RenderMessageHandler(Object resizedCompositionTarget)
   à System.Windows.Threading.ExceptionWrapper.InternalRealCall(Delegate callback, Object args, Int32 numArgs)
   à System.Windows.Threading.ExceptionWrapper.TryCatchWhen(Object source, Delegate callback, Object args, Int32 numArgs, Delegate catchHandler)
8|2017-07-21 17:36:53.3476|FATAL||My.CoachManager.CrossCutting.Logging.Supervision.Logger|System.Windows.Markup.XamlParseException: L'initialisation de 'Elysium.Controls.ToggleCommandButton' a levé une exception. ---> System.InvalidOperationException: Les membres de la collection Triggers doivent être de type EventTrigger.
   à System.Windows.EventTrigger.ProcessOneTrigger(FrameworkElement triggersHost, TriggerBase triggerBase)
   à System.Windows.EventTrigger.ProcessTriggerCollection(FrameworkElement triggersHost)
   à System.Windows.FrameworkElement.TryFireInitialized()
   à System.Windows.FrameworkElement.EndInit()
   à MS.Internal.Xaml.Runtime.ClrObjectRuntime.InitializationGuard(XamlType xamlType, Object obj, Boolean begin)
   --- Fin de la trace de la pile d'exception interne ---
   à System.Windows.FrameworkTemplate.LoadTemplateXaml(XamlReader templateReader, XamlObjectWriter currentWriter)
   à System.Windows.FrameworkTemplate.LoadTemplateXaml(XamlObjectWriter objectWriter)
   à System.Windows.FrameworkTemplate.LoadOptimizedTemplateContent(DependencyObject container, IComponentConnector componentConnector, IStyleConnector styleConnector, List`1 affectedChildren, UncommonField`1 templatedNonFeChildrenField)
   à System.Windows.FrameworkTemplate.LoadContent(DependencyObject container, List`1 affectedChildren)
   à System.Windows.StyleHelper.ApplyTemplateContent(UncommonField`1 dataField, DependencyObject container, FrameworkElementFactory templateRoot, Int32 lastChildIndex, HybridDictionary childIndexFromChildID, FrameworkTemplate frameworkTemplate)
   à System.Windows.FrameworkTemplate.ApplyTemplateContent(UncommonField`1 templateDataField, FrameworkElement container)
   à System.Windows.FrameworkElement.ApplyTemplate()
   à System.Windows.FrameworkElement.MeasureCore(Size availableSize)
   à System.Windows.UIElement.Measure(Size availableSize)
   à MS.Internal.Helper.MeasureElementWithSingleChild(UIElement element, Size constraint)
   à System.Windows.Controls.ContentPresenter.MeasureOverride(Size constraint)
   à System.Windows.FrameworkElement.MeasureCore(Size availableSize)
   à System.Windows.UIElement.Measure(Size availableSize)
   à System.Windows.Controls.Grid.MeasureOverride(Size constraint)
   à System.Windows.FrameworkElement.MeasureCore(Size availableSize)
   à System.Windows.UIElement.Measure(Size availableSize)
   à System.Windows.Controls.Border.MeasureOverride(Size constraint)
   à System.Windows.FrameworkElement.MeasureCore(Size availableSize)
   à System.Windows.UIElement.Measure(Size availableSize)
   à System.Windows.Controls.Control.MeasureOverride(Size constraint)
   à System.Windows.FrameworkElement.MeasureCore(Size availableSize)
   à System.Windows.UIElement.Measure(Size availableSize)
   à System.Windows.Controls.Grid.MeasureCell(Int32 cell, Boolean forceInfinityV)
   à System.Windows.Controls.Grid.MeasureCellsGroup(Int32 cellsHead, Size referenceSize, Boolean ignoreDesiredSizeU, Boolean forceInfinityV, Boolean& hasDesiredSizeUChanged)
   à System.Windows.Controls.Grid.MeasureCellsGroup(Int32 cellsHead, Size referenceSize, Boolean ignoreDesiredSizeU, Boolean forceInfinityV)
   à System.Windows.Controls.Grid.MeasureOverride(Size constraint)
   à System.Windows.FrameworkElement.MeasureCore(Size availableSize)
   à System.Windows.UIElement.Measure(Size availableSize)
   à System.Windows.ContextLayoutManager.UpdateLayout()
   à System.Windows.ContextLayoutManager.UpdateLayoutCallback(Object arg)
   à System.Windows.Media.MediaContext.InvokeOnRenderCallback.DoWork()
   à System.Windows.Media.MediaContext.FireInvokeOnRenderCallbacks()
   à System.Windows.Media.MediaContext.RenderMessageHandlerCore(Object resizedCompositionTarget)
   à System.Windows.Media.MediaContext.RenderMessageHandler(Object resizedCompositionTarget)
   à System.Windows.Threading.ExceptionWrapper.InternalRealCall(Delegate callback, Object args, Int32 numArgs)
   à System.Windows.Threading.ExceptionWrapper.TryCatchWhen(Object source, Delegate callback, Object args, Int32 numArgs, Delegate catchHandler)
