7|2017-07-17 16:56:34.1033|FATAL||My.CoachManager.CrossCutting.Logging.Supervision.Logger|System.ServiceModel.FaultException`1[System.ServiceModel.ExceptionDetail] : L'élément "U8" existe déjà. (le détail de l'erreur est égal à ExceptionDetail, probablement créé par IncludeExceptionDetailInFaults=True, dont la valeur est :
My.CoachManager.CrossCutting.Core.Exceptions.BusinessException: L'élément "U8" existe déjà.
   à DynamicModule.ns.Wrapped_ICategoryAppService_ad1ef5c21df9412a8ffccc7b2faed5d0.CreateCategory(CategoryDto categoryDto)
   à My.CoachManager.Services.Wcf.AdminService.CreateCategory(CategoryDto categoryDto) dans c:\Users\E0214719\Documents\Visual Studio 2012\Projects\CoachManager\My.CoachManager.Services.Wcf\AdminService.cs:ligne 39
   à SyncInvokeCreateCategory(Object , Object[] , Object[] )
   à System.ServiceModel.Dispatcher.SyncMethodInvoker.Invoke(Object instance, Object[] inputs, Object[]& outputs)
   à System.ServiceModel.Dispatcher.DispatchOperationRuntime.InvokeBegin(MessageRpc& rpc)
   à System.ServiceModel.Dispatcher.ImmutableDispatchRuntime.ProcessMessage5(MessageRpc& rpc)
   à System.ServiceModel.Dispatcher.ImmutableDispatchRuntime.ProcessMessage11(MessageRpc& rpc)
   à System.ServiceModel.Dispatch...).
7|2017-07-17 17:06:32.0041|FATAL||My.CoachManager.CrossCutting.Logging.Supervision.Logger|System.ServiceModel.FaultException`1[System.ServiceModel.ExceptionDetail] : L'élément "U12" existe déjà. (le détail de l'erreur est égal à ExceptionDetail, probablement créé par IncludeExceptionDetailInFaults=True, dont la valeur est :
My.CoachManager.CrossCutting.Core.Exceptions.BusinessException: L'élément "U12" existe déjà.
   à DynamicModule.ns.Wrapped_ICategoryAppService_68ba1575c2044b8a819317199c3574b6.CreateCategory(CategoryDto categoryDto)
   à My.CoachManager.Services.Wcf.AdminService.CreateCategory(CategoryDto categoryDto) dans c:\Users\E0214719\Documents\Visual Studio 2012\Projects\CoachManager\My.CoachManager.Services.Wcf\AdminService.cs:ligne 39
   à SyncInvokeCreateCategory(Object , Object[] , Object[] )
   à System.ServiceModel.Dispatcher.SyncMethodInvoker.Invoke(Object instance, Object[] inputs, Object[]& outputs)
   à System.ServiceModel.Dispatcher.DispatchOperationRuntime.InvokeBegin(MessageRpc& rpc)
   à System.ServiceModel.Dispatcher.ImmutableDispatchRuntime.ProcessMessage5(MessageRpc& rpc)
   à System.ServiceModel.Dispatcher.ImmutableDispatchRuntime.ProcessMessage11(MessageRpc& rpc)
   à System.ServiceModel.Dispatc...).
